<?xml version="1.0" encoding="UTF-8" ?>
<testsuite tests="2" failures="0" name="de.fiduciagad.okvp.zahlungsverkehr.prozess.freigabeprozess.test.FreigabeProzessServiceProviderTest" time="0.154" errors="2" skipped="0">
  <properties>
[...]
</properties>
  <testcase classname="de.fiduciagad.okvp.zahlungsverkehr.prozess.freigabeprozess.test.FreigabeProzessServiceProviderTest" name="index" time="0.077">
    <error message="Could not initialize plugin: interface org.mockito.plugins.MockMaker" type="java.lang.IllegalStateException">java.lang.IllegalStateException: Could not initialize plugin: interface org.mockito.plugins.MockMaker
	at org.mockito.internal.configuration.plugins.PluginLoader$1.invoke(PluginLoader.java:60)
	at com.sun.proxy.$Proxy84.getHandler(Unknown Source)
	at org.mockito.internal.util.MockUtil.isMock(MockUtil.java:81)
	at org.mockito.internal.util.DefaultMockingDetails.isMock(DefaultMockingDetails.java:35)
	at org.springframework.boot.test.mock.mockito.MockReset.get(MockReset.java:106)
	at org.springframework.boot.test.mock.mockito.ResetMocksTestExecutionListener.resetMocks(ResetMocksTestExecutionListener.java:84)
	at org.springframework.boot.test.mock.mockito.ResetMocksTestExecutionListener.resetMocks(ResetMocksTestExecutionListener.java:70)
	at org.springframework.boot.test.mock.mockito.ResetMocksTestExecutionListener.beforeTestMethod(ResetMocksTestExecutionListener.java:57)
	at org.springframework.test.context.TestContextManager.beforeTestMethod(TestContextManager.java:291)
	at org.springframework.test.context.junit4.statements.RunBeforeTestMethodCallbacks.evaluate(RunBeforeTestMethodCallbacks.java:74)
	at org.springframework.test.context.junit4.statements.RunAfterTestMethodCallbacks.evaluate(RunAfterTestMethodCallbacks.java:86)
	at org.springframework.test.context.junit4.statements.SpringRepeat.evaluate(SpringRepeat.java:84)
	at org.junit.runners.ParentRunner.runLeaf(ParentRunner.java:325)
	at org.springframework.test.context.junit4.SpringJUnit4ClassRunner.runChild(SpringJUnit4ClassRunner.java:251)
	at org.springframework.test.context.junit4.SpringJUnit4ClassRunner.runChild(SpringJUnit4ClassRunner.java:97)
	at org.junit.runners.ParentRunner$3.run(ParentRunner.java:290)
	at org.junit.runners.ParentRunner$1.schedule(ParentRunner.java:71)
	at org.junit.runners.ParentRunner.runChildren(ParentRunner.java:288)
	at org.junit.runners.ParentRunner.access$000(ParentRunner.java:58)
	at org.junit.runners.ParentRunner$2.evaluate(ParentRunner.java:268)
	at org.springframework.test.context.junit4.statements.RunBeforeTestClassCallbacks.evaluate(RunBeforeTestClassCallbacks.java:61)
	at org.springframework.test.context.junit4.statements.RunAfterTestClassCallbacks.evaluate(RunAfterTestClassCallbacks.java:70)
	at org.junit.runners.ParentRunner.run(ParentRunner.java:363)
	at org.springframework.test.context.junit4.SpringJUnit4ClassRunner.run(SpringJUnit4ClassRunner.java:190)
	at org.apache.maven.surefire.junit4.JUnit4Provider.execute(JUnit4Provider.java:252)
	at org.apache.maven.surefire.junit4.JUnit4Provider.executeTestSet(JUnit4Provider.java:141)
	at org.apache.maven.surefire.junit4.JUnit4Provider.invoke(JUnit4Provider.java:112)
	at sun.reflect.NativeMethodAccessorImpl.invoke0(Native Method)
	at sun.reflect.NativeMethodAccessorImpl.invoke(Unknown Source)
	at sun.reflect.DelegatingMethodAccessorImpl.invoke(Unknown Source)
	at java.lang.reflect.Method.invoke(Unknown Source)
	at org.apache.maven.surefire.util.ReflectionUtils.invokeMethodWithArray(ReflectionUtils.java:189)
	at org.apache.maven.surefire.booter.ProviderFactory$ProviderProxy.invoke(ProviderFactory.java:165)
	at org.apache.maven.surefire.booter.ProviderFactory.invokeProvider(ProviderFactory.java:85)
	at org.apache.maven.surefire.booter.ForkedBooter.runSuitesInProcess(ForkedBooter.java:115)
	at org.apache.maven.surefire.booter.ForkedBooter.main(ForkedBooter.java:75)
Caused by: java.lang.NoClassDefFoundError: net/bytebuddy/dynamic/loading/ClassLoadingStrategy
	at org.mockito.internal.creation.bytebuddy.SubclassByteBuddyMockMaker.&lt;init&gt;(SubclassByteBuddyMockMaker.java:33)
	at org.mockito.internal.creation.bytebuddy.ByteBuddyMockMaker.&lt;init&gt;(ByteBuddyMockMaker.java:21)
	at sun.reflect.NativeConstructorAccessorImpl.newInstance0(Native Method)
	at sun.reflect.NativeConstructorAccessorImpl.newInstance(Unknown Source)
	at sun.reflect.DelegatingConstructorAccessorImpl.newInstance(Unknown Source)
	at java.lang.reflect.Constructor.newInstance(Unknown Source)
	at java.lang.Class.newInstance(Unknown Source)
	at org.mockito.internal.configuration.plugins.DefaultMockitoPlugins.create(DefaultMockitoPlugins.java:57)
	at org.mockito.internal.configuration.plugins.DefaultMockitoPlugins.getDefaultPlugin(DefaultMockitoPlugins.java:35)
	at org.mockito.internal.configuration.plugins.PluginLoader.loadPlugin(PluginLoader.java:53)
	at org.mockito.internal.configuration.plugins.PluginRegistry.&lt;init&gt;(PluginRegistry.java:20)
	at org.mockito.internal.configuration.plugins.Plugins.&lt;clinit&gt;(Plugins.java:18)
	at org.mockito.internal.util.MockUtil.&lt;clinit&gt;(MockUtil.java:24)
	... 33 more
Caused by: java.lang.ClassNotFoundException: net.bytebuddy.dynamic.loading.ClassLoadingStrategy
	at java.net.URLClassLoader.findClass(Unknown Source)
	at java.lang.ClassLoader.loadClass(Unknown Source)
	at sun.misc.Launcher$AppClassLoader.loadClass(Unknown Source)
	at java.lang.ClassLoader.loadClass(Unknown Source)
	... 46 more
</error>
    <system-out>20:27:55.620 [main] DEBUG org.springframework.test.context.junit4.SpringJUnit4ClassRunner - SpringJUnit4ClassRunner constructor called with [class de.fiduciagad.okvp.zahlungsverkehr.prozess.freigabeprozess.test.FreigabeProzessServiceProviderTest]
20:27:55.636 [main] DEBUG org.springframework.test.context.BootstrapUtils - Instantiating CacheAwareContextLoaderDelegate from class [org.springframework.test.context.cache.DefaultCacheAwareContextLoaderDelegate]
20:27:55.636 [main] DEBUG org.springframework.test.context.BootstrapUtils - Instantiating BootstrapContext using constructor [public org.springframework.test.context.support.DefaultBootstrapContext(java.lang.Class,org.springframework.test.context.CacheAwareContextLoaderDelegate)]
20:27:55.684 [main] DEBUG org.springframework.test.context.BootstrapUtils - Instantiating TestContextBootstrapper for test class [de.fiduciagad.okvp.zahlungsverkehr.prozess.freigabeprozess.test.FreigabeProzessServiceProviderTest] from class [org.springframework.boot.test.context.SpringBootTestContextBootstrapper]
20:27:55.699 [main] INFO org.springframework.boot.test.context.SpringBootTestContextBootstrapper - Neither @ContextConfiguration nor @ContextHierarchy found for test class [de.fiduciagad.okvp.zahlungsverkehr.prozess.freigabeprozess.test.FreigabeProzessServiceProviderTest], using SpringBootContextLoader
20:27:55.699 [main] DEBUG org.springframework.test.context.support.AbstractContextLoader - Did not detect default resource location for test class [de.fiduciagad.okvp.zahlungsverkehr.prozess.freigabeprozess.test.FreigabeProzessServiceProviderTest]: class path resource [de/fiduciagad/okvp/zahlungsverkehr/prozess/freigabeprozess/test/FreigabeProzessServiceProviderTest-context.xml] does not exist
20:27:55.699 [main] DEBUG org.springframework.test.context.support.AbstractContextLoader - Did not detect default resource location for test class [de.fiduciagad.okvp.zahlungsverkehr.prozess.freigabeprozess.test.FreigabeProzessServiceProviderTest]: class path resource [de/fiduciagad/okvp/zahlungsverkehr/prozess/freigabeprozess/test/FreigabeProzessServiceProviderTestContext.groovy] does not exist
20:27:55.699 [main] INFO org.springframework.test.context.support.AbstractContextLoader - Could not detect default resource locations for test class [de.fiduciagad.okvp.zahlungsverkehr.prozess.freigabeprozess.test.FreigabeProzessServiceProviderTest]: no resource found for suffixes {-context.xml, Context.groovy}.
20:27:55.715 [main] INFO org.springframework.test.context.support.AnnotationConfigContextLoaderUtils - Could not detect default configuration classes for test class [de.fiduciagad.okvp.zahlungsverkehr.prozess.freigabeprozess.test.FreigabeProzessServiceProviderTest]: FreigabeProzessServiceProviderTest does not declare any static, non-private, non-final, nested classes annotated with @Configuration.
20:27:55.777 [main] DEBUG org.springframework.test.context.support.ActiveProfilesUtils - Could not find an &apos;annotation declaring class&apos; for annotation type [org.springframework.test.context.ActiveProfiles] and class [de.fiduciagad.okvp.zahlungsverkehr.prozess.freigabeprozess.test.FreigabeProzessServiceProviderTest]
20:27:55.793 [main] DEBUG org.springframework.core.env.StandardEnvironment - Adding PropertySource &apos;systemProperties&apos; with lowest search precedence
20:27:55.793 [main] DEBUG org.springframework.core.env.StandardEnvironment - Adding PropertySource &apos;systemEnvironment&apos; with lowest search precedence
20:27:55.793 [main] DEBUG org.springframework.core.env.StandardEnvironment - Initialized StandardEnvironment with PropertySources [MapPropertySource@439928219 {name=&apos;systemProperties&apos;, properties={java.runtime.name=Java(TM) SE Runtime Environment, sun.boot.library.path=C:\ProgramData\JAVASOFT\JRE\1.8.0\bin, java.vm.version=25.181-b25, java.vm.vendor=Oracle Corporation, java.vendor.url=http://java.oracle.com/, path.separator=;, java.vm.name=Java HotSpot(TM) 64-Bit Server VM, file.encoding.pkg=sun.io, user.country=DE, user.script=, sun.java.launcher=SUN_STANDARD, sun.os.patch.level=Service Pack 1, java.vm.specification.name=Java Virtual Machine Specification, user.dir=C:\Users\xcm1030\Documents\77_Programme\eclipse-workspace-camunda\prozess-auftragsfreigabe, java.runtime.version=1.8.0_181-b25, basedir=C:\Users\xcm1030\Documents\77_Programme\eclipse-workspace-camunda\prozess-auftragsfreigabe, java.awt.graphicsenv=sun.awt.Win32GraphicsEnvironment, java.endorsed.dirs=C:\ProgramData\JAVASOFT\JRE\1.8.0\lib\endorsed, os.arch=amd64, surefire.real.class.path=C:\Users\xcm1030\Documents\77_Programme\eclipse-workspace-camunda\prozess-auftragsfreigabe\target\surefire\surefirebooter765066053889449666.jar, java.io.tmpdir=C:\Users\xcm1030\AppData\Local\Temp\, line.separator=
, java.vm.specification.vendor=Oracle Corporation, user.variant=, os.name=Windows 7, sun.jnu.encoding=Cp1252, java.library.path=C:\ProgramData\JAVASOFT\JRE\1.8.0\bin;C:\WINDOWS\Sun\Java\bin;C:\WINDOWS\system32;C:\WINDOWS;C:/ProgramData/Javasoft/JRE/1.8.0/bin/server;C:/ProgramData/Javasoft/JRE/1.8.0/bin;C:/ProgramData/Javasoft/JRE/1.8.0/lib/amd64;C:\Program Files (x86)\Common Files\Oracle\Java\javapath;C:\Interne\Programme\Perl\site\bin;C:\Interne\Programme\Perl\bin;C:\WINDOWS\system32;C:\WINDOWS;C:\WINDOWS\System32\Wbem;C:\WINDOWS\System32\WindowsPowerShell\v1.0\;C:\WINDOWS\SysWOW64\isvTools\;C:\Windows\SysWOW64\isvTools;C:\interne\Programme\SM9333\plugins\com.hp.ov.sm.client.thirdparty_9.33.3000\lib;C:\Interne\Programme\SQLLIB\bin;C:\WINDOWS\System32\WindowsPowerShell\v1.0\;C:\WINDOWS\System32\WindowsPowerShell\v1.0\;C:\Interne\Programme\Mozilla Firefox;C:\Program Files\nodejs\;C:\Users\xcm1030\AppData\Roaming\npm;C:\Users\xcm1030\Documents\77_Programme\Git\cmd;C:\Users\xcm1030\Documents\77_Programme\eclipse-camunda\eclipse;;., surefire.test.class.path=C:\Users\xcm1030\Documents\77_Programme\eclipse-workspace-camunda\prozess-auftragsfreigabe\target\test-classes;C:\Users\xcm1030\Documents\77_Programme\eclipse-workspace-camunda\prozess-auftragsfreigabe\target\classes;C:\Users\xcm1030\.m2\repository\org\springframework\boot\spring-boot-starter-test\2.0.2.RELEASE\spring-boot-starter-test-2.0.2.RELEASE.jar;C:\Users\xcm1030\.m2\repository\org\springframework\boot\spring-boot-starter\2.0.2.RELEASE\spring-boot-starter-2.0.2.RELEASE.jar;C:\Users\xcm1030\.m2\repository\org\springframework\boot\spring-boot\2.0.2.RELEASE\spring-boot-2.0.2.RELEASE.jar;C:\Users\xcm1030\.m2\repository\org\springframework\spring-context\5.0.6.RELEASE\spring-context-5.0.6.RELEASE.jar;C:\Users\xcm1030\.m2\repository\org\springframework\spring-aop\5.0.6.RELEASE\spring-aop-5.0.6.RELEASE.jar;C:\Users\xcm1030\.m2\repository\org\springframework\spring-beans\5.0.6.RELEASE\spring-beans-5.0.6.RELEASE.jar;C:\Users\xcm1030\.m2\repository\org\springframework\spring-expression\5.0.6.RELEASE\spring-expression-5.0.6.RELEASE.jar;C:\Users\xcm1030\.m2\repository\org\springframework\boot\spring-boot-autoconfigure\2.0.2.RELEASE\spring-boot-autoconfigure-2.0.2.RELEASE.jar;C:\Users\xcm1030\.m2\repository\org\springframework\boot\spring-boot-starter-logging\2.0.2.RELEASE\spring-boot-starter-logging-2.0.2.RELEASE.jar;C:\Users\xcm1030\.m2\repository\ch\qos\logback\logback-classic\1.2.3\logback-classic-1.2.3.jar;C:\Users\xcm1030\.m2\repository\ch\qos\logback\logback-core\1.2.3\logback-core-1.2.3.jar;C:\Users\xcm1030\.m2\repository\org\apache\logging\log4j\log4j-to-slf4j\2.10.0\log4j-to-slf4j-2.10.0.jar;C:\Users\xcm1030\.m2\repository\org\apache\logging\log4j\log4j-api\2.10.0\log4j-api-2.10.0.jar;C:\Users\xcm1030\.m2\repository\org\slf4j\jul-to-slf4j\1.7.25\jul-to-slf4j-1.7.25.jar;C:\Users\xcm1030\.m2\repository\javax\annotation\javax.annotation-api\1.3.2\javax.annotation-api-1.3.2.jar;C:\Users\xcm1030\.m2\repository\org\yaml\snakeyaml\1.19\snakeyaml-1.19.jar;C:\Users\xcm1030\.m2\repository\org\springframework\boot\spring-boot-test\2.0.2.RELEASE\spring-boot-test-2.0.2.RELEASE.jar;C:\Users\xcm1030\.m2\repository\org\springframework\boot\spring-boot-test-autoconfigure\2.0.2.RELEASE\spring-boot-test-autoconfigure-2.0.2.RELEASE.jar;C:\Users\xcm1030\.m2\repository\com\jayway\jsonpath\json-path\2.4.0\json-path-2.4.0.jar;C:\Users\xcm1030\.m2\repository\net\minidev\json-smart\2.3\json-smart-2.3.jar;C:\Users\xcm1030\.m2\repository\net\minidev\accessors-smart\1.2\accessors-smart-1.2.jar;C:\Users\xcm1030\.m2\repository\org\ow2\asm\asm\5.0.4\asm-5.0.4.jar;C:\Users\xcm1030\.m2\repository\org\slf4j\slf4j-api\1.7.25\slf4j-api-1.7.25.jar;C:\Users\xcm1030\.m2\repository\junit\junit\4.12\junit-4.12.jar;C:\Users\xcm1030\.m2\repository\org\assertj\assertj-core\3.9.1\assertj-core-3.9.1.jar;C:\Users\xcm1030\.m2\repository\org\mockito\mockito-core\2.15.0\mockito-core-2.15.0.jar;C:\Users\xcm1030\.m2\repository\net\bytebuddy\byte-buddy\1.7.11\byte-buddy-1.7.11.jar;C:\Users\xcm1030\.m2\repository\net\bytebuddy\byte-buddy-agent\1.7.11\byte-buddy-agent-1.7.11.jar;C:\Users\xcm1030\.m2\repository\org\objenesis\objenesis\2.6\objenesis-2.6.jar;C:\Users\xcm1030\.m2\repository\org\hamcrest\hamcrest-core\1.3\hamcrest-core-1.3.jar;C:\Users\xcm1030\.m2\repository\org\hamcrest\hamcrest-library\1.3\hamcrest-library-1.3.jar;C:\Users\xcm1030\.m2\repository\org\skyscreamer\jsonassert\1.5.0\jsonassert-1.5.0.jar;C:\Users\xcm1030\.m2\repository\com\vaadin\external\google\android-json\0.0.20131108.vaadin1\android-json-0.0.20131108.vaadin1.jar;C:\Users\xcm1030\.m2\repository\org\springframework\spring-core\5.0.6.RELEASE\spring-core-5.0.6.RELEASE.jar;C:\Users\xcm1030\.m2\repository\org\springframework\spring-jcl\5.0.6.RELEASE\spring-jcl-5.0.6.RELEASE.jar;C:\Users\xcm1030\.m2\repository\org\springframework\spring-test\5.0.6.RELEASE\spring-test-5.0.6.RELEASE.jar;C:\Users\xcm1030\.m2\repository\org\xmlunit\xmlunit-core\2.5.1\xmlunit-core-2.5.1.jar;C:\Users\xcm1030\.m2\repository\org\camunda\bpm\springboot\camunda-bpm-spring-boot-starter-webapp\3.0.0\camunda-bpm-spring-boot-starter-webapp-3.0.0.jar;C:\Users\xcm1030\.m2\repository\org\camunda\bpm\springboot\camunda-bpm-spring-boot-starter-webapp-core\3.0.0\camunda-bpm-spring-boot-starter-webapp-core-3.0.0.jar;C:\Users\xcm1030\.m2\repository\org\camunda\bpm\springboot\camunda-bpm-spring-boot-starter\3.0.0\camunda-bpm-spring-boot-starter-3.0.0.jar;C:\Users\xcm1030\.m2\repository\org\camunda\bpm\camunda-engine-spring\7.9.0\camunda-engine-spring-7.9.0.jar;C:\Users\xcm1030\.m2\repository\org\camunda\bpm\camunda-engine\7.9.0\camunda-engine-7.9.0.jar;C:\Users\xcm1030\.m2\repository\org\camunda\bpm\model\camunda-bpmn-model\7.9.0\camunda-bpmn-model-7.9.0.jar;C:\Users\xcm1030\.m2\repository\org\camunda\bpm\model\camunda-xml-model\7.9.0\camunda-xml-model-7.9.0.jar;C:\Users\xcm1030\.m2\repository\org\camunda\bpm\model\camunda-cmmn-model\7.9.0\camunda-cmmn-model-7.9.0.jar;C:\Users\xcm1030\.m2\repository\org\camunda\bpm\dmn\camunda-engine-dmn\7.9.0\camunda-engine-dmn-7.9.0.jar;C:\Users\xcm1030\.m2\repository\org\camunda\commons\camunda-commons-utils\1.5.0\camunda-commons-utils-1.5.0.jar;C:\Users\xcm1030\.m2\repository\org\camunda\bpm\model\camunda-dmn-model\7.9.0\camunda-dmn-model-7.9.0.jar;C:\Users\xcm1030\.m2\repository\org\camunda\bpm\dmn\camunda-engine-feel-api\7.9.0\camunda-engine-feel-api-7.9.0.jar;C:\Users\xcm1030\.m2\repository\org\camunda\bpm\dmn\camunda-engine-feel-juel\7.9.0\camunda-engine-feel-juel-7.9.0.jar;C:\Users\xcm1030\.m2\repository\org\camunda\commons\camunda-commons-logging\1.5.0\camunda-commons-logging-1.5.0.jar;C:\Users\xcm1030\.m2\repository\org\camunda\commons\camunda-commons-typed-values\1.5.0\camunda-commons-typed-values-1.5.0.jar;C:\Users\xcm1030\.m2\repository\org\apache\commons\commons-email\1.5\commons-email-1.5.jar;C:\Users\xcm1030\.m2\repository\com\sun\mail\javax.mail\1.6.1\javax.mail-1.6.1.jar;C:\Users\xcm1030\.m2\repository\javax\activation\activation\1.1\activation-1.1.jar;C:\Users\xcm1030\.m2\repository\org\mybatis\mybatis\3.4.4\mybatis-3.4.4.jar;C:\Users\xcm1030\.m2\repository\joda-time\joda-time\2.9.9\joda-time-2.9.9.jar;C:\Users\xcm1030\.m2\repository\org\springframework\spring-jdbc\5.0.6.RELEASE\spring-jdbc-5.0.6.RELEASE.jar;C:\Users\xcm1030\.m2\repository\org\springframework\spring-tx\5.0.6.RELEASE\spring-tx-5.0.6.RELEASE.jar;C:\Users\xcm1030\.m2\repository\commons-lang\commons-lang\2.4\commons-lang-2.4.jar;C:\Users\xcm1030\.m2\repository\org\springframework\spring-orm\5.0.6.RELEASE\spring-orm-5.0.6.RELEASE.jar;C:\Users\xcm1030\.m2\repository\commons-dbcp\commons-dbcp\1.4\commons-dbcp-1.4.jar;C:\Users\xcm1030\.m2\repository\commons-pool\commons-pool\1.6\commons-pool-1.6.jar;C:\Users\xcm1030\.m2\repository\com\fasterxml\uuid\java-uuid-generator\3.1.2\java-uuid-generator-3.1.2.jar;C:\Users\xcm1030\.m2\repository\org\camunda\bpm\webapp\camunda-webapp\7.9.0\camunda-webapp-7.9.0-classes.jar;C:\Users\xcm1030\.m2\repository\org\camunda\bpm\camunda-engine-rest-core\7.9.0\camunda-engine-rest-core-7.9.0.jar;C:\Users\xcm1030\.m2\repository\commons-fileupload\commons-fileupload\1.3.3\commons-fileupload-1.3.3.jar;C:\Users\xcm1030\.m2\repository\commons-io\commons-io\2.2\commons-io-2.2.jar;C:\Users\xcm1030\.m2\repository\com\fasterxml\jackson\jaxrs\jackson-jaxrs-json-provider\2.9.5\jackson-jaxrs-json-provider-2.9.5.jar;C:\Users\xcm1030\.m2\repository\com\fasterxml\jackson\jaxrs\jackson-jaxrs-base\2.9.5\jackson-jaxrs-base-2.9.5.jar;C:\Users\xcm1030\.m2\repository\org\springframework\boot\spring-boot-starter-web\2.0.2.RELEASE\spring-boot-starter-web-2.0.2.RELEASE.jar;C:\Users\xcm1030\.m2\repository\org\springframework\boot\spring-boot-starter-json\2.0.2.RELEASE\spring-boot-starter-json-2.0.2.RELEASE.jar;C:\Users\xcm1030\.m2\repository\com\fasterxml\jackson\core\jackson-databind\2.9.5\jackson-databind-2.9.5.jar;C:\Users\xcm1030\.m2\repository\com\fasterxml\jackson\core\jackson-core\2.9.5\jackson-core-2.9.5.jar;C:\Users\xcm1030\.m2\repository\com\fasterxml\jackson\datatype\jackson-datatype-jdk8\2.9.5\jackson-datatype-jdk8-2.9.5.jar;C:\Users\xcm1030\.m2\repository\com\fasterxml\jackson\datatype\jackson-datatype-jsr310\2.9.5\jackson-datatype-jsr310-2.9.5.jar;C:\Users\xcm1030\.m2\repository\com\fasterxml\jackson\module\jackson-module-parameter-names\2.9.5\jackson-module-parameter-names-2.9.5.jar;C:\Users\xcm1030\.m2\repository\org\springframework\boot\spring-boot-starter-tomcat\2.0.2.RELEASE\spring-boot-starter-tomcat-2.0.2.RELEASE.jar;C:\Users\xcm1030\.m2\repository\org\apache\tomcat\embed\tomcat-embed-core\8.5.31\tomcat-embed-core-8.5.31.jar;C:\Users\xcm1030\.m2\repository\org\apache\tomcat\embed\tomcat-embed-el\8.5.31\tomcat-embed-el-8.5.31.jar;C:\Users\xcm1030\.m2\repository\org\apache\tomcat\embed\tomcat-embed-websocket\8.5.31\tomcat-embed-websocket-8.5.31.jar;C:\Users\xcm1030\.m2\repository\org\hibernate\validator\hibernate-validator\6.0.9.Final\hibernate-validator-6.0.9.Final.jar;C:\Users\xcm1030\.m2\repository\javax\validation\validation-api\2.0.1.Final\validation-api-2.0.1.Final.jar;C:\Users\xcm1030\.m2\repository\org\jboss\logging\jboss-logging\3.3.2.Final\jboss-logging-3.3.2.Final.jar;C:\Users\xcm1030\.m2\repository\com\fasterxml\classmate\1.3.4\classmate-1.3.4.jar;C:\Users\xcm1030\.m2\repository\org\springframework\spring-web\5.0.6.RELEASE\spring-web-5.0.6.RELEASE.jar;C:\Users\xcm1030\.m2\repository\org\springframework\spring-webmvc\5.0.6.RELEASE\spring-webmvc-5.0.6.RELEASE.jar;C:\Users\xcm1030\.m2\repository\org\springframework\boot\spring-boot-starter-jersey\2.0.2.RELEASE\spring-boot-starter-jersey-2.0.2.RELEASE.jar;C:\Users\xcm1030\.m2\repository\org\springframework\boot\spring-boot-starter-validation\2.0.2.RELEASE\spring-boot-starter-validation-2.0.2.RELEASE.jar;C:\Users\xcm1030\.m2\repository\org\glassfish\jersey\core\jersey-server\2.26\jersey-server-2.26.jar;C:\Users\xcm1030\.m2\repository\org\glassfish\jersey\core\jersey-common\2.26\jersey-common-2.26.jar;C:\Users\xcm1030\.m2\repository\org\glassfish\hk2\osgi-resource-locator\1.0.1\osgi-resource-locator-1.0.1.jar;C:\Users\xcm1030\.m2\repository\org\glassfish\jersey\core\jersey-client\2.26\jersey-client-2.26.jar;C:\Users\xcm1030\.m2\repository\javax\ws\rs\javax.ws.rs-api\2.1\javax.ws.rs-api-2.1.jar;C:\Users\xcm1030\.m2\repository\org\glassfish\jersey\media\jersey-media-jaxb\2.26\jersey-media-jaxb-2.26.jar;C:\Users\xcm1030\.m2\repository\org\glassfish\jersey\containers\jersey-container-servlet-core\2.26\jersey-container-servlet-core-2.26.jar;C:\Users\xcm1030\.m2\repository\org\glassfish\jersey\containers\jersey-container-servlet\2.26\jersey-container-servlet-2.26.jar;C:\Users\xcm1030\.m2\repository\org\glassfish\jersey\ext\jersey-bean-validation\2.26\jersey-bean-validation-2.26.jar;C:\Users\xcm1030\.m2\repository\org\glassfish\jersey\ext\jersey-spring4\2.26\jersey-spring4-2.26.jar;C:\Users\xcm1030\.m2\repository\org\glassfish\jersey\inject\jersey-hk2\2.26\jersey-hk2-2.26.jar;C:\Users\xcm1030\.m2\repository\org\glassfish\hk2\hk2-locator\2.5.0-b42\hk2-locator-2.5.0-b42.jar;C:\Users\xcm1030\.m2\repository\org\glassfish\hk2\external\aopalliance-repackaged\2.5.0-b42\aopalliance-repackaged-2.5.0-b42.jar;C:\Users\xcm1030\.m2\repository\org\javassist\javassist\3.22.0-CR2\javassist-3.22.0-CR2.jar;C:\Users\xcm1030\.m2\repository\org\glassfish\hk2\hk2\2.5.0-b42\hk2-2.5.0-b42.jar;C:\Users\xcm1030\.m2\repository\org\glassfish\hk2\hk2-utils\2.5.0-b42\hk2-utils-2.5.0-b42.jar;C:\Users\xcm1030\.m2\repository\javax\inject\javax.inject\1\javax.inject-1.jar;C:\Users\xcm1030\.m2\repository\org\glassfish\hk2\hk2-api\2.5.0-b42\hk2-api-2.5.0-b42.jar;C:\Users\xcm1030\.m2\repository\org\glassfish\hk2\config-types\2.5.0-b42\config-types-2.5.0-b42.jar;C:\Users\xcm1030\.m2\repository\org\glassfish\hk2\hk2-core\2.5.0-b42\hk2-core-2.5.0-b42.jar;C:\Users\xcm1030\.m2\repository\org\glassfish\hk2\hk2-config\2.5.0-b42\hk2-config-2.5.0-b42.jar;C:\Users\xcm1030\.m2\repository\org\glassfish\hk2\hk2-runlevel\2.5.0-b42\hk2-runlevel-2.5.0-b42.jar;C:\Users\xcm1030\.m2\repository\org\glassfish\hk2\class-model\2.5.0-b42\class-model-2.5.0-b42.jar;C:\Users\xcm1030\.m2\repository\org\glassfish\hk2\external\asm-all-repackaged\2.5.0-b42\asm-all-repackaged-2.5.0-b42.jar;C:\Users\xcm1030\.m2\repository\org\glassfish\hk2\spring-bridge\2.5.0-b42\spring-bridge-2.5.0-b42.jar;C:\Users\xcm1030\.m2\repository\org\glassfish\jersey\media\jersey-media-json-jackson\2.26\jersey-media-json-jackson-2.26.jar;C:\Users\xcm1030\.m2\repository\org\glassfish\jersey\ext\jersey-entity-filtering\2.26\jersey-entity-filtering-2.26.jar;C:\Users\xcm1030\.m2\repository\com\fasterxml\jackson\core\jackson-annotations\2.9.0\jackson-annotations-2.9.0.jar;C:\Users\xcm1030\.m2\repository\com\fasterxml\jackson\module\jackson-module-jaxb-annotations\2.9.5\jackson-module-jaxb-annotations-2.9.5.jar;C:\Users\xcm1030\.m2\repository\org\camunda\bpm\webapp\camunda-webapp-webjar\7.9.0\camunda-webapp-webjar-7.9.0.jar;C:\Users\xcm1030\.m2\repository\com\h2database\h2\1.4.197\h2-1.4.197.jar;, java.specification.name=Java Platform API Specification, java.class.version=52.0, sun.management.compiler=HotSpot 64-Bit Tiered Compilers, os.version=6.1, user.home=C:\Users\xcm1030, user.timezone=Europe/Berlin, java.awt.printerjob=sun.awt.windows.WPrinterJob, file.encoding=Cp1252, java.specification.version=1.8, java.class.path=C:\Users\xcm1030\Documents\77_Programme\eclipse-workspace-camunda\prozess-auftragsfreigabe\target\test-classes;C:\Users\xcm1030\Documents\77_Programme\eclipse-workspace-camunda\prozess-auftragsfreigabe\target\classes;C:\Users\xcm1030\.m2\repository\org\springframework\boot\spring-boot-starter-test\2.0.2.RELEASE\spring-boot-starter-test-2.0.2.RELEASE.jar;C:\Users\xcm1030\.m2\repository\org\springframework\boot\spring-boot-starter\2.0.2.RELEASE\spring-boot-starter-2.0.2.RELEASE.jar;C:\Users\xcm1030\.m2\repository\org\springframework\boot\spring-boot\2.0.2.RELEASE\spring-boot-2.0.2.RELEASE.jar;C:\Users\xcm1030\.m2\repository\org\springframework\spring-context\5.0.6.RELEASE\spring-context-5.0.6.RELEASE.jar;C:\Users\xcm1030\.m2\repository\org\springframework\spring-aop\5.0.6.RELEASE\spring-aop-5.0.6.RELEASE.jar;C:\Users\xcm1030\.m2\repository\org\springframework\spring-beans\5.0.6.RELEASE\spring-beans-5.0.6.RELEASE.jar;C:\Users\xcm1030\.m2\repository\org\springframework\spring-expression\5.0.6.RELEASE\spring-expression-5.0.6.RELEASE.jar;C:\Users\xcm1030\.m2\repository\org\springframework\boot\spring-boot-autoconfigure\2.0.2.RELEASE\spring-boot-autoconfigure-2.0.2.RELEASE.jar;C:\Users\xcm1030\.m2\repository\org\springframework\boot\spring-boot-starter-logging\2.0.2.RELEASE\spring-boot-starter-logging-2.0.2.RELEASE.jar;C:\Users\xcm1030\.m2\repository\ch\qos\logback\logback-classic\1.2.3\logback-classic-1.2.3.jar;C:\Users\xcm1030\.m2\repository\ch\qos\logback\logback-core\1.2.3\logback-core-1.2.3.jar;C:\Users\xcm1030\.m2\repository\org\apache\logging\log4j\log4j-to-slf4j\2.10.0\log4j-to-slf4j-2.10.0.jar;C:\Users\xcm1030\.m2\repository\org\apache\logging\log4j\log4j-api\2.10.0\log4j-api-2.10.0.jar;C:\Users\xcm1030\.m2\repository\org\slf4j\jul-to-slf4j\1.7.25\jul-to-slf4j-1.7.25.jar;C:\Users\xcm1030\.m2\repository\javax\annotation\javax.annotation-api\1.3.2\javax.annotation-api-1.3.2.jar;C:\Users\xcm1030\.m2\repository\org\yaml\snakeyaml\1.19\snakeyaml-1.19.jar;C:\Users\xcm1030\.m2\repository\org\springframework\boot\spring-boot-test\2.0.2.RELEASE\spring-boot-test-2.0.2.RELEASE.jar;C:\Users\xcm1030\.m2\repository\org\springframework\boot\spring-boot-test-autoconfigure\2.0.2.RELEASE\spring-boot-test-autoconfigure-2.0.2.RELEASE.jar;C:\Users\xcm1030\.m2\repository\com\jayway\jsonpath\json-path\2.4.0\json-path-2.4.0.jar;C:\Users\xcm1030\.m2\repository\net\minidev\json-smart\2.3\json-smart-2.3.jar;C:\Users\xcm1030\.m2\repository\net\minidev\accessors-smart\1.2\accessors-smart-1.2.jar;C:\Users\xcm1030\.m2\repository\org\ow2\asm\asm\5.0.4\asm-5.0.4.jar;C:\Users\xcm1030\.m2\repository\org\slf4j\slf4j-api\1.7.25\slf4j-api-1.7.25.jar;C:\Users\xcm1030\.m2\repository\junit\junit\4.12\junit-4.12.jar;C:\Users\xcm1030\.m2\repository\org\assertj\assertj-core\3.9.1\assertj-core-3.9.1.jar;C:\Users\xcm1030\.m2\repository\org\mockito\mockito-core\2.15.0\mockito-core-2.15.0.jar;C:\Users\xcm1030\.m2\repository\net\bytebuddy\byte-buddy\1.7.11\byte-buddy-1.7.11.jar;C:\Users\xcm1030\.m2\repository\net\bytebuddy\byte-buddy-agent\1.7.11\byte-buddy-agent-1.7.11.jar;C:\Users\xcm1030\.m2\repository\org\objenesis\objenesis\2.6\objenesis-2.6.jar;C:\Users\xcm1030\.m2\repository\org\hamcrest\hamcrest-core\1.3\hamcrest-core-1.3.jar;C:\Users\xcm1030\.m2\repository\org\hamcrest\hamcrest-library\1.3\hamcrest-library-1.3.jar;C:\Users\xcm1030\.m2\repository\org\skyscreamer\jsonassert\1.5.0\jsonassert-1.5.0.jar;C:\Users\xcm1030\.m2\repository\com\vaadin\external\google\android-json\0.0.20131108.vaadin1\android-json-0.0.20131108.vaadin1.jar;C:\Users\xcm1030\.m2\repository\org\springframework\spring-core\5.0.6.RELEASE\spring-core-5.0.6.RELEASE.jar;C:\Users\xcm1030\.m2\repository\org\springframework\spring-jcl\5.0.6.RELEASE\spring-jcl-5.0.6.RELEASE.jar;C:\Users\xcm1030\.m2\repository\org\springframework\spring-test\5.0.6.RELEASE\spring-test-5.0.6.RELEASE.jar;C:\Users\xcm1030\.m2\repository\org\xmlunit\xmlunit-core\2.5.1\xmlunit-core-2.5.1.jar;C:\Users\xcm1030\.m2\repository\org\camunda\bpm\springboot\camunda-bpm-spring-boot-starter-webapp\3.0.0\camunda-bpm-spring-boot-starter-webapp-3.0.0.jar;C:\Users\xcm1030\.m2\repository\org\camunda\bpm\springboot\camunda-bpm-spring-boot-starter-webapp-core\3.0.0\camunda-bpm-spring-boot-starter-webapp-core-3.0.0.jar;C:\Users\xcm1030\.m2\repository\org\camunda\bpm\springboot\camunda-bpm-spring-boot-starter\3.0.0\camunda-bpm-spring-boot-starter-3.0.0.jar;C:\Users\xcm1030\.m2\repository\org\camunda\bpm\camunda-engine-spring\7.9.0\camunda-engine-spring-7.9.0.jar;C:\Users\xcm1030\.m2\repository\org\camunda\bpm\camunda-engine\7.9.0\camunda-engine-7.9.0.jar;C:\Users\xcm1030\.m2\repository\org\camunda\bpm\model\camunda-bpmn-model\7.9.0\camunda-bpmn-model-7.9.0.jar;C:\Users\xcm1030\.m2\repository\org\camunda\bpm\model\camunda-xml-model\7.9.0\camunda-xml-model-7.9.0.jar;C:\Users\xcm1030\.m2\repository\org\camunda\bpm\model\camunda-cmmn-model\7.9.0\camunda-cmmn-model-7.9.0.jar;C:\Users\xcm1030\.m2\repository\org\camunda\bpm\dmn\camunda-engine-dmn\7.9.0\camunda-engine-dmn-7.9.0.jar;C:\Users\xcm1030\.m2\repository\org\camunda\commons\camunda-commons-utils\1.5.0\camunda-commons-utils-1.5.0.jar;C:\Users\xcm1030\.m2\repository\org\camunda\bpm\model\camunda-dmn-model\7.9.0\camunda-dmn-model-7.9.0.jar;C:\Users\xcm1030\.m2\repository\org\camunda\bpm\dmn\camunda-engine-feel-api\7.9.0\camunda-engine-feel-api-7.9.0.jar;C:\Users\xcm1030\.m2\repository\org\camunda\bpm\dmn\camunda-engine-feel-juel\7.9.0\camunda-engine-feel-juel-7.9.0.jar;C:\Users\xcm1030\.m2\repository\org\camunda\commons\camunda-commons-logging\1.5.0\camunda-commons-logging-1.5.0.jar;C:\Users\xcm1030\.m2\repository\org\camunda\commons\camunda-commons-typed-values\1.5.0\camunda-commons-typed-values-1.5.0.jar;C:\Users\xcm1030\.m2\repository\org\apache\commons\commons-email\1.5\commons-email-1.5.jar;C:\Users\xcm1030\.m2\repository\com\sun\mail\javax.mail\1.6.1\javax.mail-1.6.1.jar;C:\Users\xcm1030\.m2\repository\javax\activation\activation\1.1\activation-1.1.jar;C:\Users\xcm1030\.m2\repository\org\mybatis\mybatis\3.4.4\mybatis-3.4.4.jar;C:\Users\xcm1030\.m2\repository\joda-time\joda-time\2.9.9\joda-time-2.9.9.jar;C:\Users\xcm1030\.m2\repository\org\springframework\spring-jdbc\5.0.6.RELEASE\spring-jdbc-5.0.6.RELEASE.jar;C:\Users\xcm1030\.m2\repository\org\springframework\spring-tx\5.0.6.RELEASE\spring-tx-5.0.6.RELEASE.jar;C:\Users\xcm1030\.m2\repository\commons-lang\commons-lang\2.4\commons-lang-2.4.jar;C:\Users\xcm1030\.m2\repository\org\springframework\spring-orm\5.0.6.RELEASE\spring-orm-5.0.6.RELEASE.jar;C:\Users\xcm1030\.m2\repository\commons-dbcp\commons-dbcp\1.4\commons-dbcp-1.4.jar;C:\Users\xcm1030\.m2\repository\commons-pool\commons-pool\1.6\commons-pool-1.6.jar;C:\Users\xcm1030\.m2\repository\com\fasterxml\uuid\java-uuid-generator\3.1.2\java-uuid-generator-3.1.2.jar;C:\Users\xcm1030\.m2\repository\org\camunda\bpm\webapp\camunda-webapp\7.9.0\camunda-webapp-7.9.0-classes.jar;C:\Users\xcm1030\.m2\repository\org\camunda\bpm\camunda-engine-rest-core\7.9.0\camunda-engine-rest-core-7.9.0.jar;C:\Users\xcm1030\.m2\repository\commons-fileupload\commons-fileupload\1.3.3\commons-fileupload-1.3.3.jar;C:\Users\xcm1030\.m2\repository\commons-io\commons-io\2.2\commons-io-2.2.jar;C:\Users\xcm1030\.m2\repository\com\fasterxml\jackson\jaxrs\jackson-jaxrs-json-provider\2.9.5\jackson-jaxrs-json-provider-2.9.5.jar;C:\Users\xcm1030\.m2\repository\com\fasterxml\jackson\jaxrs\jackson-jaxrs-base\2.9.5\jackson-jaxrs-base-2.9.5.jar;C:\Users\xcm1030\.m2\repository\org\springframework\boot\spring-boot-starter-web\2.0.2.RELEASE\spring-boot-starter-web-2.0.2.RELEASE.jar;C:\Users\xcm1030\.m2\repository\org\springframework\boot\spring-boot-starter-json\2.0.2.RELEASE\spring-boot-starter-json-2.0.2.RELEASE.jar;C:\Users\xcm1030\.m2\repository\com\fasterxml\jackson\core\jackson-databind\2.9.5\jackson-databind-2.9.5.jar;C:\Users\xcm1030\.m2\repository\com\fasterxml\jackson\core\jackson-core\2.9.5\jackson-core-2.9.5.jar;C:\Users\xcm1030\.m2\repository\com\fasterxml\jackson\datatype\jackson-datatype-jdk8\2.9.5\jackson-datatype-jdk8-2.9.5.jar;C:\Users\xcm1030\.m2\repository\com\fasterxml\jackson\datatype\jackson-datatype-jsr310\2.9.5\jackson-datatype-jsr310-2.9.5.jar;C:\Users\xcm1030\.m2\repository\com\fasterxml\jackson\module\jackson-module-parameter-names\2.9.5\jackson-module-parameter-names-2.9.5.jar;C:\Users\xcm1030\.m2\repository\org\springframework\boot\spring-boot-starter-tomcat\2.0.2.RELEASE\spring-boot-starter-tomcat-2.0.2.RELEASE.jar;C:\Users\xcm1030\.m2\repository\org\apache\tomcat\embed\tomcat-embed-core\8.5.31\tomcat-embed-core-8.5.31.jar;C:\Users\xcm1030\.m2\repository\org\apache\tomcat\embed\tomcat-embed-el\8.5.31\tomcat-embed-el-8.5.31.jar;C:\Users\xcm1030\.m2\repository\org\apache\tomcat\embed\tomcat-embed-websocket\8.5.31\tomcat-embed-websocket-8.5.31.jar;C:\Users\xcm1030\.m2\repository\org\hibernate\validator\hibernate-validator\6.0.9.Final\hibernate-validator-6.0.9.Final.jar;C:\Users\xcm1030\.m2\repository\javax\validation\validation-api\2.0.1.Final\validation-api-2.0.1.Final.jar;C:\Users\xcm1030\.m2\repository\org\jboss\logging\jboss-logging\3.3.2.Final\jboss-logging-3.3.2.Final.jar;C:\Users\xcm1030\.m2\repository\com\fasterxml\classmate\1.3.4\classmate-1.3.4.jar;C:\Users\xcm1030\.m2\repository\org\springframework\spring-web\5.0.6.RELEASE\spring-web-5.0.6.RELEASE.jar;C:\Users\xcm1030\.m2\repository\org\springframework\spring-webmvc\5.0.6.RELEASE\spring-webmvc-5.0.6.RELEASE.jar;C:\Users\xcm1030\.m2\repository\org\springframework\boot\spring-boot-starter-jersey\2.0.2.RELEASE\spring-boot-starter-jersey-2.0.2.RELEASE.jar;C:\Users\xcm1030\.m2\repository\org\springframework\boot\spring-boot-starter-validation\2.0.2.RELEASE\spring-boot-starter-validation-2.0.2.RELEASE.jar;C:\Users\xcm1030\.m2\repository\org\glassfish\jersey\core\jersey-server\2.26\jersey-server-2.26.jar;C:\Users\xcm1030\.m2\repository\org\glassfish\jersey\core\jersey-common\2.26\jersey-common-2.26.jar;C:\Users\xcm1030\.m2\repository\org\glassfish\hk2\osgi-resource-locator\1.0.1\osgi-resource-locator-1.0.1.jar;C:\Users\xcm1030\.m2\repository\org\glassfish\jersey\core\jersey-client\2.26\jersey-client-2.26.jar;C:\Users\xcm1030\.m2\repository\javax\ws\rs\javax.ws.rs-api\2.1\javax.ws.rs-api-2.1.jar;C:\Users\xcm1030\.m2\repository\org\glassfish\jersey\media\jersey-media-jaxb\2.26\jersey-media-jaxb-2.26.jar;C:\Users\xcm1030\.m2\repository\org\glassfish\jersey\containers\jersey-container-servlet-core\2.26\jersey-container-servlet-core-2.26.jar;C:\Users\xcm1030\.m2\repository\org\glassfish\jersey\containers\jersey-container-servlet\2.26\jersey-container-servlet-2.26.jar;C:\Users\xcm1030\.m2\repository\org\glassfish\jersey\ext\jersey-bean-validation\2.26\jersey-bean-validation-2.26.jar;C:\Users\xcm1030\.m2\repository\org\glassfish\jersey\ext\jersey-spring4\2.26\jersey-spring4-2.26.jar;C:\Users\xcm1030\.m2\repository\org\glassfish\jersey\inject\jersey-hk2\2.26\jersey-hk2-2.26.jar;C:\Users\xcm1030\.m2\repository\org\glassfish\hk2\hk2-locator\2.5.0-b42\hk2-locator-2.5.0-b42.jar;C:\Users\xcm1030\.m2\repository\org\glassfish\hk2\external\aopalliance-repackaged\2.5.0-b42\aopalliance-repackaged-2.5.0-b42.jar;C:\Users\xcm1030\.m2\repository\org\javassist\javassist\3.22.0-CR2\javassist-3.22.0-CR2.jar;C:\Users\xcm1030\.m2\repository\org\glassfish\hk2\hk2\2.5.0-b42\hk2-2.5.0-b42.jar;C:\Users\xcm1030\.m2\repository\org\glassfish\hk2\hk2-utils\2.5.0-b42\hk2-utils-2.5.0-b42.jar;C:\Users\xcm1030\.m2\repository\javax\inject\javax.inject\1\javax.inject-1.jar;C:\Users\xcm1030\.m2\repository\org\glassfish\hk2\hk2-api\2.5.0-b42\hk2-api-2.5.0-b42.jar;C:\Users\xcm1030\.m2\repository\org\glassfish\hk2\config-types\2.5.0-b42\config-types-2.5.0-b42.jar;C:\Users\xcm1030\.m2\repository\org\glassfish\hk2\hk2-core\2.5.0-b42\hk2-core-2.5.0-b42.jar;C:\Users\xcm1030\.m2\repository\org\glassfish\hk2\hk2-config\2.5.0-b42\hk2-config-2.5.0-b42.jar;C:\Users\xcm1030\.m2\repository\org\glassfish\hk2\hk2-runlevel\2.5.0-b42\hk2-runlevel-2.5.0-b42.jar;C:\Users\xcm1030\.m2\repository\org\glassfish\hk2\class-model\2.5.0-b42\class-model-2.5.0-b42.jar;C:\Users\xcm1030\.m2\repository\org\glassfish\hk2\external\asm-all-repackaged\2.5.0-b42\asm-all-repackaged-2.5.0-b42.jar;C:\Users\xcm1030\.m2\repository\org\glassfish\hk2\spring-bridge\2.5.0-b42\spring-bridge-2.5.0-b42.jar;C:\Users\xcm1030\.m2\repository\org\glassfish\jersey\media\jersey-media-json-jackson\2.26\jersey-media-json-jackson-2.26.jar;C:\Users\xcm1030\.m2\repository\org\glassfish\jersey\ext\jersey-entity-filtering\2.26\jersey-entity-filtering-2.26.jar;C:\Users\xcm1030\.m2\repository\com\fasterxml\jackson\core\jackson-annotations\2.9.0\jackson-annotations-2.9.0.jar;C:\Users\xcm1030\.m2\repository\com\fasterxml\jackson\module\jackson-module-jaxb-annotations\2.9.5\jackson-module-jaxb-annotations-2.9.5.jar;C:\Users\xcm1030\.m2\repository\org\camunda\bpm\webapp\camunda-webapp-webjar\7.9.0\camunda-webapp-webjar-7.9.0.jar;C:\Users\xcm1030\.m2\repository\com\h2database\h2\1.4.197\h2-1.4.197.jar;, user.name=xcm1030, java.vm.specification.version=1.8, sun.java.command=C:\Users\xcm1030\Documents\77_Programme\eclipse-workspace-camunda\prozess-auftragsfreigabe\target\surefire\surefirebooter765066053889449666.jar C:\Users\xcm1030\Documents\77_Programme\eclipse-workspace-camunda\prozess-auftragsfreigabe\target\surefire\surefire6056980205477215892tmp C:\Users\xcm1030\Documents\77_Programme\eclipse-workspace-camunda\prozess-auftragsfreigabe\target\surefire\surefire_02661659658668228237tmp, java.home=C:\ProgramData\JAVASOFT\JRE\1.8.0, sun.arch.data.model=64, user.language=de, java.specification.vendor=Oracle Corporation, awt.toolkit=sun.awt.windows.WToolkit, java.vm.info=mixed mode, java.version=1.8.0_181, java.ext.dirs=C:\ProgramData\JAVASOFT\JRE\1.8.0\lib\ext;C:\WINDOWS\Sun\Java\lib\ext, sun.boot.class.path=C:\ProgramData\JAVASOFT\JRE\1.8.0\lib\resources.jar;C:\ProgramData\JAVASOFT\JRE\1.8.0\lib\rt.jar;C:\ProgramData\JAVASOFT\JRE\1.8.0\lib\sunrsasign.jar;C:\ProgramData\JAVASOFT\JRE\1.8.0\lib\jsse.jar;C:\ProgramData\JAVASOFT\JRE\1.8.0\lib\jce.jar;C:\ProgramData\JAVASOFT\JRE\1.8.0\lib\charsets.jar;C:\ProgramData\JAVASOFT\JRE\1.8.0\lib\jfr.jar;C:\ProgramData\JAVASOFT\JRE\1.8.0\classes, java.vendor=Oracle Corporation, localRepository=C:\Users\xcm1030\.m2\repository, file.separator=\, java.vendor.url.bug=http://bugreport.sun.com/bugreport/, sun.io.unicode.encoding=UnicodeLittle, sun.cpu.endian=little, sun.desktop=windows, sun.cpu.isalist=amd64}}, SystemEnvironmentPropertySource@2138564891 {name=&apos;systemEnvironment&apos;, properties={PATH=C:/ProgramData/Javasoft/JRE/1.8.0/bin/server;C:/ProgramData/Javasoft/JRE/1.8.0/bin;C:/ProgramData/Javasoft/JRE/1.8.0/lib/amd64;C:\Program Files (x86)\Common Files\Oracle\Java\javapath;C:\Interne\Programme\Perl\site\bin;C:\Interne\Programme\Perl\bin;C:\WINDOWS\system32;C:\WINDOWS;C:\WINDOWS\System32\Wbem;C:\WINDOWS\System32\WindowsPowerShell\v1.0\;C:\WINDOWS\SysWOW64\isvTools\;C:\Windows\SysWOW64\isvTools;C:\interne\Programme\SM9333\plugins\com.hp.ov.sm.client.thirdparty_9.33.3000\lib;C:\Interne\Programme\SQLLIB\bin;C:\WINDOWS\System32\WindowsPowerShell\v1.0\;C:\WINDOWS\System32\WindowsPowerShell\v1.0\;C:\Interne\Programme\Mozilla Firefox;C:\Program Files\nodejs\;C:\Users\xcm1030\AppData\Roaming\npm;C:\Users\xcm1030\Documents\77_Programme\Git\cmd;C:\Users\xcm1030\Documents\77_Programme\eclipse-camunda\eclipse;, PROCESSOR_LEVEL=6, SYSTEMDRIVE=C:, FP_NO_HOST_CHECK=NO, SESSIONNAME=Console, ALLUSERSPROFILE=C:\ProgramData, PROCESSOR_ARCHITECTURE=AMD64, JBF=C:\ProgramData\JBF, PROGRAMFILES=C:\Program Files, PSMODULEPATH=C:\WINDOWS\system32\WindowsPowerShell\v1.0\Modules\, PROGRAMDATA=C:\ProgramData, USERNAME=xcm1030, USERDNSDOMAIN=FIDUDOM.FIDUCIA.DE, PATHEXT=.COM;.EXE;.BAT;.CMD;.VBS;.VBE;.JS;.JSE;.WSF;.WSH;.MSC, SYSAPPS=C:\Interne\Programme, SYSLOGPATH=C:\Interne\Logs, WINDIR=C:\WINDOWS, ALIVE_JDBC_ROOT=C:\interne\Programme\alive\jdbc\V1.03-01\, HOMEPATH=\Users\xcm1030, PROCESSOR_IDENTIFIER=Intel64 Family 6 Model 78 Stepping 3, GenuineIntel, WINDOWS_TRACING_LOGFILE=C:\BVTBin\Tests\installpackage\csilogfile.log, PUBLIC=C:\Users\Public, =::=::\, JAVAPAC=C:\ProgramData\JBF\Temp\javapac, LOCALAPPDATA=C:\Users\xcm1030\AppData\Local, COMMONPROGRAMFILES(X86)=C:\Program Files (x86)\Common Files, USERDOMAIN=FIDUDOM, LOGONSERVER=\\FZ0049WM, PROMPT=$P$G, PROGRAMFILES(X86)=C:\Program Files (x86), WINDOWS_TRACING_FLAGS=3, =C:=C:\Users\xcm1030\Documents\77_Programme\eclipse-workspace-camunda\prozess-auftragsfreigabe, APPDATA=C:\Users\xcm1030\AppData\Roaming, JBFJAVAWSBIN=C:\ProgramData\JBF\FIDJWS\jbfjavawsw.exe, PROGRAMW6432=C:\Program Files, SYSTEMROOT=C:\WINDOWS, JBFCOMMON=C:\ProgramData\JBF\agree21, OS=Windows_NT, COMMONPROGRAMW6432=C:\Program Files\Common Files, COMPUTERNAME=C1118CE1, COMMONPROGRAMFILES=C:\Program Files\Common Files, COMSPEC=C:\WINDOWS\system32\cmd.exe, PROCESSOR_REVISION=4e03, UATDATA=C:\WINDOWS\SysWOW64\CCM\UATData\D9F8C395-CAB8-491d-B8AC-179A1FE1BE77, INTLOG=C:\Interne\Logs, TEMP=C:\Users\xcm1030\AppData\Local\Temp, HOMEDRIVE=C:, USERPROFILE=C:\Users\xcm1030, TMP=C:\Users\xcm1030\AppData\Local\Temp, NUMBER_OF_PROCESSORS=4, LOGPATH=C:\Interne\Logs}}]
20:27:55.824 [main] DEBUG org.springframework.core.io.support.PathMatchingResourcePatternResolver - Resolved classpath location [de/fiduciagad/okvp/zahlungsverkehr/prozess/freigabeprozess/test/] to resources [URL [file:/C:/Users/xcm1030/Documents/77_Programme/eclipse-workspace-camunda/prozess-auftragsfreigabe/target/test-classes/de/fiduciagad/okvp/zahlungsverkehr/prozess/freigabeprozess/test/]]
20:27:55.824 [main] DEBUG org.springframework.core.io.support.PathMatchingResourcePatternResolver - Looking for matching resources in directory tree [C:\Users\xcm1030\Documents\77_Programme\eclipse-workspace-camunda\prozess-auftragsfreigabe\target\test-classes\de\fiduciagad\okvp\zahlungsverkehr\prozess\freigabeprozess\test]
20:27:55.824 [main] DEBUG org.springframework.core.io.support.PathMatchingResourcePatternResolver - Searching directory [C:\Users\xcm1030\Documents\77_Programme\eclipse-workspace-camunda\prozess-auftragsfreigabe\target\test-classes\de\fiduciagad\okvp\zahlungsverkehr\prozess\freigabeprozess\test] for files matching pattern [C:/Users/xcm1030/Documents/77_Programme/eclipse-workspace-camunda/prozess-auftragsfreigabe/target/test-classes/de/fiduciagad/okvp/zahlungsverkehr/prozess/freigabeprozess/test/*.class]
20:27:55.824 [main] DEBUG org.springframework.core.io.support.PathMatchingResourcePatternResolver - Resolved location pattern [classpath*:de/fiduciagad/okvp/zahlungsverkehr/prozess/freigabeprozess/test/*.class] to resources [file [C:\Users\xcm1030\Documents\77_Programme\eclipse-workspace-camunda\prozess-auftragsfreigabe\target\test-classes\de\fiduciagad\okvp\zahlungsverkehr\prozess\freigabeprozess\test\FreigabeProzessServiceProviderTest.class], file [C:\Users\xcm1030\Documents\77_Programme\eclipse-workspace-camunda\prozess-auftragsfreigabe\target\test-classes\de\fiduciagad\okvp\zahlungsverkehr\prozess\freigabeprozess\test\FreigabeProzessServiceProviderTestIT.class]]
20:27:55.871 [main] DEBUG org.springframework.core.io.support.PathMatchingResourcePatternResolver - Resolved classpath location [de/fiduciagad/okvp/zahlungsverkehr/prozess/freigabeprozess/] to resources [URL [file:/C:/Users/xcm1030/Documents/77_Programme/eclipse-workspace-camunda/prozess-auftragsfreigabe/target/test-classes/de/fiduciagad/okvp/zahlungsverkehr/prozess/freigabeprozess/], URL [file:/C:/Users/xcm1030/Documents/77_Programme/eclipse-workspace-camunda/prozess-auftragsfreigabe/target/classes/de/fiduciagad/okvp/zahlungsverkehr/prozess/freigabeprozess/]]
20:27:55.871 [main] DEBUG org.springframework.core.io.support.PathMatchingResourcePatternResolver - Looking for matching resources in directory tree [C:\Users\xcm1030\Documents\77_Programme\eclipse-workspace-camunda\prozess-auftragsfreigabe\target\test-classes\de\fiduciagad\okvp\zahlungsverkehr\prozess\freigabeprozess]
20:27:55.871 [main] DEBUG org.springframework.core.io.support.PathMatchingResourcePatternResolver - Searching directory [C:\Users\xcm1030\Documents\77_Programme\eclipse-workspace-camunda\prozess-auftragsfreigabe\target\test-classes\de\fiduciagad\okvp\zahlungsverkehr\prozess\freigabeprozess] for files matching pattern [C:/Users/xcm1030/Documents/77_Programme/eclipse-workspace-camunda/prozess-auftragsfreigabe/target/test-classes/de/fiduciagad/okvp/zahlungsverkehr/prozess/freigabeprozess/*.class]
20:27:55.871 [main] DEBUG org.springframework.core.io.support.PathMatchingResourcePatternResolver - Looking for matching resources in directory tree [C:\Users\xcm1030\Documents\77_Programme\eclipse-workspace-camunda\prozess-auftragsfreigabe\target\classes\de\fiduciagad\okvp\zahlungsverkehr\prozess\freigabeprozess]
20:27:55.871 [main] DEBUG org.springframework.core.io.support.PathMatchingResourcePatternResolver - Searching directory [C:\Users\xcm1030\Documents\77_Programme\eclipse-workspace-camunda\prozess-auftragsfreigabe\target\classes\de\fiduciagad\okvp\zahlungsverkehr\prozess\freigabeprozess] for files matching pattern [C:/Users/xcm1030/Documents/77_Programme/eclipse-workspace-camunda/prozess-auftragsfreigabe/target/classes/de/fiduciagad/okvp/zahlungsverkehr/prozess/freigabeprozess/*.class]
20:27:55.871 [main] DEBUG org.springframework.core.io.support.PathMatchingResourcePatternResolver - Resolved location pattern [classpath*:de/fiduciagad/okvp/zahlungsverkehr/prozess/freigabeprozess/*.class] to resources [file [C:\Users\xcm1030\Documents\77_Programme\eclipse-workspace-camunda\prozess-auftragsfreigabe\target\classes\de\fiduciagad\okvp\zahlungsverkehr\prozess\freigabeprozess\Auftrag.class], file [C:\Users\xcm1030\Documents\77_Programme\eclipse-workspace-camunda\prozess-auftragsfreigabe\target\classes\de\fiduciagad\okvp\zahlungsverkehr\prozess\freigabeprozess\FreigabeProzess.class], file [C:\Users\xcm1030\Documents\77_Programme\eclipse-workspace-camunda\prozess-auftragsfreigabe\target\classes\de\fiduciagad\okvp\zahlungsverkehr\prozess\freigabeprozess\FreigabeprozessServiceProviderDelegate.class], file [C:\Users\xcm1030\Documents\77_Programme\eclipse-workspace-camunda\prozess-auftragsfreigabe\target\classes\de\fiduciagad\okvp\zahlungsverkehr\prozess\freigabeprozess\InitialisiereFreigabeprozess.class], file [C:\Users\xcm1030\Documents\77_Programme\eclipse-workspace-camunda\prozess-auftragsfreigabe\target\classes\de\fiduciagad\okvp\zahlungsverkehr\prozess\freigabeprozess\KonstantenFreigabeprozess.class], file [C:\Users\xcm1030\Documents\77_Programme\eclipse-workspace-camunda\prozess-auftragsfreigabe\target\classes\de\fiduciagad\okvp\zahlungsverkehr\prozess\freigabeprozess\VariablenFreigabeprozess.class]]
20:27:55.902 [main] DEBUG org.springframework.core.io.support.PathMatchingResourcePatternResolver - Resolved classpath location [de/fiduciagad/okvp/zahlungsverkehr/prozess/] to resources [URL [file:/C:/Users/xcm1030/Documents/77_Programme/eclipse-workspace-camunda/prozess-auftragsfreigabe/target/test-classes/de/fiduciagad/okvp/zahlungsverkehr/prozess/], URL [file:/C:/Users/xcm1030/Documents/77_Programme/eclipse-workspace-camunda/prozess-auftragsfreigabe/target/classes/de/fiduciagad/okvp/zahlungsverkehr/prozess/]]
20:27:55.902 [main] DEBUG org.springframework.core.io.support.PathMatchingResourcePatternResolver - Looking for matching resources in directory tree [C:\Users\xcm1030\Documents\77_Programme\eclipse-workspace-camunda\prozess-auftragsfreigabe\target\test-classes\de\fiduciagad\okvp\zahlungsverkehr\prozess]
20:27:55.902 [main] DEBUG org.springframework.core.io.support.PathMatchingResourcePatternResolver - Searching directory [C:\Users\xcm1030\Documents\77_Programme\eclipse-workspace-camunda\prozess-auftragsfreigabe\target\test-classes\de\fiduciagad\okvp\zahlungsverkehr\prozess] for files matching pattern [C:/Users/xcm1030/Documents/77_Programme/eclipse-workspace-camunda/prozess-auftragsfreigabe/target/test-classes/de/fiduciagad/okvp/zahlungsverkehr/prozess/*.class]
20:27:55.902 [main] DEBUG org.springframework.core.io.support.PathMatchingResourcePatternResolver - Looking for matching resources in directory tree [C:\Users\xcm1030\Documents\77_Programme\eclipse-workspace-camunda\prozess-auftragsfreigabe\target\classes\de\fiduciagad\okvp\zahlungsverkehr\prozess]
20:27:55.902 [main] DEBUG org.springframework.core.io.support.PathMatchingResourcePatternResolver - Searching directory [C:\Users\xcm1030\Documents\77_Programme\eclipse-workspace-camunda\prozess-auftragsfreigabe\target\classes\de\fiduciagad\okvp\zahlungsverkehr\prozess] for files matching pattern [C:/Users/xcm1030/Documents/77_Programme/eclipse-workspace-camunda/prozess-auftragsfreigabe/target/classes/de/fiduciagad/okvp/zahlungsverkehr/prozess/*.class]
20:27:55.902 [main] DEBUG org.springframework.core.io.support.PathMatchingResourcePatternResolver - Resolved location pattern [classpath*:de/fiduciagad/okvp/zahlungsverkehr/prozess/*.class] to resources [file [C:\Users\xcm1030\Documents\77_Programme\eclipse-workspace-camunda\prozess-auftragsfreigabe\target\classes\de\fiduciagad\okvp\zahlungsverkehr\prozess\ProcessApplication.class]]
20:27:55.949 [main] DEBUG org.springframework.context.annotation.ClassPathScanningCandidateComponentProvider - Identified candidate component class: file [C:\Users\xcm1030\Documents\77_Programme\eclipse-workspace-camunda\prozess-auftragsfreigabe\target\classes\de\fiduciagad\okvp\zahlungsverkehr\prozess\ProcessApplication.class]
20:27:55.949 [main] INFO org.springframework.boot.test.context.SpringBootTestContextBootstrapper - Found @SpringBootConfiguration de.fiduciagad.okvp.zahlungsverkehr.prozess.ProcessApplication for test class de.fiduciagad.okvp.zahlungsverkehr.prozess.freigabeprozess.test.FreigabeProzessServiceProviderTest
20:27:56.136 [main] DEBUG org.springframework.boot.test.context.SpringBootTestContextBootstrapper - @TestExecutionListeners is not present for class [de.fiduciagad.okvp.zahlungsverkehr.prozess.freigabeprozess.test.FreigabeProzessServiceProviderTest]: using defaults.
20:27:56.136 [main] INFO org.springframework.boot.test.context.SpringBootTestContextBootstrapper - Loaded default TestExecutionListener class names from location [META-INF/spring.factories]: [org.springframework.boot.test.mock.mockito.MockitoTestExecutionListener, org.springframework.boot.test.mock.mockito.ResetMocksTestExecutionListener, org.springframework.boot.test.autoconfigure.restdocs.RestDocsTestExecutionListener, org.springframework.boot.test.autoconfigure.web.client.MockRestServiceServerResetTestExecutionListener, org.springframework.boot.test.autoconfigure.web.servlet.MockMvcPrintOnlyOnFailureTestExecutionListener, org.springframework.boot.test.autoconfigure.web.servlet.WebDriverTestExecutionListener, org.springframework.test.context.web.ServletTestExecutionListener, org.springframework.test.context.support.DirtiesContextBeforeModesTestExecutionListener, org.springframework.test.context.support.DependencyInjectionTestExecutionListener, org.springframework.test.context.support.DirtiesContextTestExecutionListener, org.springframework.test.context.transaction.TransactionalTestExecutionListener, org.springframework.test.context.jdbc.SqlScriptsTestExecutionListener]
20:27:56.167 [main] INFO org.springframework.boot.test.context.SpringBootTestContextBootstrapper - Using TestExecutionListeners: [org.springframework.test.context.web.ServletTestExecutionListener@4d910fd6, org.springframework.test.context.support.DirtiesContextBeforeModesTestExecutionListener@26275bef, org.springframework.boot.test.mock.mockito.MockitoTestExecutionListener@7690781, org.springframework.boot.test.autoconfigure.SpringBootDependencyInjectionTestExecutionListener@77eca502, org.springframework.test.context.support.DirtiesContextTestExecutionListener@3246fb96, org.springframework.test.context.transaction.TransactionalTestExecutionListener@2e222612, org.springframework.test.context.jdbc.SqlScriptsTestExecutionListener@61386958, org.springframework.boot.test.mock.mockito.ResetMocksTestExecutionListener@73ee04c8, org.springframework.boot.test.autoconfigure.restdocs.RestDocsTestExecutionListener@7671cb68, org.springframework.boot.test.autoconfigure.web.client.MockRestServiceServerResetTestExecutionListener@49dc7102, org.springframework.boot.test.autoconfigure.web.servlet.MockMvcPrintOnlyOnFailureTestExecutionListener@6b8ca3c8, org.springframework.boot.test.autoconfigure.web.servlet.WebDriverTestExecutionListener@68c72235]
20:27:56.167 [main] DEBUG org.springframework.test.annotation.ProfileValueUtils - Retrieved @ProfileValueSourceConfiguration [null] for test class [de.fiduciagad.okvp.zahlungsverkehr.prozess.freigabeprozess.test.FreigabeProzessServiceProviderTest]
20:27:56.167 [main] DEBUG org.springframework.test.annotation.ProfileValueUtils - Retrieved ProfileValueSource type [class org.springframework.test.annotation.SystemProfileValueSource] for class [de.fiduciagad.okvp.zahlungsverkehr.prozess.freigabeprozess.test.FreigabeProzessServiceProviderTest]
20:27:56.167 [main] DEBUG org.springframework.test.annotation.ProfileValueUtils - Retrieved @ProfileValueSourceConfiguration [null] for test class [de.fiduciagad.okvp.zahlungsverkehr.prozess.freigabeprozess.test.FreigabeProzessServiceProviderTest]
20:27:56.167 [main] DEBUG org.springframework.test.annotation.ProfileValueUtils - Retrieved ProfileValueSource type [class org.springframework.test.annotation.SystemProfileValueSource] for class [de.fiduciagad.okvp.zahlungsverkehr.prozess.freigabeprozess.test.FreigabeProzessServiceProviderTest]
20:27:56.183 [main] DEBUG org.springframework.test.context.support.AbstractDirtiesContextTestExecutionListener - Before test class: context [DefaultTestContext@41e1e210 testClass = FreigabeProzessServiceProviderTest, testInstance = [null], testMethod = [null], testException = [null], mergedContextConfiguration = [WebMergedContextConfiguration@be35cd9 testClass = FreigabeProzessServiceProviderTest, locations = &apos;{}&apos;, classes = &apos;{class de.fiduciagad.okvp.zahlungsverkehr.prozess.ProcessApplication}&apos;, contextInitializerClasses = &apos;[]&apos;, activeProfiles = &apos;{}&apos;, propertySourceLocations = &apos;{}&apos;, propertySourceProperties = &apos;{org.springframework.boot.test.context.SpringBootTestContextBootstrapper=true}&apos;, contextCustomizers = set[[ImportsContextCustomizer@4944252c key = [org.springframework.boot.test.autoconfigure.web.servlet.MockMvcAutoConfiguration, org.springframework.boot.test.autoconfigure.web.servlet.MockMvcSecurityAutoConfiguration, org.springframework.boot.test.autoconfigure.web.servlet.MockMvcWebClientAutoConfiguration, org.springframework.boot.test.autoconfigure.web.servlet.MockMvcWebDriverAutoConfiguration]], org.springframework.boot.test.context.filter.ExcludeFilterContextCustomizer@62fdb4a6, org.springframework.boot.test.json.DuplicateJsonObjectContextCustomizerFactory$DuplicateJsonObjectContextCustomizer@3e77a1ed, org.springframework.boot.test.mock.mockito.MockitoContextCustomizer@0, org.springframework.boot.test.web.client.TestRestTemplateContextCustomizer@27c6e487, org.springframework.boot.test.autoconfigure.properties.PropertyMappingContextCustomizer@e7e8512, org.springframework.boot.test.autoconfigure.web.servlet.WebDriverContextCustomizerFactory$Customizer@7bc1a03d], resourceBasePath = &apos;src/main/webapp&apos;, contextLoader = &apos;org.springframework.boot.test.context.SpringBootContextLoader&apos;, parent = [null]], attributes = map[&apos;org.springframework.test.context.web.ServletTestExecutionListener.activateListener&apos; -&gt; true]], class annotated with @DirtiesContext [false] with mode [null].
20:27:56.183 [main] DEBUG org.springframework.test.annotation.ProfileValueUtils - Retrieved @ProfileValueSourceConfiguration [null] for test class [de.fiduciagad.okvp.zahlungsverkehr.prozess.freigabeprozess.test.FreigabeProzessServiceProviderTest]
20:27:56.183 [main] DEBUG org.springframework.test.annotation.ProfileValueUtils - Retrieved ProfileValueSource type [class org.springframework.test.annotation.SystemProfileValueSource] for class [de.fiduciagad.okvp.zahlungsverkehr.prozess.freigabeprozess.test.FreigabeProzessServiceProviderTest]
20:27:56.245 [main] DEBUG org.springframework.core.env.StandardEnvironment - Adding PropertySource &apos;systemProperties&apos; with lowest search precedence
20:27:56.245 [main] DEBUG org.springframework.core.env.StandardEnvironment - Adding PropertySource &apos;systemEnvironment&apos; with lowest search precedence
20:27:56.245 [main] DEBUG org.springframework.core.env.StandardEnvironment - Initialized StandardEnvironment with PropertySources [MapPropertySource@842179210 {name=&apos;systemProperties&apos;, properties={java.runtime.name=Java(TM) SE Runtime Environment, sun.boot.library.path=C:\ProgramData\JAVASOFT\JRE\1.8.0\bin, java.vm.version=25.181-b25, java.vm.vendor=Oracle Corporation, java.vendor.url=http://java.oracle.com/, path.separator=;, java.vm.name=Java HotSpot(TM) 64-Bit Server VM, file.encoding.pkg=sun.io, user.country=DE, user.script=, sun.java.launcher=SUN_STANDARD, sun.os.patch.level=Service Pack 1, java.vm.specification.name=Java Virtual Machine Specification, user.dir=C:\Users\xcm1030\Documents\77_Programme\eclipse-workspace-camunda\prozess-auftragsfreigabe, java.runtime.version=1.8.0_181-b25, basedir=C:\Users\xcm1030\Documents\77_Programme\eclipse-workspace-camunda\prozess-auftragsfreigabe, java.awt.graphicsenv=sun.awt.Win32GraphicsEnvironment, java.endorsed.dirs=C:\ProgramData\JAVASOFT\JRE\1.8.0\lib\endorsed, os.arch=amd64, surefire.real.class.path=C:\Users\xcm1030\Documents\77_Programme\eclipse-workspace-camunda\prozess-auftragsfreigabe\target\surefire\surefirebooter765066053889449666.jar, java.io.tmpdir=C:\Users\xcm1030\AppData\Local\Temp\, line.separator=
, java.vm.specification.vendor=Oracle Corporation, user.variant=, os.name=Windows 7, sun.jnu.encoding=Cp1252, java.library.path=C:\ProgramData\JAVASOFT\JRE\1.8.0\bin;C:\WINDOWS\Sun\Java\bin;C:\WINDOWS\system32;C:\WINDOWS;C:/ProgramData/Javasoft/JRE/1.8.0/bin/server;C:/ProgramData/Javasoft/JRE/1.8.0/bin;C:/ProgramData/Javasoft/JRE/1.8.0/lib/amd64;C:\Program Files (x86)\Common Files\Oracle\Java\javapath;C:\Interne\Programme\Perl\site\bin;C:\Interne\Programme\Perl\bin;C:\WINDOWS\system32;C:\WINDOWS;C:\WINDOWS\System32\Wbem;C:\WINDOWS\System32\WindowsPowerShell\v1.0\;C:\WINDOWS\SysWOW64\isvTools\;C:\Windows\SysWOW64\isvTools;C:\interne\Programme\SM9333\plugins\com.hp.ov.sm.client.thirdparty_9.33.3000\lib;C:\Interne\Programme\SQLLIB\bin;C:\WINDOWS\System32\WindowsPowerShell\v1.0\;C:\WINDOWS\System32\WindowsPowerShell\v1.0\;C:\Interne\Programme\Mozilla Firefox;C:\Program Files\nodejs\;C:\Users\xcm1030\AppData\Roaming\npm;C:\Users\xcm1030\Documents\77_Programme\Git\cmd;C:\Users\xcm1030\Documents\77_Programme\eclipse-camunda\eclipse;;., surefire.test.class.path=C:\Users\xcm1030\Documents\77_Programme\eclipse-workspace-camunda\prozess-auftragsfreigabe\target\test-classes;C:\Users\xcm1030\Documents\77_Programme\eclipse-workspace-camunda\prozess-auftragsfreigabe\target\classes;C:\Users\xcm1030\.m2\repository\org\springframework\boot\spring-boot-starter-test\2.0.2.RELEASE\spring-boot-starter-test-2.0.2.RELEASE.jar;C:\Users\xcm1030\.m2\repository\org\springframework\boot\spring-boot-starter\2.0.2.RELEASE\spring-boot-starter-2.0.2.RELEASE.jar;C:\Users\xcm1030\.m2\repository\org\springframework\boot\spring-boot\2.0.2.RELEASE\spring-boot-2.0.2.RELEASE.jar;C:\Users\xcm1030\.m2\repository\org\springframework\spring-context\5.0.6.RELEASE\spring-context-5.0.6.RELEASE.jar;C:\Users\xcm1030\.m2\repository\org\springframework\spring-aop\5.0.6.RELEASE\spring-aop-5.0.6.RELEASE.jar;C:\Users\xcm1030\.m2\repository\org\springframework\spring-beans\5.0.6.RELEASE\spring-beans-5.0.6.RELEASE.jar;C:\Users\xcm1030\.m2\repository\org\springframework\spring-expression\5.0.6.RELEASE\spring-expression-5.0.6.RELEASE.jar;C:\Users\xcm1030\.m2\repository\org\springframework\boot\spring-boot-autoconfigure\2.0.2.RELEASE\spring-boot-autoconfigure-2.0.2.RELEASE.jar;C:\Users\xcm1030\.m2\repository\org\springframework\boot\spring-boot-starter-logging\2.0.2.RELEASE\spring-boot-starter-logging-2.0.2.RELEASE.jar;C:\Users\xcm1030\.m2\repository\ch\qos\logback\logback-classic\1.2.3\logback-classic-1.2.3.jar;C:\Users\xcm1030\.m2\repository\ch\qos\logback\logback-core\1.2.3\logback-core-1.2.3.jar;C:\Users\xcm1030\.m2\repository\org\apache\logging\log4j\log4j-to-slf4j\2.10.0\log4j-to-slf4j-2.10.0.jar;C:\Users\xcm1030\.m2\repository\org\apache\logging\log4j\log4j-api\2.10.0\log4j-api-2.10.0.jar;C:\Users\xcm1030\.m2\repository\org\slf4j\jul-to-slf4j\1.7.25\jul-to-slf4j-1.7.25.jar;C:\Users\xcm1030\.m2\repository\javax\annotation\javax.annotation-api\1.3.2\javax.annotation-api-1.3.2.jar;C:\Users\xcm1030\.m2\repository\org\yaml\snakeyaml\1.19\snakeyaml-1.19.jar;C:\Users\xcm1030\.m2\repository\org\springframework\boot\spring-boot-test\2.0.2.RELEASE\spring-boot-test-2.0.2.RELEASE.jar;C:\Users\xcm1030\.m2\repository\org\springframework\boot\spring-boot-test-autoconfigure\2.0.2.RELEASE\spring-boot-test-autoconfigure-2.0.2.RELEASE.jar;C:\Users\xcm1030\.m2\repository\com\jayway\jsonpath\json-path\2.4.0\json-path-2.4.0.jar;C:\Users\xcm1030\.m2\repository\net\minidev\json-smart\2.3\json-smart-2.3.jar;C:\Users\xcm1030\.m2\repository\net\minidev\accessors-smart\1.2\accessors-smart-1.2.jar;C:\Users\xcm1030\.m2\repository\org\ow2\asm\asm\5.0.4\asm-5.0.4.jar;C:\Users\xcm1030\.m2\repository\org\slf4j\slf4j-api\1.7.25\slf4j-api-1.7.25.jar;C:\Users\xcm1030\.m2\repository\junit\junit\4.12\junit-4.12.jar;C:\Users\xcm1030\.m2\repository\org\assertj\assertj-core\3.9.1\assertj-core-3.9.1.jar;C:\Users\xcm1030\.m2\repository\org\mockito\mockito-core\2.15.0\mockito-core-2.15.0.jar;C:\Users\xcm1030\.m2\repository\net\bytebuddy\byte-buddy\1.7.11\byte-buddy-1.7.11.jar;C:\Users\xcm1030\.m2\repository\net\bytebuddy\byte-buddy-agent\1.7.11\byte-buddy-agent-1.7.11.jar;C:\Users\xcm1030\.m2\repository\org\objenesis\objenesis\2.6\objenesis-2.6.jar;C:\Users\xcm1030\.m2\repository\org\hamcrest\hamcrest-core\1.3\hamcrest-core-1.3.jar;C:\Users\xcm1030\.m2\repository\org\hamcrest\hamcrest-library\1.3\hamcrest-library-1.3.jar;C:\Users\xcm1030\.m2\repository\org\skyscreamer\jsonassert\1.5.0\jsonassert-1.5.0.jar;C:\Users\xcm1030\.m2\repository\com\vaadin\external\google\android-json\0.0.20131108.vaadin1\android-json-0.0.20131108.vaadin1.jar;C:\Users\xcm1030\.m2\repository\org\springframework\spring-core\5.0.6.RELEASE\spring-core-5.0.6.RELEASE.jar;C:\Users\xcm1030\.m2\repository\org\springframework\spring-jcl\5.0.6.RELEASE\spring-jcl-5.0.6.RELEASE.jar;C:\Users\xcm1030\.m2\repository\org\springframework\spring-test\5.0.6.RELEASE\spring-test-5.0.6.RELEASE.jar;C:\Users\xcm1030\.m2\repository\org\xmlunit\xmlunit-core\2.5.1\xmlunit-core-2.5.1.jar;C:\Users\xcm1030\.m2\repository\org\camunda\bpm\springboot\camunda-bpm-spring-boot-starter-webapp\3.0.0\camunda-bpm-spring-boot-starter-webapp-3.0.0.jar;C:\Users\xcm1030\.m2\repository\org\camunda\bpm\springboot\camunda-bpm-spring-boot-starter-webapp-core\3.0.0\camunda-bpm-spring-boot-starter-webapp-core-3.0.0.jar;C:\Users\xcm1030\.m2\repository\org\camunda\bpm\springboot\camunda-bpm-spring-boot-starter\3.0.0\camunda-bpm-spring-boot-starter-3.0.0.jar;C:\Users\xcm1030\.m2\repository\org\camunda\bpm\camunda-engine-spring\7.9.0\camunda-engine-spring-7.9.0.jar;C:\Users\xcm1030\.m2\repository\org\camunda\bpm\camunda-engine\7.9.0\camunda-engine-7.9.0.jar;C:\Users\xcm1030\.m2\repository\org\camunda\bpm\model\camunda-bpmn-model\7.9.0\camunda-bpmn-model-7.9.0.jar;C:\Users\xcm1030\.m2\repository\org\camunda\bpm\model\camunda-xml-model\7.9.0\camunda-xml-model-7.9.0.jar;C:\Users\xcm1030\.m2\repository\org\camunda\bpm\model\camunda-cmmn-model\7.9.0\camunda-cmmn-model-7.9.0.jar;C:\Users\xcm1030\.m2\repository\org\camunda\bpm\dmn\camunda-engine-dmn\7.9.0\camunda-engine-dmn-7.9.0.jar;C:\Users\xcm1030\.m2\repository\org\camunda\commons\camunda-commons-utils\1.5.0\camunda-commons-utils-1.5.0.jar;C:\Users\xcm1030\.m2\repository\org\camunda\bpm\model\camunda-dmn-model\7.9.0\camunda-dmn-model-7.9.0.jar;C:\Users\xcm1030\.m2\repository\org\camunda\bpm\dmn\camunda-engine-feel-api\7.9.0\camunda-engine-feel-api-7.9.0.jar;C:\Users\xcm1030\.m2\repository\org\camunda\bpm\dmn\camunda-engine-feel-juel\7.9.0\camunda-engine-feel-juel-7.9.0.jar;C:\Users\xcm1030\.m2\repository\org\camunda\commons\camunda-commons-logging\1.5.0\camunda-commons-logging-1.5.0.jar;C:\Users\xcm1030\.m2\repository\org\camunda\commons\camunda-commons-typed-values\1.5.0\camunda-commons-typed-values-1.5.0.jar;C:\Users\xcm1030\.m2\repository\org\apache\commons\commons-email\1.5\commons-email-1.5.jar;C:\Users\xcm1030\.m2\repository\com\sun\mail\javax.mail\1.6.1\javax.mail-1.6.1.jar;C:\Users\xcm1030\.m2\repository\javax\activation\activation\1.1\activation-1.1.jar;C:\Users\xcm1030\.m2\repository\org\mybatis\mybatis\3.4.4\mybatis-3.4.4.jar;C:\Users\xcm1030\.m2\repository\joda-time\joda-time\2.9.9\joda-time-2.9.9.jar;C:\Users\xcm1030\.m2\repository\org\springframework\spring-jdbc\5.0.6.RELEASE\spring-jdbc-5.0.6.RELEASE.jar;C:\Users\xcm1030\.m2\repository\org\springframework\spring-tx\5.0.6.RELEASE\spring-tx-5.0.6.RELEASE.jar;C:\Users\xcm1030\.m2\repository\commons-lang\commons-lang\2.4\commons-lang-2.4.jar;C:\Users\xcm1030\.m2\repository\org\springframework\spring-orm\5.0.6.RELEASE\spring-orm-5.0.6.RELEASE.jar;C:\Users\xcm1030\.m2\repository\commons-dbcp\commons-dbcp\1.4\commons-dbcp-1.4.jar;C:\Users\xcm1030\.m2\repository\commons-pool\commons-pool\1.6\commons-pool-1.6.jar;C:\Users\xcm1030\.m2\repository\com\fasterxml\uuid\java-uuid-generator\3.1.2\java-uuid-generator-3.1.2.jar;C:\Users\xcm1030\.m2\repository\org\camunda\bpm\webapp\camunda-webapp\7.9.0\camunda-webapp-7.9.0-classes.jar;C:\Users\xcm1030\.m2\repository\org\camunda\bpm\camunda-engine-rest-core\7.9.0\camunda-engine-rest-core-7.9.0.jar;C:\Users\xcm1030\.m2\repository\commons-fileupload\commons-fileupload\1.3.3\commons-fileupload-1.3.3.jar;C:\Users\xcm1030\.m2\repository\commons-io\commons-io\2.2\commons-io-2.2.jar;C:\Users\xcm1030\.m2\repository\com\fasterxml\jackson\jaxrs\jackson-jaxrs-json-provider\2.9.5\jackson-jaxrs-json-provider-2.9.5.jar;C:\Users\xcm1030\.m2\repository\com\fasterxml\jackson\jaxrs\jackson-jaxrs-base\2.9.5\jackson-jaxrs-base-2.9.5.jar;C:\Users\xcm1030\.m2\repository\org\springframework\boot\spring-boot-starter-web\2.0.2.RELEASE\spring-boot-starter-web-2.0.2.RELEASE.jar;C:\Users\xcm1030\.m2\repository\org\springframework\boot\spring-boot-starter-json\2.0.2.RELEASE\spring-boot-starter-json-2.0.2.RELEASE.jar;C:\Users\xcm1030\.m2\repository\com\fasterxml\jackson\core\jackson-databind\2.9.5\jackson-databind-2.9.5.jar;C:\Users\xcm1030\.m2\repository\com\fasterxml\jackson\core\jackson-core\2.9.5\jackson-core-2.9.5.jar;C:\Users\xcm1030\.m2\repository\com\fasterxml\jackson\datatype\jackson-datatype-jdk8\2.9.5\jackson-datatype-jdk8-2.9.5.jar;C:\Users\xcm1030\.m2\repository\com\fasterxml\jackson\datatype\jackson-datatype-jsr310\2.9.5\jackson-datatype-jsr310-2.9.5.jar;C:\Users\xcm1030\.m2\repository\com\fasterxml\jackson\module\jackson-module-parameter-names\2.9.5\jackson-module-parameter-names-2.9.5.jar;C:\Users\xcm1030\.m2\repository\org\springframework\boot\spring-boot-starter-tomcat\2.0.2.RELEASE\spring-boot-starter-tomcat-2.0.2.RELEASE.jar;C:\Users\xcm1030\.m2\repository\org\apache\tomcat\embed\tomcat-embed-core\8.5.31\tomcat-embed-core-8.5.31.jar;C:\Users\xcm1030\.m2\repository\org\apache\tomcat\embed\tomcat-embed-el\8.5.31\tomcat-embed-el-8.5.31.jar;C:\Users\xcm1030\.m2\repository\org\apache\tomcat\embed\tomcat-embed-websocket\8.5.31\tomcat-embed-websocket-8.5.31.jar;C:\Users\xcm1030\.m2\repository\org\hibernate\validator\hibernate-validator\6.0.9.Final\hibernate-validator-6.0.9.Final.jar;C:\Users\xcm1030\.m2\repository\javax\validation\validation-api\2.0.1.Final\validation-api-2.0.1.Final.jar;C:\Users\xcm1030\.m2\repository\org\jboss\logging\jboss-logging\3.3.2.Final\jboss-logging-3.3.2.Final.jar;C:\Users\xcm1030\.m2\repository\com\fasterxml\classmate\1.3.4\classmate-1.3.4.jar;C:\Users\xcm1030\.m2\repository\org\springframework\spring-web\5.0.6.RELEASE\spring-web-5.0.6.RELEASE.jar;C:\Users\xcm1030\.m2\repository\org\springframework\spring-webmvc\5.0.6.RELEASE\spring-webmvc-5.0.6.RELEASE.jar;C:\Users\xcm1030\.m2\repository\org\springframework\boot\spring-boot-starter-jersey\2.0.2.RELEASE\spring-boot-starter-jersey-2.0.2.RELEASE.jar;C:\Users\xcm1030\.m2\repository\org\springframework\boot\spring-boot-starter-validation\2.0.2.RELEASE\spring-boot-starter-validation-2.0.2.RELEASE.jar;C:\Users\xcm1030\.m2\repository\org\glassfish\jersey\core\jersey-server\2.26\jersey-server-2.26.jar;C:\Users\xcm1030\.m2\repository\org\glassfish\jersey\core\jersey-common\2.26\jersey-common-2.26.jar;C:\Users\xcm1030\.m2\repository\org\glassfish\hk2\osgi-resource-locator\1.0.1\osgi-resource-locator-1.0.1.jar;C:\Users\xcm1030\.m2\repository\org\glassfish\jersey\core\jersey-client\2.26\jersey-client-2.26.jar;C:\Users\xcm1030\.m2\repository\javax\ws\rs\javax.ws.rs-api\2.1\javax.ws.rs-api-2.1.jar;C:\Users\xcm1030\.m2\repository\org\glassfish\jersey\media\jersey-media-jaxb\2.26\jersey-media-jaxb-2.26.jar;C:\Users\xcm1030\.m2\repository\org\glassfish\jersey\containers\jersey-container-servlet-core\2.26\jersey-container-servlet-core-2.26.jar;C:\Users\xcm1030\.m2\repository\org\glassfish\jersey\containers\jersey-container-servlet\2.26\jersey-container-servlet-2.26.jar;C:\Users\xcm1030\.m2\repository\org\glassfish\jersey\ext\jersey-bean-validation\2.26\jersey-bean-validation-2.26.jar;C:\Users\xcm1030\.m2\repository\org\glassfish\jersey\ext\jersey-spring4\2.26\jersey-spring4-2.26.jar;C:\Users\xcm1030\.m2\repository\org\glassfish\jersey\inject\jersey-hk2\2.26\jersey-hk2-2.26.jar;C:\Users\xcm1030\.m2\repository\org\glassfish\hk2\hk2-locator\2.5.0-b42\hk2-locator-2.5.0-b42.jar;C:\Users\xcm1030\.m2\repository\org\glassfish\hk2\external\aopalliance-repackaged\2.5.0-b42\aopalliance-repackaged-2.5.0-b42.jar;C:\Users\xcm1030\.m2\repository\org\javassist\javassist\3.22.0-CR2\javassist-3.22.0-CR2.jar;C:\Users\xcm1030\.m2\repository\org\glassfish\hk2\hk2\2.5.0-b42\hk2-2.5.0-b42.jar;C:\Users\xcm1030\.m2\repository\org\glassfish\hk2\hk2-utils\2.5.0-b42\hk2-utils-2.5.0-b42.jar;C:\Users\xcm1030\.m2\repository\javax\inject\javax.inject\1\javax.inject-1.jar;C:\Users\xcm1030\.m2\repository\org\glassfish\hk2\hk2-api\2.5.0-b42\hk2-api-2.5.0-b42.jar;C:\Users\xcm1030\.m2\repository\org\glassfish\hk2\config-types\2.5.0-b42\config-types-2.5.0-b42.jar;C:\Users\xcm1030\.m2\repository\org\glassfish\hk2\hk2-core\2.5.0-b42\hk2-core-2.5.0-b42.jar;C:\Users\xcm1030\.m2\repository\org\glassfish\hk2\hk2-config\2.5.0-b42\hk2-config-2.5.0-b42.jar;C:\Users\xcm1030\.m2\repository\org\glassfish\hk2\hk2-runlevel\2.5.0-b42\hk2-runlevel-2.5.0-b42.jar;C:\Users\xcm1030\.m2\repository\org\glassfish\hk2\class-model\2.5.0-b42\class-model-2.5.0-b42.jar;C:\Users\xcm1030\.m2\repository\org\glassfish\hk2\external\asm-all-repackaged\2.5.0-b42\asm-all-repackaged-2.5.0-b42.jar;C:\Users\xcm1030\.m2\repository\org\glassfish\hk2\spring-bridge\2.5.0-b42\spring-bridge-2.5.0-b42.jar;C:\Users\xcm1030\.m2\repository\org\glassfish\jersey\media\jersey-media-json-jackson\2.26\jersey-media-json-jackson-2.26.jar;C:\Users\xcm1030\.m2\repository\org\glassfish\jersey\ext\jersey-entity-filtering\2.26\jersey-entity-filtering-2.26.jar;C:\Users\xcm1030\.m2\repository\com\fasterxml\jackson\core\jackson-annotations\2.9.0\jackson-annotations-2.9.0.jar;C:\Users\xcm1030\.m2\repository\com\fasterxml\jackson\module\jackson-module-jaxb-annotations\2.9.5\jackson-module-jaxb-annotations-2.9.5.jar;C:\Users\xcm1030\.m2\repository\org\camunda\bpm\webapp\camunda-webapp-webjar\7.9.0\camunda-webapp-webjar-7.9.0.jar;C:\Users\xcm1030\.m2\repository\com\h2database\h2\1.4.197\h2-1.4.197.jar;, java.specification.name=Java Platform API Specification, java.class.version=52.0, sun.management.compiler=HotSpot 64-Bit Tiered Compilers, os.version=6.1, user.home=C:\Users\xcm1030, user.timezone=Europe/Berlin, java.awt.printerjob=sun.awt.windows.WPrinterJob, file.encoding=Cp1252, java.specification.version=1.8, java.class.path=C:\Users\xcm1030\Documents\77_Programme\eclipse-workspace-camunda\prozess-auftragsfreigabe\target\test-classes;C:\Users\xcm1030\Documents\77_Programme\eclipse-workspace-camunda\prozess-auftragsfreigabe\target\classes;C:\Users\xcm1030\.m2\repository\org\springframework\boot\spring-boot-starter-test\2.0.2.RELEASE\spring-boot-starter-test-2.0.2.RELEASE.jar;C:\Users\xcm1030\.m2\repository\org\springframework\boot\spring-boot-starter\2.0.2.RELEASE\spring-boot-starter-2.0.2.RELEASE.jar;C:\Users\xcm1030\.m2\repository\org\springframework\boot\spring-boot\2.0.2.RELEASE\spring-boot-2.0.2.RELEASE.jar;C:\Users\xcm1030\.m2\repository\org\springframework\spring-context\5.0.6.RELEASE\spring-context-5.0.6.RELEASE.jar;C:\Users\xcm1030\.m2\repository\org\springframework\spring-aop\5.0.6.RELEASE\spring-aop-5.0.6.RELEASE.jar;C:\Users\xcm1030\.m2\repository\org\springframework\spring-beans\5.0.6.RELEASE\spring-beans-5.0.6.RELEASE.jar;C:\Users\xcm1030\.m2\repository\org\springframework\spring-expression\5.0.6.RELEASE\spring-expression-5.0.6.RELEASE.jar;C:\Users\xcm1030\.m2\repository\org\springframework\boot\spring-boot-autoconfigure\2.0.2.RELEASE\spring-boot-autoconfigure-2.0.2.RELEASE.jar;C:\Users\xcm1030\.m2\repository\org\springframework\boot\spring-boot-starter-logging\2.0.2.RELEASE\spring-boot-starter-logging-2.0.2.RELEASE.jar;C:\Users\xcm1030\.m2\repository\ch\qos\logback\logback-classic\1.2.3\logback-classic-1.2.3.jar;C:\Users\xcm1030\.m2\repository\ch\qos\logback\logback-core\1.2.3\logback-core-1.2.3.jar;C:\Users\xcm1030\.m2\repository\org\apache\logging\log4j\log4j-to-slf4j\2.10.0\log4j-to-slf4j-2.10.0.jar;C:\Users\xcm1030\.m2\repository\org\apache\logging\log4j\log4j-api\2.10.0\log4j-api-2.10.0.jar;C:\Users\xcm1030\.m2\repository\org\slf4j\jul-to-slf4j\1.7.25\jul-to-slf4j-1.7.25.jar;C:\Users\xcm1030\.m2\repository\javax\annotation\javax.annotation-api\1.3.2\javax.annotation-api-1.3.2.jar;C:\Users\xcm1030\.m2\repository\org\yaml\snakeyaml\1.19\snakeyaml-1.19.jar;C:\Users\xcm1030\.m2\repository\org\springframework\boot\spring-boot-test\2.0.2.RELEASE\spring-boot-test-2.0.2.RELEASE.jar;C:\Users\xcm1030\.m2\repository\org\springframework\boot\spring-boot-test-autoconfigure\2.0.2.RELEASE\spring-boot-test-autoconfigure-2.0.2.RELEASE.jar;C:\Users\xcm1030\.m2\repository\com\jayway\jsonpath\json-path\2.4.0\json-path-2.4.0.jar;C:\Users\xcm1030\.m2\repository\net\minidev\json-smart\2.3\json-smart-2.3.jar;C:\Users\xcm1030\.m2\repository\net\minidev\accessors-smart\1.2\accessors-smart-1.2.jar;C:\Users\xcm1030\.m2\repository\org\ow2\asm\asm\5.0.4\asm-5.0.4.jar;C:\Users\xcm1030\.m2\repository\org\slf4j\slf4j-api\1.7.25\slf4j-api-1.7.25.jar;C:\Users\xcm1030\.m2\repository\junit\junit\4.12\junit-4.12.jar;C:\Users\xcm1030\.m2\repository\org\assertj\assertj-core\3.9.1\assertj-core-3.9.1.jar;C:\Users\xcm1030\.m2\repository\org\mockito\mockito-core\2.15.0\mockito-core-2.15.0.jar;C:\Users\xcm1030\.m2\repository\net\bytebuddy\byte-buddy\1.7.11\byte-buddy-1.7.11.jar;C:\Users\xcm1030\.m2\repository\net\bytebuddy\byte-buddy-agent\1.7.11\byte-buddy-agent-1.7.11.jar;C:\Users\xcm1030\.m2\repository\org\objenesis\objenesis\2.6\objenesis-2.6.jar;C:\Users\xcm1030\.m2\repository\org\hamcrest\hamcrest-core\1.3\hamcrest-core-1.3.jar;C:\Users\xcm1030\.m2\repository\org\hamcrest\hamcrest-library\1.3\hamcrest-library-1.3.jar;C:\Users\xcm1030\.m2\repository\org\skyscreamer\jsonassert\1.5.0\jsonassert-1.5.0.jar;C:\Users\xcm1030\.m2\repository\com\vaadin\external\google\android-json\0.0.20131108.vaadin1\android-json-0.0.20131108.vaadin1.jar;C:\Users\xcm1030\.m2\repository\org\springframework\spring-core\5.0.6.RELEASE\spring-core-5.0.6.RELEASE.jar;C:\Users\xcm1030\.m2\repository\org\springframework\spring-jcl\5.0.6.RELEASE\spring-jcl-5.0.6.RELEASE.jar;C:\Users\xcm1030\.m2\repository\org\springframework\spring-test\5.0.6.RELEASE\spring-test-5.0.6.RELEASE.jar;C:\Users\xcm1030\.m2\repository\org\xmlunit\xmlunit-core\2.5.1\xmlunit-core-2.5.1.jar;C:\Users\xcm1030\.m2\repository\org\camunda\bpm\springboot\camunda-bpm-spring-boot-starter-webapp\3.0.0\camunda-bpm-spring-boot-starter-webapp-3.0.0.jar;C:\Users\xcm1030\.m2\repository\org\camunda\bpm\springboot\camunda-bpm-spring-boot-starter-webapp-core\3.0.0\camunda-bpm-spring-boot-starter-webapp-core-3.0.0.jar;C:\Users\xcm1030\.m2\repository\org\camunda\bpm\springboot\camunda-bpm-spring-boot-starter\3.0.0\camunda-bpm-spring-boot-starter-3.0.0.jar;C:\Users\xcm1030\.m2\repository\org\camunda\bpm\camunda-engine-spring\7.9.0\camunda-engine-spring-7.9.0.jar;C:\Users\xcm1030\.m2\repository\org\camunda\bpm\camunda-engine\7.9.0\camunda-engine-7.9.0.jar;C:\Users\xcm1030\.m2\repository\org\camunda\bpm\model\camunda-bpmn-model\7.9.0\camunda-bpmn-model-7.9.0.jar;C:\Users\xcm1030\.m2\repository\org\camunda\bpm\model\camunda-xml-model\7.9.0\camunda-xml-model-7.9.0.jar;C:\Users\xcm1030\.m2\repository\org\camunda\bpm\model\camunda-cmmn-model\7.9.0\camunda-cmmn-model-7.9.0.jar;C:\Users\xcm1030\.m2\repository\org\camunda\bpm\dmn\camunda-engine-dmn\7.9.0\camunda-engine-dmn-7.9.0.jar;C:\Users\xcm1030\.m2\repository\org\camunda\commons\camunda-commons-utils\1.5.0\camunda-commons-utils-1.5.0.jar;C:\Users\xcm1030\.m2\repository\org\camunda\bpm\model\camunda-dmn-model\7.9.0\camunda-dmn-model-7.9.0.jar;C:\Users\xcm1030\.m2\repository\org\camunda\bpm\dmn\camunda-engine-feel-api\7.9.0\camunda-engine-feel-api-7.9.0.jar;C:\Users\xcm1030\.m2\repository\org\camunda\bpm\dmn\camunda-engine-feel-juel\7.9.0\camunda-engine-feel-juel-7.9.0.jar;C:\Users\xcm1030\.m2\repository\org\camunda\commons\camunda-commons-logging\1.5.0\camunda-commons-logging-1.5.0.jar;C:\Users\xcm1030\.m2\repository\org\camunda\commons\camunda-commons-typed-values\1.5.0\camunda-commons-typed-values-1.5.0.jar;C:\Users\xcm1030\.m2\repository\org\apache\commons\commons-email\1.5\commons-email-1.5.jar;C:\Users\xcm1030\.m2\repository\com\sun\mail\javax.mail\1.6.1\javax.mail-1.6.1.jar;C:\Users\xcm1030\.m2\repository\javax\activation\activation\1.1\activation-1.1.jar;C:\Users\xcm1030\.m2\repository\org\mybatis\mybatis\3.4.4\mybatis-3.4.4.jar;C:\Users\xcm1030\.m2\repository\joda-time\joda-time\2.9.9\joda-time-2.9.9.jar;C:\Users\xcm1030\.m2\repository\org\springframework\spring-jdbc\5.0.6.RELEASE\spring-jdbc-5.0.6.RELEASE.jar;C:\Users\xcm1030\.m2\repository\org\springframework\spring-tx\5.0.6.RELEASE\spring-tx-5.0.6.RELEASE.jar;C:\Users\xcm1030\.m2\repository\commons-lang\commons-lang\2.4\commons-lang-2.4.jar;C:\Users\xcm1030\.m2\repository\org\springframework\spring-orm\5.0.6.RELEASE\spring-orm-5.0.6.RELEASE.jar;C:\Users\xcm1030\.m2\repository\commons-dbcp\commons-dbcp\1.4\commons-dbcp-1.4.jar;C:\Users\xcm1030\.m2\repository\commons-pool\commons-pool\1.6\commons-pool-1.6.jar;C:\Users\xcm1030\.m2\repository\com\fasterxml\uuid\java-uuid-generator\3.1.2\java-uuid-generator-3.1.2.jar;C:\Users\xcm1030\.m2\repository\org\camunda\bpm\webapp\camunda-webapp\7.9.0\camunda-webapp-7.9.0-classes.jar;C:\User
[...]
	at org.springframework.test.context.TestContextManager.beforeTestMethod(TestContextManager.java:291) ~[spring-test-5.0.6.RELEASE.jar:5.0.6.RELEASE]
	at org.springframework.test.context.junit4.statements.RunBeforeTestMethodCallbacks.evaluate(RunBeforeTestMethodCallbacks.java:74) [spring-test-5.0.6.RELEASE.jar:5.0.6.RELEASE]
	at org.springframework.test.context.junit4.statements.RunAfterTestMethodCallbacks.evaluate(RunAfterTestMethodCallbacks.java:86) [spring-test-5.0.6.RELEASE.jar:5.0.6.RELEASE]
	at org.springframework.test.context.junit4.statements.SpringRepeat.evaluate(SpringRepeat.java:84) [spring-test-5.0.6.RELEASE.jar:5.0.6.RELEASE]
	at org.junit.runners.ParentRunner.runLeaf(ParentRunner.java:325) [junit-4.12.jar:4.12]
	at org.springframework.test.context.junit4.SpringJUnit4ClassRunner.runChild(SpringJUnit4ClassRunner.java:251) [spring-test-5.0.6.RELEASE.jar:5.0.6.RELEASE]
	at org.springframework.test.context.junit4.SpringJUnit4ClassRunner.runChild(SpringJUnit4ClassRunner.java:97) [spring-test-5.0.6.RELEASE.jar:5.0.6.RELEASE]
	at org.junit.runners.ParentRunner$3.run(ParentRunner.java:290) [junit-4.12.jar:4.12]
	at org.junit.runners.ParentRunner$1.schedule(ParentRunner.java:71) [junit-4.12.jar:4.12]
	at org.junit.runners.ParentRunner.runChildren(ParentRunner.java:288) [junit-4.12.jar:4.12]
	at org.junit.runners.ParentRunner.access$000(ParentRunner.java:58) [junit-4.12.jar:4.12]
	at org.junit.runners.ParentRunner$2.evaluate(ParentRunner.java:268) [junit-4.12.jar:4.12]
	at org.springframework.test.context.junit4.statements.RunBeforeTestClassCallbacks.evaluate(RunBeforeTestClassCallbacks.java:61) [spring-test-5.0.6.RELEASE.jar:5.0.6.RELEASE]
	at org.springframework.test.context.junit4.statements.RunAfterTestClassCallbacks.evaluate(RunAfterTestClassCallbacks.java:70) [spring-test-5.0.6.RELEASE.jar:5.0.6.RELEASE]
	at org.junit.runners.ParentRunner.run(ParentRunner.java:363) [junit-4.12.jar:4.12]
	at org.springframework.test.context.junit4.SpringJUnit4ClassRunner.run(SpringJUnit4ClassRunner.java:190) [spring-test-5.0.6.RELEASE.jar:5.0.6.RELEASE]
	at org.apache.maven.surefire.junit4.JUnit4Provider.execute(JUnit4Provider.java:252) [surefire-junit4-2.12.4.jar:2.12.4]
	at org.apache.maven.surefire.junit4.JUnit4Provider.executeTestSet(JUnit4Provider.java:141) [surefire-junit4-2.12.4.jar:2.12.4]
	at org.apache.maven.surefire.junit4.JUnit4Provider.invoke(JUnit4Provider.java:112) [surefire-junit4-2.12.4.jar:2.12.4]
	at sun.reflect.NativeMethodAccessorImpl.invoke0(Native Method) ~[na:1.8.0_181]
	at sun.reflect.NativeMethodAccessorImpl.invoke(Unknown Source) ~[na:1.8.0_181]
	at sun.reflect.DelegatingMethodAccessorImpl.invoke(Unknown Source) ~[na:1.8.0_181]
	at java.lang.reflect.Method.invoke(Unknown Source) ~[na:1.8.0_181]
	at org.apache.maven.surefire.util.ReflectionUtils.invokeMethodWithArray(ReflectionUtils.java:189) [surefire-api-2.12.4.jar:2.12.4]
	at org.apache.maven.surefire.booter.ProviderFactory$ProviderProxy.invoke(ProviderFactory.java:165) [surefire-booter-2.12.4.jar:2.12.4]
	at org.apache.maven.surefire.booter.ProviderFactory.invokeProvider(ProviderFactory.java:85) [surefire-booter-2.12.4.jar:2.12.4]
	at org.apache.maven.surefire.booter.ForkedBooter.runSuitesInProcess(ForkedBooter.java:115) [surefire-booter-2.12.4.jar:2.12.4]
	at org.apache.maven.surefire.booter.ForkedBooter.main(ForkedBooter.java:75) [surefire-booter-2.12.4.jar:2.12.4]
Caused by: java.lang.NoClassDefFoundError: net/bytebuddy/dynamic/loading/ClassLoadingStrategy
	at org.mockito.internal.creation.bytebuddy.SubclassByteBuddyMockMaker.&lt;init&gt;(SubclassByteBuddyMockMaker.java:33) ~[mockito-core-2.15.0.jar:na]
	at org.mockito.internal.creation.bytebuddy.ByteBuddyMockMaker.&lt;init&gt;(ByteBuddyMockMaker.java:21) ~[mockito-core-2.15.0.jar:na]
	at sun.reflect.NativeConstructorAccessorImpl.newInstance0(Native Method) ~[na:1.8.0_181]
	at sun.reflect.NativeConstructorAccessorImpl.newInstance(Unknown Source) ~[na:1.8.0_181]
	at sun.reflect.DelegatingConstructorAccessorImpl.newInstance(Unknown Source) ~[na:1.8.0_181]
	at java.lang.reflect.Constructor.newInstance(Unknown Source) ~[na:1.8.0_181]
	at java.lang.Class.newInstance(Unknown Source) ~[na:1.8.0_181]
	at org.mockito.internal.configuration.plugins.DefaultMockitoPlugins.create(DefaultMockitoPlugins.java:57) ~[mockito-core-2.15.0.jar:na]
	at org.mockito.internal.configuration.plugins.DefaultMockitoPlugins.getDefaultPlugin(DefaultMockitoPlugins.java:35) ~[mockito-core-2.15.0.jar:na]
	at org.mockito.internal.configuration.plugins.PluginLoader.loadPlugin(PluginLoader.java:53) ~[mockito-core-2.15.0.jar:na]
	at org.mockito.internal.configuration.plugins.PluginRegistry.&lt;init&gt;(PluginRegistry.java:20) ~[mockito-core-2.15.0.jar:na]
	at org.mockito.internal.configuration.plugins.Plugins.&lt;clinit&gt;(Plugins.java:18) ~[mockito-core-2.15.0.jar:na]
	at org.mockito.internal.util.MockUtil.&lt;clinit&gt;(MockUtil.java:24) ~[mockito-core-2.15.0.jar:na]
	... 33 common frames omitted
Caused by: java.lang.ClassNotFoundException: net.bytebuddy.dynamic.loading.ClassLoadingStrategy
	at java.net.URLClassLoader.findClass(Unknown Source) ~[na:1.8.0_181]
	at java.lang.ClassLoader.loadClass(Unknown Source) ~[na:1.8.0_181]
	at sun.misc.Launcher$AppClassLoader.loadClass(Unknown Source) ~[na:1.8.0_181]
	at java.lang.ClassLoader.loadClass(Unknown Source) ~[na:1.8.0_181]
	... 46 common frames omitted

2018-11-10 20:28:07.865  WARN 6436 --- [           main] o.s.test.context.TestContextManager      : Caught exception while invoking &apos;afterTestMethod&apos; callback on TestExecutionListener [org.springframework.boot.test.mock.mockito.ResetMocksTestExecutionListener@73ee04c8] for test method [public void de.fiduciagad.okvp.zahlungsverkehr.prozess.freigabeprozess.test.FreigabeProzessServiceProviderTest.index() throws java.lang.Exception] and test instance [de.fiduciagad.okvp.zahlungsverkehr.prozess.freigabeprozess.test.FreigabeProzessServiceProviderTest@6b063470]

java.lang.IllegalStateException: Could not initialize plugin: interface org.mockito.plugins.MockMaker
	at org.mockito.internal.configuration.plugins.PluginLoader$1.invoke(PluginLoader.java:60) ~[mockito-core-2.15.0.jar:na]
	at com.sun.proxy.$Proxy84.getHandler(Unknown Source) ~[na:na]
	at org.mockito.internal.util.MockUtil.isMock(MockUtil.java:81) ~[mockito-core-2.15.0.jar:na]
	at org.mockito.internal.util.DefaultMockingDetails.isMock(DefaultMockingDetails.java:35) ~[mockito-core-2.15.0.jar:na]
	at org.springframework.boot.test.mock.mockito.MockReset.get(MockReset.java:106) ~[spring-boot-test-2.0.2.RELEASE.jar:2.0.2.RELEASE]
	at org.springframework.boot.test.mock.mockito.ResetMocksTestExecutionListener.resetMocks(ResetMocksTestExecutionListener.java:84) ~[spring-boot-test-2.0.2.RELEASE.jar:2.0.2.RELEASE]
	at org.springframework.boot.test.mock.mockito.ResetMocksTestExecutionListener.resetMocks(ResetMocksTestExecutionListener.java:70) ~[spring-boot-test-2.0.2.RELEASE.jar:2.0.2.RELEASE]
	at org.springframework.boot.test.mock.mockito.ResetMocksTestExecutionListener.afterTestMethod(ResetMocksTestExecutionListener.java:64) ~[spring-boot-test-2.0.2.RELEASE.jar:2.0.2.RELEASE]
	at org.springframework.test.context.TestContextManager.afterTestMethod(TestContextManager.java:443) ~[spring-test-5.0.6.RELEASE.jar:5.0.6.RELEASE]
	at org.springframework.test.context.junit4.statements.RunAfterTestMethodCallbacks.evaluate(RunAfterTestMethodCallbacks.java:94) [spring-test-5.0.6.RELEASE.jar:5.0.6.RELEASE]
	at org.springframework.test.context.junit4.statements.SpringRepeat.evaluate(SpringRepeat.java:84) [spring-test-5.0.6.RELEASE.jar:5.0.6.RELEASE]
	at org.junit.runners.ParentRunner.runLeaf(ParentRunner.java:325) [junit-4.12.jar:4.12]
	at org.springframework.test.context.junit4.SpringJUnit4ClassRunner.runChild(SpringJUnit4ClassRunner.java:251) [spring-test-5.0.6.RELEASE.jar:5.0.6.RELEASE]
	at org.springframework.test.context.junit4.SpringJUnit4ClassRunner.runChild(SpringJUnit4ClassRunner.java:97) [spring-test-5.0.6.RELEASE.jar:5.0.6.RELEASE]
	at org.junit.runners.ParentRunner$3.run(ParentRunner.java:290) [junit-4.12.jar:4.12]
	at org.junit.runners.ParentRunner$1.schedule(ParentRunner.java:71) [junit-4.12.jar:4.12]
	at org.junit.runners.ParentRunner.runChildren(ParentRunner.java:288) [junit-4.12.jar:4.12]
	at org.junit.runners.ParentRunner.access$000(ParentRunner.java:58) [junit-4.12.jar:4.12]
	at org.junit.runners.ParentRunner$2.evaluate(ParentRunner.java:268) [junit-4.12.jar:4.12]
	at org.springframework.test.context.junit4.statements.RunBeforeTestClassCallbacks.evaluate(RunBeforeTestClassCallbacks.java:61) [spring-test-5.0.6.RELEASE.jar:5.0.6.RELEASE]
	at org.springframework.test.context.junit4.statements.RunAfterTestClassCallbacks.evaluate(RunAfterTestClassCallbacks.java:70) [spring-test-5.0.6.RELEASE.jar:5.0.6.RELEASE]
	at org.junit.runners.ParentRunner.run(ParentRunner.java:363) [junit-4.12.jar:4.12]
	at org.springframework.test.context.junit4.SpringJUnit4ClassRunner.run(SpringJUnit4ClassRunner.java:190) [spring-test-5.0.6.RELEASE.jar:5.0.6.RELEASE]
	at org.apache.maven.surefire.junit4.JUnit4Provider.execute(JUnit4Provider.java:252) [surefire-junit4-2.12.4.jar:2.12.4]
	at org.apache.maven.surefire.junit4.JUnit4Provider.executeTestSet(JUnit4Provider.java:141) [surefire-junit4-2.12.4.jar:2.12.4]
	at org.apache.maven.surefire.junit4.JUnit4Provider.invoke(JUnit4Provider.java:112) [surefire-junit4-2.12.4.jar:2.12.4]
	at sun.reflect.NativeMethodAccessorImpl.invoke0(Native Method) ~[na:1.8.0_181]
	at sun.reflect.NativeMethodAccessorImpl.invoke(Unknown Source) ~[na:1.8.0_181]
	at sun.reflect.DelegatingMethodAccessorImpl.invoke(Unknown Source) ~[na:1.8.0_181]
	at java.lang.reflect.Method.invoke(Unknown Source) ~[na:1.8.0_181]
	at org.apache.maven.surefire.util.ReflectionUtils.invokeMethodWithArray(ReflectionUtils.java:189) [surefire-api-2.12.4.jar:2.12.4]
	at org.apache.maven.surefire.booter.ProviderFactory$ProviderProxy.invoke(ProviderFactory.java:165) [surefire-booter-2.12.4.jar:2.12.4]
	at org.apache.maven.surefire.booter.ProviderFactory.invokeProvider(ProviderFactory.java:85) [surefire-booter-2.12.4.jar:2.12.4]
	at org.apache.maven.surefire.booter.ForkedBooter.runSuitesInProcess(ForkedBooter.java:115) [surefire-booter-2.12.4.jar:2.12.4]
	at org.apache.maven.surefire.booter.ForkedBooter.main(ForkedBooter.java:75) [surefire-booter-2.12.4.jar:2.12.4]
Caused by: java.lang.NoClassDefFoundError: net/bytebuddy/dynamic/loading/ClassLoadingStrategy
	at org.mockito.internal.creation.bytebuddy.SubclassByteBuddyMockMaker.&lt;init&gt;(SubclassByteBuddyMockMaker.java:33) ~[mockito-core-2.15.0.jar:na]
	at org.mockito.internal.creation.bytebuddy.ByteBuddyMockMaker.&lt;init&gt;(ByteBuddyMockMaker.java:21) ~[mockito-core-2.15.0.jar:na]
	at sun.reflect.NativeConstructorAccessorImpl.newInstance0(Native Method) ~[na:1.8.0_181]
	at sun.reflect.NativeConstructorAccessorImpl.newInstance(Unknown Source) ~[na:1.8.0_181]
	at sun.reflect.DelegatingConstructorAccessorImpl.newInstance(Unknown Source) ~[na:1.8.0_181]
	at java.lang.reflect.Constructor.newInstance(Unknown Source) ~[na:1.8.0_181]
	at java.lang.Class.newInstance(Unknown Source) ~[na:1.8.0_181]
	at org.mockito.internal.configuration.plugins.DefaultMockitoPlugins.create(DefaultMockitoPlugins.java:57) ~[mockito-core-2.15.0.jar:na]
	at org.mockito.internal.configuration.plugins.DefaultMockitoPlugins.getDefaultPlugin(DefaultMockitoPlugins.java:35) ~[mockito-core-2.15.0.jar:na]
	at org.mockito.internal.configuration.plugins.PluginLoader.loadPlugin(PluginLoader.java:53) ~[mockito-core-2.15.0.jar:na]
	at org.mockito.internal.configuration.plugins.PluginRegistry.&lt;init&gt;(PluginRegistry.java:20) ~[mockito-core-2.15.0.jar:na]
	at org.mockito.internal.configuration.plugins.Plugins.&lt;clinit&gt;(Plugins.java:18) ~[mockito-core-2.15.0.jar:na]
	at org.mockito.internal.util.MockUtil.&lt;clinit&gt;(MockUtil.java:24) ~[mockito-core-2.15.0.jar:na]
	at org.mockito.internal.util.DefaultMockingDetails.isMock(DefaultMockingDetails.java:35) ~[mockito-core-2.15.0.jar:na]
	at org.springframework.boot.test.mock.mockito.MockReset.get(MockReset.java:106) ~[spring-boot-test-2.0.2.RELEASE.jar:2.0.2.RELEASE]
	at org.springframework.boot.test.mock.mockito.ResetMocksTestExecutionListener.resetMocks(ResetMocksTestExecutionListener.java:84) ~[spring-boot-test-2.0.2.RELEASE.jar:2.0.2.RELEASE]
	at org.springframework.boot.test.mock.mockito.ResetMocksTestExecutionListener.resetMocks(ResetMocksTestExecutionListener.java:70) ~[spring-boot-test-2.0.2.RELEASE.jar:2.0.2.RELEASE]
	at org.springframework.boot.test.mock.mockito.ResetMocksTestExecutionListener.beforeTestMethod(ResetMocksTestExecutionListener.java:57) ~[spring-boot-test-2.0.2.RELEASE.jar:2.0.2.RELEASE]
	at org.springframework.test.context.TestContextManager.beforeTestMethod(TestContextManager.java:291) ~[spring-test-5.0.6.RELEASE.jar:5.0.6.RELEASE]
	at org.springframework.test.context.junit4.statements.RunBeforeTestMethodCallbacks.evaluate(RunBeforeTestMethodCallbacks.java:74) ~[spring-test-5.0.6.RELEASE.jar:5.0.6.RELEASE]
	at org.springframework.test.context.junit4.statements.RunAfterTestMethodCallbacks.evaluate(RunAfterTestMethodCallbacks.java:86) [spring-test-5.0.6.RELEASE.jar:5.0.6.RELEASE]
	... 25 common frames omitted
Caused by: java.lang.ClassNotFoundException: net.bytebuddy.dynamic.loading.ClassLoadingStrategy
	at java.net.URLClassLoader.findClass(Unknown Source) ~[na:1.8.0_181]
	at java.lang.ClassLoader.loadClass(Unknown Source) ~[na:1.8.0_181]
	at sun.misc.Launcher$AppClassLoader.loadClass(Unknown Source) ~[na:1.8.0_181]
	at java.lang.ClassLoader.loadClass(Unknown Source) ~[na:1.8.0_181]
	... 46 common frames omitted

</system-out>
  </testcase>
  <testcase classname="de.fiduciagad.okvp.zahlungsverkehr.prozess.freigabeprozess.test.FreigabeProzessServiceProviderTest" name="index" time="0.077">
    <error message="Could not initialize plugin: interface org.mockito.plugins.MockMaker" type="java.lang.IllegalStateException">java.lang.IllegalStateException: Could not initialize plugin: interface org.mockito.plugins.MockMaker
	at org.mockito.internal.configuration.plugins.PluginLoader$1.invoke(PluginLoader.java:60)
	at com.sun.proxy.$Proxy84.getHandler(Unknown Source)
	at org.mockito.internal.util.MockUtil.isMock(MockUtil.java:81)
	at org.mockito.internal.util.DefaultMockingDetails.isMock(DefaultMockingDetails.java:35)
	at org.springframework.boot.test.mock.mockito.MockReset.get(MockReset.java:106)
	at org.springframework.boot.test.mock.mockito.ResetMocksTestExecutionListener.resetMocks(ResetMocksTestExecutionListener.java:84)
	at org.springframework.boot.test.mock.mockito.ResetMocksTestExecutionListener.resetMocks(ResetMocksTestExecutionListener.java:70)
	at org.springframework.boot.test.mock.mockito.ResetMocksTestExecutionListener.afterTestMethod(ResetMocksTestExecutionListener.java:64)
	at org.springframework.test.context.TestContextManager.afterTestMethod(TestContextManager.java:443)
	at org.springframework.test.context.junit4.statements.RunAfterTestMethodCallbacks.evaluate(RunAfterTestMethodCallbacks.java:94)
	at org.springframework.test.context.junit4.statements.SpringRepeat.evaluate(SpringRepeat.java:84)
	at org.junit.runners.ParentRunner.runLeaf(ParentRunner.java:325)
	at org.springframework.test.context.junit4.SpringJUnit4ClassRunner.runChild(SpringJUnit4ClassRunner.java:251)
	at org.springframework.test.context.junit4.SpringJUnit4ClassRunner.runChild(SpringJUnit4ClassRunner.java:97)
	at org.junit.runners.ParentRunner$3.run(ParentRunner.java:290)
	at org.junit.runners.ParentRunner$1.schedule(ParentRunner.java:71)
	at org.junit.runners.ParentRunner.runChildren(ParentRunner.java:288)
	at org.junit.runners.ParentRunner.access$000(ParentRunner.java:58)
	at org.junit.runners.ParentRunner$2.evaluate(ParentRunner.java:268)
	at org.springframework.test.context.junit4.statements.RunBeforeTestClassCallbacks.evaluate(RunBeforeTestClassCallbacks.java:61)
	at org.springframework.test.context.junit4.statements.RunAfterTestClassCallbacks.evaluate(RunAfterTestClassCallbacks.java:70)
	at org.junit.runners.ParentRunner.run(ParentRunner.java:363)
	at org.springframework.test.context.junit4.SpringJUnit4ClassRunner.run(SpringJUnit4ClassRunner.java:190)
	at org.apache.maven.surefire.junit4.JUnit4Provider.execute(JUnit4Provider.java:252)
	at org.apache.maven.surefire.junit4.JUnit4Provider.executeTestSet(JUnit4Provider.java:141)
	at org.apache.maven.surefire.junit4.JUnit4Provider.invoke(JUnit4Provider.java:112)
	at sun.reflect.NativeMethodAccessorImpl.invoke0(Native Method)
	at sun.reflect.NativeMethodAccessorImpl.invoke(Unknown Source)
	at sun.reflect.DelegatingMethodAccessorImpl.invoke(Unknown Source)
	at java.lang.reflect.Method.invoke(Unknown Source)
	at org.apache.maven.surefire.util.ReflectionUtils.invokeMethodWithArray(ReflectionUtils.java:189)
	at org.apache.maven.surefire.booter.ProviderFactory$ProviderProxy.invoke(ProviderFactory.java:165)
	at org.apache.maven.surefire.booter.ProviderFactory.invokeProvider(ProviderFactory.java:85)
	at org.apache.maven.surefire.booter.ForkedBooter.runSuitesInProcess(ForkedBooter.java:115)
	at org.apache.maven.surefire.booter.ForkedBooter.main(ForkedBooter.java:75)
Caused by: java.lang.NoClassDefFoundError: net/bytebuddy/dynamic/loading/ClassLoadingStrategy
	at org.mockito.internal.creation.bytebuddy.SubclassByteBuddyMockMaker.&lt;init&gt;(SubclassByteBuddyMockMaker.java:33)
	at org.mockito.internal.creation.bytebuddy.ByteBuddyMockMaker.&lt;init&gt;(ByteBuddyMockMaker.java:21)
	at sun.reflect.NativeConstructorAccessorImpl.newInstance0(Native Method)
	at sun.reflect.NativeConstructorAccessorImpl.newInstance(Unknown Source)
	at sun.reflect.DelegatingConstructorAccessorImpl.newInstance(Unknown Source)
	at java.lang.reflect.Constructor.newInstance(Unknown Source)
	at java.lang.Class.newInstance(Unknown Source)
	at org.mockito.internal.configuration.plugins.DefaultMockitoPlugins.create(DefaultMockitoPlugins.java:57)
	at org.mockito.internal.configuration.plugins.DefaultMockitoPlugins.getDefaultPlugin(DefaultMockitoPlugins.java:35)
	at org.mockito.internal.configuration.plugins.PluginLoader.loadPlugin(PluginLoader.java:53)
	at org.mockito.internal.configuration.plugins.PluginRegistry.&lt;init&gt;(PluginRegistry.java:20)
	at org.mockito.internal.configuration.plugins.Plugins.&lt;clinit&gt;(Plugins.java:18)
	at org.mockito.internal.util.MockUtil.&lt;clinit&gt;(MockUtil.java:24)
	at org.mockito.internal.util.DefaultMockingDetails.isMock(DefaultMockingDetails.java:35)
	at org.springframework.boot.test.mock.mockito.MockReset.get(MockReset.java:106)
	at org.springframework.boot.test.mock.mockito.ResetMocksTestExecutionListener.resetMocks(ResetMocksTestExecutionListener.java:84)
	at org.springframework.boot.test.mock.mockito.ResetMocksTestExecutionListener.resetMocks(ResetMocksTestExecutionListener.java:70)
	at org.springframework.boot.test.mock.mockito.ResetMocksTestExecutionListener.beforeTestMethod(ResetMocksTestExecutionListener.java:57)
	at org.springframework.test.context.TestContextManager.beforeTestMethod(TestContextManager.java:291)
	at org.springframework.test.context.junit4.statements.RunBeforeTestMethodCallbacks.evaluate(RunBeforeTestMethodCallbacks.java:74)
	at org.springframework.test.context.junit4.statements.RunAfterTestMethodCallbacks.evaluate(RunAfterTestMethodCallbacks.java:86)
	... 25 more
Caused by: java.lang.ClassNotFoundException: net.bytebuddy.dynamic.loading.ClassLoadingStrategy
	at java.net.URLClassLoader.findClass(Unknown Source)
	at java.lang.ClassLoader.loadClass(Unknown Source)
	at sun.misc.Launcher$AppClassLoader.loadClass(Unknown Source)
	at java.lang.ClassLoader.loadClass(Unknown Source)
	... 46 more
</error>
  </testcase>
</testsuite>