<?xml version="1.0" encoding="UTF-8" ?>
<testsuite tests="1" failures="0" name="de.fiduciagad.okvp.zahlungsverkehr.auftrag.prozess.test.v001.FreigabeprozessServiceProviderTest" time="0.022" errors="1" skipped="0">
  <properties>
[...]
</properties>
  <testcase classname="de.fiduciagad.okvp.zahlungsverkehr.auftrag.prozess.test.v001.FreigabeprozessServiceProviderTest" name="initializationError" time="0.022">
    <error message="Unable to find a @SpringBootConfiguration, you need to use @ContextConfiguration or @SpringBootTest(classes=...) with your test" type="java.lang.IllegalStateException">java.lang.IllegalStateException: Unable to find a @SpringBootConfiguration, you need to use @ContextConfiguration or @SpringBootTest(classes=...) with your test
	at org.springframework.util.Assert.state(Assert.java:73)
	at org.springframework.boot.test.context.SpringBootTestContextBootstrapper.getOrFindConfigurationClasses(SpringBootTestContextBootstrapper.java:240)
	at org.springframework.boot.test.context.SpringBootTestContextBootstrapper.processMergedContextConfiguration(SpringBootTestContextBootstrapper.java:153)
	at org.springframework.test.context.support.AbstractTestContextBootstrapper.buildMergedContextConfiguration(AbstractTestContextBootstrapper.java:395)
	at org.springframework.test.context.support.AbstractTestContextBootstrapper.buildDefaultMergedContextConfiguration(AbstractTestContextBootstrapper.java:312)
	at org.springframework.test.context.support.AbstractTestContextBootstrapper.buildMergedContextConfiguration(AbstractTestContextBootstrapper.java:265)
	at org.springframework.test.context.support.AbstractTestContextBootstrapper.buildTestContext(AbstractTestContextBootstrapper.java:108)
	at org.springframework.boot.test.context.SpringBootTestContextBootstrapper.buildTestContext(SpringBootTestContextBootstrapper.java:97)
	at org.springframework.test.context.TestContextManager.&lt;init&gt;(TestContextManager.java:139)
	at org.springframework.test.context.TestContextManager.&lt;init&gt;(TestContextManager.java:124)
	at org.springframework.test.context.junit4.SpringJUnit4ClassRunner.createTestContextManager(SpringJUnit4ClassRunner.java:151)
	at org.springframework.test.context.junit4.SpringJUnit4ClassRunner.&lt;init&gt;(SpringJUnit4ClassRunner.java:142)
	at org.springframework.test.context.junit4.SpringRunner.&lt;init&gt;(SpringRunner.java:49)
	at sun.reflect.NativeConstructorAccessorImpl.newInstance0(Native Method)
	at sun.reflect.NativeConstructorAccessorImpl.newInstance(Unknown Source)
	at sun.reflect.DelegatingConstructorAccessorImpl.newInstance(Unknown Source)
	at java.lang.reflect.Constructor.newInstance(Unknown Source)
	at org.junit.internal.builders.AnnotatedBuilder.buildRunner(AnnotatedBuilder.java:104)
	at org.junit.internal.builders.AnnotatedBuilder.runnerForClass(AnnotatedBuilder.java:86)
	at org.junit.runners.model.RunnerBuilder.safeRunnerForClass(RunnerBuilder.java:59)
	at org.junit.internal.builders.AllDefaultPossibilitiesBuilder.runnerForClass(AllDefaultPossibilitiesBuilder.java:26)
	at org.junit.runners.model.RunnerBuilder.safeRunnerForClass(RunnerBuilder.java:59)
	at org.junit.internal.requests.ClassRequest.getRunner(ClassRequest.java:33)
	at org.apache.maven.surefire.junit4.JUnit4Provider.execute(JUnit4Provider.java:250)
	at org.apache.maven.surefire.junit4.JUnit4Provider.executeTestSet(JUnit4Provider.java:141)
	at org.apache.maven.surefire.junit4.JUnit4Provider.invoke(JUnit4Provider.java:112)
	at sun.reflect.NativeMethodAccessorImpl.invoke0(Native Method)
	at sun.reflect.NativeMethodAccessorImpl.invoke(Unknown Source)
	at sun.reflect.DelegatingMethodAccessorImpl.invoke(Unknown Source)
	at java.lang.reflect.Method.invoke(Unknown Source)
	at org.apache.maven.surefire.util.ReflectionUtils.invokeMethodWithArray(ReflectionUtils.java:189)
	at org.apache.maven.surefire.booter.ProviderFactory$ProviderProxy.invoke(ProviderFactory.java:165)
	at org.apache.maven.surefire.booter.ProviderFactory.invokeProvider(ProviderFactory.java:85)
	at org.apache.maven.surefire.booter.ForkedBooter.runSuitesInProcess(ForkedBooter.java:115)
	at org.apache.maven.surefire.booter.ForkedBooter.main(ForkedBooter.java:75)
</error>
    <system-out>21:00:29.424 [main] DEBUG org.springframework.test.context.junit4.SpringJUnit4ClassRunner - SpringJUnit4ClassRunner constructor called with [class de.fiduciagad.okvp.zahlungsverkehr.auftrag.prozess.test.v001.FreigabeprozessServiceProviderTest]
21:00:29.434 [main] DEBUG org.springframework.test.context.BootstrapUtils - Instantiating CacheAwareContextLoaderDelegate from class [org.springframework.test.context.cache.DefaultCacheAwareContextLoaderDelegate]
21:00:29.449 [main] DEBUG org.springframework.test.context.BootstrapUtils - Instantiating BootstrapContext using constructor [public org.springframework.test.context.support.DefaultBootstrapContext(java.lang.Class,org.springframework.test.context.CacheAwareContextLoaderDelegate)]
21:00:29.489 [main] DEBUG org.springframework.test.context.BootstrapUtils - Instantiating TestContextBootstrapper for test class [de.fiduciagad.okvp.zahlungsverkehr.auftrag.prozess.test.v001.FreigabeprozessServiceProviderTest] from class [org.springframework.boot.test.context.SpringBootTestContextBootstrapper]
21:00:29.513 [main] INFO org.springframework.boot.test.context.SpringBootTestContextBootstrapper - Neither @ContextConfiguration nor @ContextHierarchy found for test class [de.fiduciagad.okvp.zahlungsverkehr.auftrag.prozess.test.v001.FreigabeprozessServiceProviderTest], using SpringBootContextLoader
21:00:29.519 [main] DEBUG org.springframework.test.context.support.AbstractContextLoader - Did not detect default resource location for test class [de.fiduciagad.okvp.zahlungsverkehr.auftrag.prozess.test.v001.FreigabeprozessServiceProviderTest]: class path resource [de/fiduciagad/okvp/zahlungsverkehr/auftrag/prozess/test/v001/FreigabeprozessServiceProviderTest-context.xml] does not exist
21:00:29.520 [main] DEBUG org.springframework.test.context.support.AbstractContextLoader - Did not detect default resource location for test class [de.fiduciagad.okvp.zahlungsverkehr.auftrag.prozess.test.v001.FreigabeprozessServiceProviderTest]: class path resource [de/fiduciagad/okvp/zahlungsverkehr/auftrag/prozess/test/v001/FreigabeprozessServiceProviderTestContext.groovy] does not exist
21:00:29.520 [main] INFO org.springframework.test.context.support.AbstractContextLoader - Could not detect default resource locations for test class [de.fiduciagad.okvp.zahlungsverkehr.auftrag.prozess.test.v001.FreigabeprozessServiceProviderTest]: no resource found for suffixes {-context.xml, Context.groovy}.
21:00:29.521 [main] INFO org.springframework.test.context.support.AnnotationConfigContextLoaderUtils - Could not detect default configuration classes for test class [de.fiduciagad.okvp.zahlungsverkehr.auftrag.prozess.test.v001.FreigabeprozessServiceProviderTest]: FreigabeprozessServiceProviderTest does not declare any static, non-private, non-final, nested classes annotated with @Configuration.
21:00:29.596 [main] DEBUG org.springframework.test.context.support.ActiveProfilesUtils - Could not find an &apos;annotation declaring class&apos; for annotation type [org.springframework.test.context.ActiveProfiles] and class [de.fiduciagad.okvp.zahlungsverkehr.auftrag.prozess.test.v001.FreigabeprozessServiceProviderTest]
21:00:29.611 [main] DEBUG org.springframework.core.env.StandardEnvironment - Adding PropertySource &apos;systemProperties&apos; with lowest search precedence
21:00:29.611 [main] DEBUG org.springframework.core.env.StandardEnvironment - Adding PropertySource &apos;systemEnvironment&apos; with lowest search precedence
21:00:29.612 [main] DEBUG org.springframework.core.env.StandardEnvironment - Initialized StandardEnvironment with PropertySources [MapPropertySource@146370526 {name=&apos;systemProperties&apos;, properties={java.runtime.name=Java(TM) SE Runtime Environment, sun.boot.library.path=C:\ProgramData\JAVASOFT\JRE\1.8.0\bin, java.vm.version=25.181-b25, java.vm.vendor=Oracle Corporation, java.vendor.url=http://java.oracle.com/, path.separator=;, java.vm.name=Java HotSpot(TM) 64-Bit Server VM, file.encoding.pkg=sun.io, user.country=DE, user.script=, sun.java.launcher=SUN_STANDARD, sun.os.patch.level=Service Pack 1, java.vm.specification.name=Java Virtual Machine Specification, user.dir=C:\Users\xcm1030\Documents\77_Programme\eclipse-workspace-camunda\okvp-zahlungsverkehr-auftrag-prozess-v001, java.runtime.version=1.8.0_181-b25, basedir=C:\Users\xcm1030\Documents\77_Programme\eclipse-workspace-camunda\okvp-zahlungsverkehr-auftrag-prozess-v001, java.awt.graphicsenv=sun.awt.Win32GraphicsEnvironment, java.endorsed.dirs=C:\ProgramData\JAVASOFT\JRE\1.8.0\lib\endorsed, os.arch=amd64, surefire.real.class.path=C:\Users\xcm1030\Documents\77_Programme\eclipse-workspace-camunda\okvp-zahlungsverkehr-auftrag-prozess-v001\target\surefire\surefirebooter1754844844131799962.jar, java.io.tmpdir=C:\Users\xcm1030\AppData\Local\Temp\, line.separator=
, java.vm.specification.vendor=Oracle Corporation, user.variant=, os.name=Windows 7, sun.jnu.encoding=Cp1252, java.library.path=C:\ProgramData\JAVASOFT\JRE\1.8.0\bin;C:\WINDOWS\Sun\Java\bin;C:\WINDOWS\system32;C:\WINDOWS;C:/ProgramData/Javasoft/JRE/1.8.0/bin/server;C:/ProgramData/Javasoft/JRE/1.8.0/bin;C:/ProgramData/Javasoft/JRE/1.8.0/lib/amd64;C:\Program Files (x86)\Common Files\Oracle\Java\javapath;C:\Interne\Programme\Perl\site\bin;C:\Interne\Programme\Perl\bin;C:\WINDOWS\system32;C:\WINDOWS;C:\WINDOWS\System32\Wbem;C:\WINDOWS\System32\WindowsPowerShell\v1.0\;C:\WINDOWS\SysWOW64\isvTools\;C:\Windows\SysWOW64\isvTools;C:\interne\Programme\SM9333\plugins\com.hp.ov.sm.client.thirdparty_9.33.3000\lib;C:\Interne\Programme\SQLLIB\bin;C:\WINDOWS\System32\WindowsPowerShell\v1.0\;C:\WINDOWS\System32\WindowsPowerShell\v1.0\;C:\Interne\Programme\Mozilla Firefox;C:\Program Files\nodejs\;C:\Users\xcm1030\AppData\Roaming\npm;C:\Users\xcm1030\Documents\77_Programme\Git\cmd;C:\Users\xcm1030\Documents\77_Programme\eclipse-camunda\eclipse;;., surefire.test.class.path=C:\Users\xcm1030\Documents\77_Programme\eclipse-workspace-camunda\okvp-zahlungsverkehr-auftrag-prozess-v001\target\test-classes;C:\Users\xcm1030\Documents\77_Programme\eclipse-workspace-camunda\okvp-zahlungsverkehr-auftrag-prozess-v001\target\classes;C:\Users\xcm1030\.m2\repository\org\springframework\boot\spring-boot-starter-test\2.0.2.RELEASE\spring-boot-starter-test-2.0.2.RELEASE.jar;C:\Users\xcm1030\.m2\repository\org\springframework\boot\spring-boot-starter\2.0.2.RELEASE\spring-boot-starter-2.0.2.RELEASE.jar;C:\Users\xcm1030\.m2\repository\org\springframework\boot\spring-boot\2.0.2.RELEASE\spring-boot-2.0.2.RELEASE.jar;C:\Users\xcm1030\.m2\repository\org\springframework\spring-context\5.0.6.RELEASE\spring-context-5.0.6.RELEASE.jar;C:\Users\xcm1030\.m2\repository\org\springframework\spring-aop\5.0.6.RELEASE\spring-aop-5.0.6.RELEASE.jar;C:\Users\xcm1030\.m2\repository\org\springframework\spring-beans\5.0.6.RELEASE\spring-beans-5.0.6.RELEASE.jar;C:\Users\xcm1030\.m2\repository\org\springframework\spring-expression\5.0.6.RELEASE\spring-expression-5.0.6.RELEASE.jar;C:\Users\xcm1030\.m2\repository\org\springframework\boot\spring-boot-autoconfigure\2.0.2.RELEASE\spring-boot-autoconfigure-2.0.2.RELEASE.jar;C:\Users\xcm1030\.m2\repository\org\springframework\boot\spring-boot-starter-logging\2.0.2.RELEASE\spring-boot-starter-logging-2.0.2.RELEASE.jar;C:\Users\xcm1030\.m2\repository\ch\qos\logback\logback-classic\1.2.3\logback-classic-1.2.3.jar;C:\Users\xcm1030\.m2\repository\ch\qos\logback\logback-core\1.2.3\logback-core-1.2.3.jar;C:\Users\xcm1030\.m2\repository\org\apache\logging\log4j\log4j-to-slf4j\2.10.0\log4j-to-slf4j-2.10.0.jar;C:\Users\xcm1030\.m2\repository\org\apache\logging\log4j\log4j-api\2.10.0\log4j-api-2.10.0.jar;C:\Users\xcm1030\.m2\repository\org\slf4j\jul-to-slf4j\1.7.25\jul-to-slf4j-1.7.25.jar;C:\Users\xcm1030\.m2\repository\javax\annotation\javax.annotation-api\1.3.2\javax.annotation-api-1.3.2.jar;C:\Users\xcm1030\.m2\repository\org\yaml\snakeyaml\1.19\snakeyaml-1.19.jar;C:\Users\xcm1030\.m2\repository\org\springframework\boot\spring-boot-test\2.0.2.RELEASE\spring-boot-test-2.0.2.RELEASE.jar;C:\Users\xcm1030\.m2\repository\org\springframework\boot\spring-boot-test-autoconfigure\2.0.2.RELEASE\spring-boot-test-autoconfigure-2.0.2.RELEASE.jar;C:\Users\xcm1030\.m2\repository\com\jayway\jsonpath\json-path\2.4.0\json-path-2.4.0.jar;C:\Users\xcm1030\.m2\repository\net\minidev\json-smart\2.3\json-smart-2.3.jar;C:\Users\xcm1030\.m2\repository\net\minidev\accessors-smart\1.2\accessors-smart-1.2.jar;C:\Users\xcm1030\.m2\repository\org\ow2\asm\asm\5.0.4\asm-5.0.4.jar;C:\Users\xcm1030\.m2\repository\org\slf4j\slf4j-api\1.7.25\slf4j-api-1.7.25.jar;C:\Users\xcm1030\.m2\repository\junit\junit\4.12\junit-4.12.jar;C:\Users\xcm1030\.m2\repository\org\assertj\assertj-core\3.9.1\assertj-core-3.9.1.jar;C:\Users\xcm1030\.m2\repository\org\mockito\mockito-core\2.15.0\mockito-core-2.15.0.jar;C:\Users\xcm1030\.m2\repository\net\bytebuddy\byte-buddy\1.7.11\byte-buddy-1.7.11.jar;C:\Users\xcm1030\.m2\repository\net\bytebuddy\byte-buddy-agent\1.7.11\byte-buddy-agent-1.7.11.jar;C:\Users\xcm1030\.m2\repository\org\objenesis\objenesis\2.6\objenesis-2.6.jar;C:\Users\xcm1030\.m2\repository\org\hamcrest\hamcrest-core\1.3\hamcrest-core-1.3.jar;C:\Users\xcm1030\.m2\repository\org\hamcrest\hamcrest-library\1.3\hamcrest-library-1.3.jar;C:\Users\xcm1030\.m2\repository\org\skyscreamer\jsonassert\1.5.0\jsonassert-1.5.0.jar;C:\Users\xcm1030\.m2\repository\com\vaadin\external\google\android-json\0.0.20131108.vaadin1\android-json-0.0.20131108.vaadin1.jar;C:\Users\xcm1030\.m2\repository\org\springframework\spring-core\5.0.6.RELEASE\spring-core-5.0.6.RELEASE.jar;C:\Users\xcm1030\.m2\repository\org\springframework\spring-jcl\5.0.6.RELEASE\spring-jcl-5.0.6.RELEASE.jar;C:\Users\xcm1030\.m2\repository\org\springframework\spring-test\5.0.6.RELEASE\spring-test-5.0.6.RELEASE.jar;C:\Users\xcm1030\.m2\repository\org\xmlunit\xmlunit-core\2.5.1\xmlunit-core-2.5.1.jar;C:\Users\xcm1030\.m2\repository\org\camunda\bpm\springboot\camunda-bpm-spring-boot-starter-webapp\3.0.0\camunda-bpm-spring-boot-starter-webapp-3.0.0.jar;C:\Users\xcm1030\.m2\repository\org\camunda\bpm\springboot\camunda-bpm-spring-boot-starter-webapp-core\3.0.0\camunda-bpm-spring-boot-starter-webapp-core-3.0.0.jar;C:\Users\xcm1030\.m2\repository\org\camunda\bpm\springboot\camunda-bpm-spring-boot-starter\3.0.0\camunda-bpm-spring-boot-starter-3.0.0.jar;C:\Users\xcm1030\.m2\repository\org\camunda\bpm\camunda-engine-spring\7.9.0\camunda-engine-spring-7.9.0.jar;C:\Users\xcm1030\.m2\repository\org\camunda\bpm\camunda-engine\7.9.0\camunda-engine-7.9.0.jar;C:\Users\xcm1030\.m2\repository\org\camunda\bpm\model\camunda-bpmn-model\7.9.0\camunda-bpmn-model-7.9.0.jar;C:\Users\xcm1030\.m2\repository\org\camunda\bpm\model\camunda-xml-model\7.9.0\camunda-xml-model-7.9.0.jar;C:\Users\xcm1030\.m2\repository\org\camunda\bpm\model\camunda-cmmn-model\7.9.0\camunda-cmmn-model-7.9.0.jar;C:\Users\xcm1030\.m2\repository\org\camunda\bpm\dmn\camunda-engine-dmn\7.9.0\camunda-engine-dmn-7.9.0.jar;C:\Users\xcm1030\.m2\repository\org\camunda\bpm\model\camunda-dmn-model\7.9.0\camunda-dmn-model-7.9.0.jar;C:\Users\xcm1030\.m2\repository\org\camunda\bpm\dmn\camunda-engine-feel-api\7.9.0\camunda-engine-feel-api-7.9.0.jar;C:\Users\xcm1030\.m2\repository\org\camunda\bpm\dmn\camunda-engine-feel-juel\7.9.0\camunda-engine-feel-juel-7.9.0.jar;C:\Users\xcm1030\.m2\repository\org\apache\commons\commons-email\1.5\commons-email-1.5.jar;C:\Users\xcm1030\.m2\repository\com\sun\mail\javax.mail\1.6.1\javax.mail-1.6.1.jar;C:\Users\xcm1030\.m2\repository\javax\activation\activation\1.1\activation-1.1.jar;C:\Users\xcm1030\.m2\repository\org\mybatis\mybatis\3.4.4\mybatis-3.4.4.jar;C:\Users\xcm1030\.m2\repository\joda-time\joda-time\2.9.9\joda-time-2.9.9.jar;C:\Users\xcm1030\.m2\repository\org\springframework\spring-jdbc\5.0.6.RELEASE\spring-jdbc-5.0.6.RELEASE.jar;C:\Users\xcm1030\.m2\repository\org\springframework\spring-tx\5.0.6.RELEASE\spring-tx-5.0.6.RELEASE.jar;C:\Users\xcm1030\.m2\repository\commons-lang\commons-lang\2.4\commons-lang-2.4.jar;C:\Users\xcm1030\.m2\repository\org\springframework\spring-orm\5.0.6.RELEASE\spring-orm-5.0.6.RELEASE.jar;C:\Users\xcm1030\.m2\repository\commons-dbcp\commons-dbcp\1.4\commons-dbcp-1.4.jar;C:\Users\xcm1030\.m2\repository\commons-pool\commons-pool\1.6\commons-pool-1.6.jar;C:\Users\xcm1030\.m2\repository\com\fasterxml\uuid\java-uuid-generator\3.1.2\java-uuid-generator-3.1.2.jar;C:\Users\xcm1030\.m2\repository\org\camunda\bpm\webapp\camunda-webapp\7.9.0\camunda-webapp-7.9.0-classes.jar;C:\Users\xcm1030\.m2\repository\org\camunda\bpm\camunda-engine-rest-core\7.9.0\camunda-engine-rest-core-7.9.0.jar;C:\Users\xcm1030\.m2\repository\commons-fileupload\commons-fileupload\1.3.3\commons-fileupload-1.3.3.jar;C:\Users\xcm1030\.m2\repository\commons-io\commons-io\2.2\commons-io-2.2.jar;C:\Users\xcm1030\.m2\repository\com\fasterxml\jackson\jaxrs\jackson-jaxrs-json-provider\2.9.5\jackson-jaxrs-json-provider-2.9.5.jar;C:\Users\xcm1030\.m2\repository\com\fasterxml\jackson\jaxrs\jackson-jaxrs-base\2.9.5\jackson-jaxrs-base-2.9.5.jar;C:\Users\xcm1030\.m2\repository\org\springframework\boot\spring-boot-starter-web\2.0.2.RELEASE\spring-boot-starter-web-2.0.2.RELEASE.jar;C:\Users\xcm1030\.m2\repository\org\springframework\boot\spring-boot-starter-json\2.0.2.RELEASE\spring-boot-starter-json-2.0.2.RELEASE.jar;C:\Users\xcm1030\.m2\repository\com\fasterxml\jackson\datatype\jackson-datatype-jdk8\2.9.5\jackson-datatype-jdk8-2.9.5.jar;C:\Users\xcm1030\.m2\repository\com\fasterxml\jackson\datatype\jackson-datatype-jsr310\2.9.5\jackson-datatype-jsr310-2.9.5.jar;C:\Users\xcm1030\.m2\repository\com\fasterxml\jackson\module\jackson-module-parameter-names\2.9.5\jackson-module-parameter-names-2.9.5.jar;C:\Users\xcm1030\.m2\repository\org\springframework\boot\spring-boot-starter-tomcat\2.0.2.RELEASE\spring-boot-starter-tomcat-2.0.2.RELEASE.jar;C:\Users\xcm1030\.m2\repository\org\apache\tomcat\embed\tomcat-embed-core\8.5.31\tomcat-embed-core-8.5.31.jar;C:\Users\xcm1030\.m2\repository\org\apache\tomcat\embed\tomcat-embed-el\8.5.31\tomcat-embed-el-8.5.31.jar;C:\Users\xcm1030\.m2\repository\org\apache\tomcat\embed\tomcat-embed-websocket\8.5.31\tomcat-embed-websocket-8.5.31.jar;C:\Users\xcm1030\.m2\repository\org\hibernate\validator\hibernate-validator\6.0.9.Final\hibernate-validator-6.0.9.Final.jar;C:\Users\xcm1030\.m2\repository\javax\validation\validation-api\2.0.1.Final\validation-api-2.0.1.Final.jar;C:\Users\xcm1030\.m2\repository\org\jboss\logging\jboss-logging\3.3.2.Final\jboss-logging-3.3.2.Final.jar;C:\Users\xcm1030\.m2\repository\com\fasterxml\classmate\1.3.4\classmate-1.3.4.jar;C:\Users\xcm1030\.m2\repository\org\springframework\spring-web\5.0.6.RELEASE\spring-web-5.0.6.RELEASE.jar;C:\Users\xcm1030\.m2\repository\org\springframework\spring-webmvc\5.0.6.RELEASE\spring-webmvc-5.0.6.RELEASE.jar;C:\Users\xcm1030\.m2\repository\org\springframework\boot\spring-boot-starter-jersey\2.0.2.RELEASE\spring-boot-starter-jersey-2.0.2.RELEASE.jar;C:\Users\xcm1030\.m2\repository\org\springframework\boot\spring-boot-starter-validation\2.0.2.RELEASE\spring-boot-starter-validation-2.0.2.RELEASE.jar;C:\Users\xcm1030\.m2\repository\org\glassfish\jersey\core\jersey-server\2.26\jersey-server-2.26.jar;C:\Users\xcm1030\.m2\repository\org\glassfish\jersey\core\jersey-common\2.26\jersey-common-2.26.jar;C:\Users\xcm1030\.m2\repository\org\glassfish\hk2\osgi-resource-locator\1.0.1\osgi-resource-locator-1.0.1.jar;C:\Users\xcm1030\.m2\repository\org\glassfish\jersey\core\jersey-client\2.26\jersey-client-2.26.jar;C:\Users\xcm1030\.m2\repository\javax\ws\rs\javax.ws.rs-api\2.1\javax.ws.rs-api-2.1.jar;C:\Users\xcm1030\.m2\repository\org\glassfish\jersey\media\jersey-media-jaxb\2.26\jersey-media-jaxb-2.26.jar;C:\Users\xcm1030\.m2\repository\org\glassfish\jersey\containers\jersey-container-servlet-core\2.26\jersey-container-servlet-core-2.26.jar;C:\Users\xcm1030\.m2\repository\org\glassfish\jersey\containers\jersey-container-servlet\2.26\jersey-container-servlet-2.26.jar;C:\Users\xcm1030\.m2\repository\org\glassfish\jersey\ext\jersey-bean-validation\2.26\jersey-bean-validation-2.26.jar;C:\Users\xcm1030\.m2\repository\org\glassfish\jersey\ext\jersey-spring4\2.26\jersey-spring4-2.26.jar;C:\Users\xcm1030\.m2\repository\org\glassfish\jersey\inject\jersey-hk2\2.26\jersey-hk2-2.26.jar;C:\Users\xcm1030\.m2\repository\org\glassfish\hk2\hk2-locator\2.5.0-b42\hk2-locator-2.5.0-b42.jar;C:\Users\xcm1030\.m2\repository\org\glassfish\hk2\external\aopalliance-repackaged\2.5.0-b42\aopalliance-repackaged-2.5.0-b42.jar;C:\Users\xcm1030\.m2\repository\org\javassist\javassist\3.22.0-CR2\javassist-3.22.0-CR2.jar;C:\Users\xcm1030\.m2\repository\org\glassfish\hk2\hk2\2.5.0-b42\hk2-2.5.0-b42.jar;C:\Users\xcm1030\.m2\repository\org\glassfish\hk2\hk2-utils\2.5.0-b42\hk2-utils-2.5.0-b42.jar;C:\Users\xcm1030\.m2\repository\javax\inject\javax.inject\1\javax.inject-1.jar;C:\Users\xcm1030\.m2\repository\org\glassfish\hk2\hk2-api\2.5.0-b42\hk2-api-2.5.0-b42.jar;C:\Users\xcm1030\.m2\repository\org\glassfish\hk2\config-types\2.5.0-b42\config-types-2.5.0-b42.jar;C:\Users\xcm1030\.m2\repository\org\glassfish\hk2\hk2-core\2.5.0-b42\hk2-core-2.5.0-b42.jar;C:\Users\xcm1030\.m2\repository\org\glassfish\hk2\hk2-config\2.5.0-b42\hk2-config-2.5.0-b42.jar;C:\Users\xcm1030\.m2\repository\org\glassfish\hk2\hk2-runlevel\2.5.0-b42\hk2-runlevel-2.5.0-b42.jar;C:\Users\xcm1030\.m2\repository\org\glassfish\hk2\class-model\2.5.0-b42\class-model-2.5.0-b42.jar;C:\Users\xcm1030\.m2\repository\org\glassfish\hk2\external\asm-all-repackaged\2.5.0-b42\asm-all-repackaged-2.5.0-b42.jar;C:\Users\xcm1030\.m2\repository\org\glassfish\hk2\spring-bridge\2.5.0-b42\spring-bridge-2.5.0-b42.jar;C:\Users\xcm1030\.m2\repository\org\glassfish\jersey\media\jersey-media-json-jackson\2.26\jersey-media-json-jackson-2.26.jar;C:\Users\xcm1030\.m2\repository\org\glassfish\jersey\ext\jersey-entity-filtering\2.26\jersey-entity-filtering-2.26.jar;C:\Users\xcm1030\.m2\repository\com\fasterxml\jackson\module\jackson-module-jaxb-annotations\2.9.5\jackson-module-jaxb-annotations-2.9.5.jar;C:\Users\xcm1030\.m2\repository\org\camunda\bpm\webapp\camunda-webapp-webjar\7.9.0\camunda-webapp-webjar-7.9.0.jar;C:\Users\xcm1030\.m2\repository\org\camunda\bpm\camunda-external-task-client\1.0.0\camunda-external-task-client-1.0.0.jar;C:\Users\xcm1030\.m2\repository\org\camunda\commons\camunda-commons-logging\1.5.0\camunda-commons-logging-1.5.0.jar;C:\Users\xcm1030\.m2\repository\org\camunda\commons\camunda-commons-typed-values\1.5.0\camunda-commons-typed-values-1.5.0.jar;C:\Users\xcm1030\.m2\repository\org\camunda\commons\camunda-commons-utils\1.5.0\camunda-commons-utils-1.5.0.jar;C:\Users\xcm1030\.m2\repository\org\apache\httpcomponents\httpclient\4.5.5\httpclient-4.5.5.jar;C:\Users\xcm1030\.m2\repository\org\apache\httpcomponents\httpcore\4.4.9\httpcore-4.4.9.jar;C:\Users\xcm1030\.m2\repository\commons-codec\commons-codec\1.11\commons-codec-1.11.jar;C:\Users\xcm1030\.m2\repository\com\fasterxml\jackson\core\jackson-databind\2.9.5\jackson-databind-2.9.5.jar;C:\Users\xcm1030\.m2\repository\com\fasterxml\jackson\core\jackson-annotations\2.9.0\jackson-annotations-2.9.0.jar;C:\Users\xcm1030\.m2\repository\com\fasterxml\jackson\core\jackson-core\2.9.5\jackson-core-2.9.5.jar;C:\Users\xcm1030\.m2\repository\com\h2database\h2\1.4.197\h2-1.4.197.jar;, java.specification.name=Java Platform API Specification, java.class.version=52.0, sun.management.compiler=HotSpot 64-Bit Tiered Compilers, os.version=6.1, user.home=C:\Users\xcm1030, user.timezone=Europe/Berlin, java.awt.printerjob=sun.awt.windows.WPrinterJob, file.encoding=Cp1252, java.specification.version=1.8, java.class.path=C:\Users\xcm1030\Documents\77_Programme\eclipse-workspace-camunda\okvp-zahlungsverkehr-auftrag-prozess-v001\target\test-classes;C:\Users\xcm1030\Documents\77_Programme\eclipse-workspace-camunda\okvp-zahlungsverkehr-auftrag-prozess-v001\target\classes;C:\Users\xcm1030\.m2\repository\org\springframework\boot\spring-boot-starter-test\2.0.2.RELEASE\spring-boot-starter-test-2.0.2.RELEASE.jar;C:\Users\xcm1030\.m2\repository\org\springframework\boot\spring-boot-starter\2.0.2.RELEASE\spring-boot-starter-2.0.2.RELEASE.jar;C:\Users\xcm1030\.m2\repository\org\springframework\boot\spring-boot\2.0.2.RELEASE\spring-boot-2.0.2.RELEASE.jar;C:\Users\xcm1030\.m2\repository\org\springframework\spring-context\5.0.6.RELEASE\spring-context-5.0.6.RELEASE.jar;C:\Users\xcm1030\.m2\repository\org\springframework\spring-aop\5.0.6.RELEASE\spring-aop-5.0.6.RELEASE.jar;C:\Users\xcm1030\.m2\repository\org\springframework\spring-beans\5.0.6.RELEASE\spring-beans-5.0.6.RELEASE.jar;C:\Users\xcm1030\.m2\repository\org\springframework\spring-expression\5.0.6.RELEASE\spring-expression-5.0.6.RELEASE.jar;C:\Users\xcm1030\.m2\repository\org\springframework\boot\spring-boot-autoconfigure\2.0.2.RELEASE\spring-boot-autoconfigure-2.0.2.RELEASE.jar;C:\Users\xcm1030\.m2\repository\org\springframework\boot\spring-boot-starter-logging\2.0.2.RELEASE\spring-boot-starter-logging-2.0.2.RELEASE.jar;C:\Users\xcm1030\.m2\repository\ch\qos\logback\logback-classic\1.2.3\logback-classic-1.2.3.jar;C:\Users\xcm1030\.m2\repository\ch\qos\logback\logback-core\1.2.3\logback-core-1.2.3.jar;C:\Users\xcm1030\.m2\repository\org\apache\logging\log4j\log4j-to-slf4j\2.10.0\log4j-to-slf4j-2.10.0.jar;C:\Users\xcm1030\.m2\repository\org\apache\logging\log4j\log4j-api\2.10.0\log4j-api-2.10.0.jar;C:\Users\xcm1030\.m2\repository\org\slf4j\jul-to-slf4j\1.7.25\jul-to-slf4j-1.7.25.jar;C:\Users\xcm1030\.m2\repository\javax\annotation\javax.annotation-api\1.3.2\javax.annotation-api-1.3.2.jar;C:\Users\xcm1030\.m2\repository\org\yaml\snakeyaml\1.19\snakeyaml-1.19.jar;C:\Users\xcm1030\.m2\repository\org\springframework\boot\spring-boot-test\2.0.2.RELEASE\spring-boot-test-2.0.2.RELEASE.jar;C:\Users\xcm1030\.m2\repository\org\springframework\boot\spring-boot-test-autoconfigure\2.0.2.RELEASE\spring-boot-test-autoconfigure-2.0.2.RELEASE.jar;C:\Users\xcm1030\.m2\repository\com\jayway\jsonpath\json-path\2.4.0\json-path-2.4.0.jar;C:\Users\xcm1030\.m2\repository\net\minidev\json-smart\2.3\json-smart-2.3.jar;C:\Users\xcm1030\.m2\repository\net\minidev\accessors-smart\1.2\accessors-smart-1.2.jar;C:\Users\xcm1030\.m2\repository\org\ow2\asm\asm\5.0.4\asm-5.0.4.jar;C:\Users\xcm1030\.m2\repository\org\slf4j\slf4j-api\1.7.25\slf4j-api-1.7.25.jar;C:\Users\xcm1030\.m2\repository\junit\junit\4.12\junit-4.12.jar;C:\Users\xcm1030\.m2\repository\org\assertj\assertj-core\3.9.1\assertj-core-3.9.1.jar;C:\Users\xcm1030\.m2\repository\org\mockito\mockito-core\2.15.0\mockito-core-2.15.0.jar;C:\Users\xcm1030\.m2\repository\net\bytebuddy\byte-buddy\1.7.11\byte-buddy-1.7.11.jar;C:\Users\xcm1030\.m2\repository\net\bytebuddy\byte-buddy-agent\1.7.11\byte-buddy-agent-1.7.11.jar;C:\Users\xcm1030\.m2\repository\org\objenesis\objenesis\2.6\objenesis-2.6.jar;C:\Users\xcm1030\.m2\repository\org\hamcrest\hamcrest-core\1.3\hamcrest-core-1.3.jar;C:\Users\xcm1030\.m2\repository\org\hamcrest\hamcrest-library\1.3\hamcrest-library-1.3.jar;C:\Users\xcm1030\.m2\repository\org\skyscreamer\jsonassert\1.5.0\jsonassert-1.5.0.jar;C:\Users\xcm1030\.m2\repository\com\vaadin\external\google\android-json\0.0.20131108.vaadin1\android-json-0.0.20131108.vaadin1.jar;C:\Users\xcm1030\.m2\repository\org\springframework\spring-core\5.0.6.RELEASE\spring-core-5.0.6.RELEASE.jar;C:\Users\xcm1030\.m2\repository\org\springframework\spring-jcl\5.0.6.RELEASE\spring-jcl-5.0.6.RELEASE.jar;C:\Users\xcm1030\.m2\repository\org\springframework\spring-test\5.0.6.RELEASE\spring-test-5.0.6.RELEASE.jar;C:\Users\xcm1030\.m2\repository\org\xmlunit\xmlunit-core\2.5.1\xmlunit-core-2.5.1.jar;C:\Users\xcm1030\.m2\repository\org\camunda\bpm\springboot\camunda-bpm-spring-boot-starter-webapp\3.0.0\camunda-bpm-spring-boot-starter-webapp-3.0.0.jar;C:\Users\xcm1030\.m2\repository\org\camunda\bpm\springboot\camunda-bpm-spring-boot-starter-webapp-core\3.0.0\camunda-bpm-spring-boot-starter-webapp-core-3.0.0.jar;C:\Users\xcm1030\.m2\repository\org\camunda\bpm\springboot\camunda-bpm-spring-boot-starter\3.0.0\camunda-bpm-spring-boot-starter-3.0.0.jar;C:\Users\xcm1030\.m2\repository\org\camunda\bpm\camunda-engine-spring\7.9.0\camunda-engine-spring-7.9.0.jar;C:\Users\xcm1030\.m2\repository\org\camunda\bpm\camunda-engine\7.9.0\camunda-engine-7.9.0.jar;C:\Users\xcm1030\.m2\repository\org\camunda\bpm\model\camunda-bpmn-model\7.9.0\camunda-bpmn-model-7.9.0.jar;C:\Users\xcm1030\.m2\repository\org\camunda\bpm\model\camunda-xml-model\7.9.0\camunda-xml-model-7.9.0.jar;C:\Users\xcm1030\.m2\repository\org\camunda\bpm\model\camunda-cmmn-model\7.9.0\camunda-cmmn-model-7.9.0.jar;C:\Users\xcm1030\.m2\repository\org\camunda\bpm\dmn\camunda-engine-dmn\7.9.0\camunda-engine-dmn-7.9.0.jar;C:\Users\xcm1030\.m2\repository\org\camunda\bpm\model\camunda-dmn-model\7.9.0\camunda-dmn-model-7.9.0.jar;C:\Users\xcm1030\.m2\repository\org\camunda\bpm\dmn\camunda-engine-feel-api\7.9.0\camunda-engine-feel-api-7.9.0.jar;C:\Users\xcm1030\.m2\repository\org\camunda\bpm\dmn\camunda-engine-feel-juel\7.9.0\camunda-engine-feel-juel-7.9.0.jar;C:\Users\xcm1030\.m2\repository\org\apache\commons\commons-email\1.5\commons-email-1.5.jar;C:\Users\xcm1030\.m2\repository\com\sun\mail\javax.mail\1.6.1\javax.mail-1.6.1.jar;C:\Users\xcm1030\.m2\repository\javax\activation\activation\1.1\activation-1.1.jar;C:\Users\xcm1030\.m2\repository\org\mybatis\mybatis\3.4.4\mybatis-3.4.4.jar;C:\Users\xcm1030\.m2\repository\joda-time\joda-time\2.9.9\joda-time-2.9.9.jar;C:\Users\xcm1030\.m2\repository\org\springframework\spring-jdbc\5.0.6.RELEASE\spring-jdbc-5.0.6.RELEASE.jar;C:\Users\xcm1030\.m2\repository\org\springframework\spring-tx\5.0.6.RELEASE\spring-tx-5.0.6.RELEASE.jar;C:\Users\xcm1030\.m2\repository\commons-lang\commons-lang\2.4\commons-lang-2.4.jar;C:\Users\xcm1030\.m2\repository\org\springframework\spring-orm\5.0.6.RELEASE\spring-orm-5.0.6.RELEASE.jar;C:\Users\xcm1030\.m2\repository\commons-dbcp\commons-dbcp\1.4\commons-dbcp-1.4.jar;C:\Users\xcm1030\.m2\repository\commons-pool\commons-pool\1.6\commons-pool-1.6.jar;C:\Users\xcm1030\.m2\repository\com\fasterxml\uuid\java-uuid-generator\3.1.2\java-uuid-generator-3.1.2.jar;C:\Users\xcm1030\.m2\repository\org\camunda\bpm\webapp\camunda-webapp\7.9.0\camunda-webapp-7.9.0-classes.jar;C:\Users\xcm1030\.m2\repository\org\camunda\bpm\camunda-engine-rest-core\7.9.0\camunda-engine-rest-core-7.9.0.jar;C:\Users\xcm1030\.m2\repository\commons-fileupload\commons-fileupload\1.3.3\commons-fileupload-1.3.3.jar;C:\Users\xcm1030\.m2\repository\commons-io\commons-io\2.2\commons-io-2.2.jar;C:\Users\xcm1030\.m2\repository\com\fasterxml\jackson\jaxrs\jackson-jaxrs-json-provider\2.9.5\jackson-jaxrs-json-provider-2.9.5.jar;C:\Users\xcm1030\.m2\repository\com\fasterxml\jackson\jaxrs\jackson-jaxrs-base\2.9.5\jackson-jaxrs-base-2.9.5.jar;C:\Users\xcm1030\.m2\repository\org\springframework\boot\spring-boot-starter-web\2.0.2.RELEASE\spring-boot-starter-web-2.0.2.RELEASE.jar;C:\Users\xcm1030\.m2\repository\org\springframework\boot\spring-boot-starter-json\2.0.2.RELEASE\spring-boot-starter-json-2.0.2.RELEASE.jar;C:\Users\xcm1030\.m2\repository\com\fasterxml\jackson\datatype\jackson-datatype-jdk8\2.9.5\jackson-datatype-jdk8-2.9.5.jar;C:\Users\xcm1030\.m2\repository\com\fasterxml\jackson\datatype\jackson-datatype-jsr310\2.9.5\jackson-datatype-jsr310-2.9.5.jar;C:\Users\xcm1030\.m2\repository\com\fasterxml\jackson\module\jackson-module-parameter-names\2.9.5\jackson-module-parameter-names-2.9.5.jar;C:\Users\xcm1030\.m2\repository\org\springframework\boot\spring-boot-starter-tomcat\2.0.2.RELEASE\spring-boot-starter-tomcat-2.0.2.RELEASE.jar;C:\Users\xcm1030\.m2\repository\org\apache\tomcat\embed\tomcat-embed-core\8.5.31\tomcat-embed-core-8.5.31.jar;C:\Users\xcm1030\.m2\repository\org\apache\tomcat\embed\tomcat-embed-el\8.5.31\tomcat-embed-el-8.5.31.jar;C:\Users\xcm1030\.m2\repository\org\apache\tomcat\embed\tomcat-embed-websocket\8.5.31\tomcat-embed-websocket-8.5.31.jar;C:\Users\xcm1030\.m2\repository\org\hibernate\validator\hibernate-validator\6.0.9.Final\hibernate-validator-6.0.9.Final.jar;C:\Users\xcm1030\.m2\repository\javax\validation\validation-api\2.0.1.Final\validation-api-2.0.1.Final.jar;C:\Users\xcm1030\.m2\repository\org\jboss\logging\jboss-logging\3.3.2.Final\jboss-logging-3.3.2.Final.jar;C:\Users\xcm1030\.m2\repository\com\fasterxml\classmate\1.3.4\classmate-1.3.4.jar;C:\Users\xcm1030\.m2\repository\org\springframework\spring-web\5.0.6.RELEASE\spring-web-5.0.6.RELEASE.jar;C:\Users\xcm1030\.m2\repository\org\springframework\spring-webmvc\5.0.6.RELEASE\spring-webmvc-5.0.6.RELEASE.jar;C:\Users\xcm1030\.m2\repository\org\springframework\boot\spring-boot-starter-jersey\2.0.2.RELEASE\spring-boot-starter-jersey-2.0.2.RELEASE.jar;C:\Users\xcm1030\.m2\repository\org\springframework\boot\spring-boot-starter-validation\2.0.2.RELEASE\spring-boot-starter-validation-2.0.2.RELEASE.jar;C:\Users\xcm1030\.m2\repository\org\glassfish\jersey\core\jersey-server\2.26\jersey-server-2.26.jar;C:\Users\xcm1030\.m2\repository\org\glassfish\jersey\core\jersey-common\2.26\jersey-common-2.26.jar;C:\Users\xcm1030\.m2\repository\org\glassfish\hk2\osgi-resource-locator\1.0.1\osgi-resource-locator-1.0.1.jar;C:\Users\xcm1030\.m2\repository\org\glassfish\jersey\core\jersey-client\2.26\jersey-client-2.26.jar;C:\Users\xcm1030\.m2\repository\javax\ws\rs\javax.ws.rs-api\2.1\javax.ws.rs-api-2.1.jar;C:\Users\xcm1030\.m2\repository\org\glassfish\jersey\media\jersey-media-jaxb\2.26\jersey-media-jaxb-2.26.jar;C:\Users\xcm1030\.m2\repository\org\glassfish\jersey\containers\jersey-container-servlet-core\2.26\jersey-container-servlet-core-2.26.jar;C:\Users\xcm1030\.m2\repository\org\glassfish\jersey\containers\jersey-container-servlet\2.26\jersey-container-servlet-2.26.jar;C:\Users\xcm1030\.m2\repository\org\glassfish\jersey\ext\jersey-bean-validation\2.26\jersey-bean-validation-2.26.jar;C:\Users\xcm1030\.m2\repository\org\glassfish\jersey\ext\jersey-spring4\2.26\jersey-spring4-2.26.jar;C:\Users\xcm1030\.m2\repository\org\glassfish\jersey\inject\jersey-hk2\2.26\jersey-hk2-2.26.jar;C:\Users\xcm1030\.m2\repository\org\glassfish\hk2\hk2-locator\2.5.0-b42\hk2-locator-2.5.0-b42.jar;C:\Users\xcm1030\.m2\repository\org\glassfish\hk2\external\aopalliance-repackaged\2.5.0-b42\aopalliance-repackaged-2.5.0-b42.jar;C:\Users\xcm1030\.m2\repository\org\javassist\javassist\3.22.0-CR2\javassist-3.22.0-CR2.jar;C:\Users\xcm1030\.m2\repository\org\glassfish\hk2\hk2\2.5.0-b42\hk2-2.5.0-b42.jar;C:\Users\xcm1030\.m2\repository\org\glassfish\hk2\hk2-utils\2.5.0-b42\hk2-utils-2.5.0-b42.jar;C:\Users\xcm1030\.m2\repository\javax\inject\javax.inject\1\javax.inject-1.jar;C:\Users\xcm1030\.m2\repository\org\glassfish\hk2\hk2-api\2.5.0-b42\hk2-api-2.5.0-b42.jar;C:\Users\xcm1030\.m2\repository\org\glassfish\hk2\config-types\2.5.0-b42\config-types-2.5.0-b42.jar;C:\Users\xcm1030\.m2\repository\org\glassfish\hk2\hk2-core\2.5.0-b42\hk2-core-2.5.0-b42.jar;C:\Users\xcm1030\.m2\repository\org\glassfish\hk2\hk2-config\2.5.0-b42\hk2-config-2.5.0-b42.jar;C:\Users\xcm1030\.m2\repository\org\glassfish\hk2\hk2-runlevel\2.5.0-b42\hk2-runlevel-2.5.0-b42.jar;C:\Users\xcm1030\.m2\repository\org\glassfish\hk2\class-model\2.5.0-b42\class-model-2.5.0-b42.jar;C:\Users\xcm1030\.m2\repository\org\glassfish\hk2\external\asm-all-repackaged\2.5.0-b42\asm-all-repackaged-2.5.0-b42.jar;C:\Users\xcm1030\.m2\repository\org\glassfish\hk2\spring-bridge\2.5.0-b42\spring-bridge-2.5.0-b42.jar;C:\Users\xcm1030\.m2\repository\org\glassfish\jersey\media\jersey-media-json-jackson\2.26\jersey-media-json-jackson-2.26.jar;C:\Users\xcm1030\.m2\repository\org\glassfish\jersey\ext\jersey-entity-filtering\2.26\jersey-entity-filtering-2.26.jar;C:\Users\xcm1030\.m2\repository\com\fasterxml\jackson\module\jackson-module-jaxb-annotations\2.9.5\jackson-module-jaxb-annotations-2.9.5.jar;C:\Users\xcm1030\.m2\repository\org\camunda\bpm\webapp\camunda-webapp-webjar\7.9.0\camunda-webapp-webjar-7.9.0.jar;C:\Users\xcm1030\.m2\repository\org\camunda\bpm\camunda-external-task-client\1.0.0\camunda-external-task-client-1.0.0.jar;C:\Users\xcm1030\.m2\repository\org\camunda\commons\camunda-commons-logging\1.5.0\camunda-commons-logging-1.5.0.jar;C:\Users\xcm1030\.m2\repository\org\camunda\commons\camunda-commons-typed-values\1.5.0\camunda-commons-typed-values-1.5.0.jar;C:\Users\xcm1030\.m2\repository\org\camunda\commons\camunda-commons-utils\1.5.0\camunda-commons-utils-1.5.0.jar;C:\Users\xcm1030\.m2\repository\org\apache\httpcomponents\httpclient\4.5.5\httpclient-4.5.5.jar;C:\Users\xcm1030\.m2\repository\org\apache\httpcomponents\httpcore\4.4.9\httpcore-4.4.9.jar;C:\Users\xcm1030\.m2\repository\commons-codec\commons-codec\1.11\commons-codec-1.11.jar;C:\Users\xcm1030\.m2\repository\com\fasterxml\jackson\core\jackson-databind\2.9.5\jackson-databind-2.9.5.jar;C:\Users\xcm1030\.m2\repository\com\fasterxml\jackson\core\jackson-annotations\2.9.0\jackson-annotations-2.9.0.jar;C:\Users\xcm1030\.m2\repository\com\fasterxml\jackson\core\jackson-core\2.9.5\jackson-core-2.9.5.jar;C:\Users\xcm1030\.m2\repository\com\h2database\h2\1.4.197\h2-1.4.197.jar;, user.name=xcm1030, java.vm.specification.version=1.8, sun.java.command=C:\Users\xcm1030\Documents\77_Programme\eclipse-workspace-camunda\okvp-zahlungsverkehr-auftrag-prozess-v001\target\surefire\surefirebooter1754844844131799962.jar C:\Users\xcm1030\Documents\77_Programme\eclipse-workspace-camunda\okvp-zahlungsverkehr-auftrag-prozess-v001\target\surefire\surefire8599593104929826084tmp C:\Users\xcm1030\Documents\77_Programme\eclipse-workspace-camunda\okvp-zahlungsverkehr-auftrag-prozess-v001\target\surefire\surefire_05825451022202649541tmp, java.home=C:\ProgramData\JAVASOFT\JRE\1.8.0, sun.arch.data.model=64, user.language=de, java.specification.vendor=Oracle Corporation, awt.toolkit=sun.awt.windows.WToolkit, java.vm.info=mixed mode, java.version=1.8.0_181, java.ext.dirs=C:\ProgramData\JAVASOFT\JRE\1.8.0\lib\ext;C:\WINDOWS\Sun\Java\lib\ext, sun.boot.class.path=C:\ProgramData\JAVASOFT\JRE\1.8.0\lib\resources.jar;C:\ProgramData\JAVASOFT\JRE\1.8.0\lib\rt.jar;C:\ProgramData\JAVASOFT\JRE\1.8.0\lib\sunrsasign.jar;C:\ProgramData\JAVASOFT\JRE\1.8.0\lib\jsse.jar;C:\ProgramData\JAVASOFT\JRE\1.8.0\lib\jce.jar;C:\ProgramData\JAVASOFT\JRE\1.8.0\lib\charsets.jar;C:\ProgramData\JAVASOFT\JRE\1.8.0\lib\jfr.jar;C:\ProgramData\JAVASOFT\JRE\1.8.0\classes, java.vendor=Oracle Corporation, localRepository=C:\Users\xcm1030\.m2\repository, file.separator=\, java.vendor.url.bug=http://bugreport.sun.com/bugreport/, sun.io.unicode.encoding=UnicodeLittle, sun.cpu.endian=little, sun.desktop=windows, sun.cpu.isalist=amd64}}, SystemEnvironmentPropertySource@758013696 {name=&apos;systemEnvironment&apos;, properties={PATH=C:/ProgramData/Javasoft/JRE/1.8.0/bin/server;C:/ProgramData/Javasoft/JRE/1.8.0/bin;C:/ProgramData/Javasoft/JRE/1.8.0/lib/amd64;C:\Program Files (x86)\Common Files\Oracle\Java\javapath;C:\Interne\Programme\Perl\site\bin;C:\Interne\Programme\Perl\bin;C:\WINDOWS\system32;C:\WINDOWS;C:\WINDOWS\System32\Wbem;C:\WINDOWS\System32\WindowsPowerShell\v1.0\;C:\WINDOWS\SysWOW64\isvTools\;C:\Windows\SysWOW64\isvTools;C:\interne\Programme\SM9333\plugins\com.hp.ov.sm.client.thirdparty_9.33.3000\lib;C:\Interne\Programme\SQLLIB\bin;C:\WINDOWS\System32\WindowsPowerShell\v1.0\;C:\WINDOWS\System32\WindowsPowerShell\v1.0\;C:\Interne\Programme\Mozilla Firefox;C:\Program Files\nodejs\;C:\Users\xcm1030\AppData\Roaming\npm;C:\Users\xcm1030\Documents\77_Programme\Git\cmd;C:\Users\xcm1030\Documents\77_Programme\eclipse-camunda\eclipse;, PROCESSOR_LEVEL=6, SYSTEMDRIVE=C:, FP_NO_HOST_CHECK=NO, SESSIONNAME=Console, ALLUSERSPROFILE=C:\ProgramData, PROCESSOR_ARCHITECTURE=AMD64, JBF=C:\ProgramData\JBF, PROGRAMFILES=C:\Program Files, PSMODULEPATH=C:\WINDOWS\system32\WindowsPowerShell\v1.0\Modules\, PROGRAMDATA=C:\ProgramData, USERNAME=xcm1030, USERDNSDOMAIN=FIDUDOM.FIDUCIA.DE, PATHEXT=.COM;.EXE;.BAT;.CMD;.VBS;.VBE;.JS;.JSE;.WSF;.WSH;.MSC, SYSAPPS=C:\Interne\Programme, SYSLOGPATH=C:\Interne\Logs, WINDIR=C:\WINDOWS, ALIVE_JDBC_ROOT=C:\interne\Programme\alive\jdbc\V1.03-01\, HOMEPATH=\Users\xcm1030, PROCESSOR_IDENTIFIER=Intel64 Family 6 Model 78 Stepping 3, GenuineIntel, WINDOWS_TRACING_LOGFILE=C:\BVTBin\Tests\installpackage\csilogfile.log, PUBLIC=C:\Users\Public, =::=::\, JAVAPAC=C:\ProgramData\JBF\Temp\javapac, LOCALAPPDATA=C:\Users\xcm1030\AppData\Local, COMMONPROGRAMFILES(X86)=C:\Program Files (x86)\Common Files, USERDOMAIN=FIDUDOM, LOGONSERVER=\\FZ0049YP, PROMPT=$P$G, PROGRAMFILES(X86)=C:\Program Files (x86), WINDOWS_TRACING_FLAGS=3, =C:=C:\Users\xcm1030\Documents\77_Programme\eclipse-workspace-camunda\okvp-zahlungsverkehr-auftrag-prozess-v001, APPDATA=C:\Users\xcm1030\AppData\Roaming, JBFJAVAWSBIN=C:\ProgramData\JBF\FIDJWS\jbfjavawsw.exe, PROGRAMW6432=C:\Program Files, SYSTEMROOT=C:\WINDOWS, JBFCOMMON=C:\ProgramData\JBF\agree21, OS=Windows_NT, COMMONPROGRAMW6432=C:\Program Files\Common Files, COMPUTERNAME=C1118CE1, COMMONPROGRAMFILES=C:\Program Files\Common Files, COMSPEC=C:\WINDOWS\system32\cmd.exe, PROCESSOR_REVISION=4e03, UATDATA=C:\WINDOWS\SysWOW64\CCM\UATData\D9F8C395-CAB8-491d-B8AC-179A1FE1BE77, INTLOG=C:\Interne\Logs, TEMP=C:\Users\xcm1030\AppData\Local\Temp, HOMEDRIVE=C:, USERPROFILE=C:\Users\xcm1030, TMP=C:\Users\xcm1030\AppData\Local\Temp, NUMBER_OF_PROCESSORS=4, LOGPATH=C:\Interne\Logs}}]
21:00:29.637 [main] DEBUG org.springframework.core.io.support.PathMatchingResourcePatternResolver - Resolved classpath location [de/fiduciagad/okvp/zahlungsverkehr/auftrag/prozess/test/v001/] to resources [URL [file:/C:/Users/xcm1030/Documents/77_Programme/eclipse-workspace-camunda/okvp-zahlungsverkehr-auftrag-prozess-v001/target/test-classes/de/fiduciagad/okvp/zahlungsverkehr/auftrag/prozess/test/v001/]]
21:00:29.638 [main] DEBUG org.springframework.core.io.support.PathMatchingResourcePatternResolver - Looking for matching resources in directory tree [C:\Users\xcm1030\Documents\77_Programme\eclipse-workspace-camunda\okvp-zahlungsverkehr-auftrag-prozess-v001\target\test-classes\de\fiduciagad\okvp\zahlungsverkehr\auftrag\prozess\test\v001]
21:00:29.639 [main] DEBUG org.springframework.core.io.support.PathMatchingResourcePatternResolver - Searching directory [C:\Users\xcm1030\Documents\77_Programme\eclipse-workspace-camunda\okvp-zahlungsverkehr-auftrag-prozess-v001\target\test-classes\de\fiduciagad\okvp\zahlungsverkehr\auftrag\prozess\test\v001] for files matching pattern [C:/Users/xcm1030/Documents/77_Programme/eclipse-workspace-camunda/okvp-zahlungsverkehr-auftrag-prozess-v001/target/test-classes/de/fiduciagad/okvp/zahlungsverkehr/auftrag/prozess/test/v001/*.class]
21:00:29.644 [main] DEBUG org.springframework.core.io.support.PathMatchingResourcePatternResolver - Resolved location pattern [classpath*:de/fiduciagad/okvp/zahlungsverkehr/auftrag/prozess/test/v001/*.class] to resources [file [C:\Users\xcm1030\Documents\77_Programme\eclipse-workspace-camunda\okvp-zahlungsverkehr-auftrag-prozess-v001\target\test-classes\de\fiduciagad\okvp\zahlungsverkehr\auftrag\prozess\test\v001\FreigabeprozessServiceProviderTest.class], file [C:\Users\xcm1030\Documents\77_Programme\eclipse-workspace-camunda\okvp-zahlungsverkehr-auftrag-prozess-v001\target\test-classes\de\fiduciagad\okvp\zahlungsverkehr\auftrag\prozess\test\v001\FreigabeprozessServiceProviderTestIT.class]]
21:00:29.687 [main] DEBUG org.springframework.core.io.support.PathMatchingResourcePatternResolver - Resolved classpath location [de/fiduciagad/okvp/zahlungsverkehr/auftrag/prozess/test/] to resources [URL [file:/C:/Users/xcm1030/Documents/77_Programme/eclipse-workspace-camunda/okvp-zahlungsverkehr-auftrag-prozess-v001/target/test-classes/de/fiduciagad/okvp/zahlungsverkehr/auftrag/prozess/test/]]
21:00:29.688 [main] DEBUG org.springframework.core.io.support.PathMatchingResourcePatternResolver - Looking for matching resources in directory tree [C:\Users\xcm1030\Documents\77_Programme\eclipse-workspace-camunda\okvp-zahlungsverkehr-auftrag-prozess-v001\target\test-classes\de\fiduciagad\okvp\zahlungsverkehr\auftrag\prozess\test]
21:00:29.689 [main] DEBUG org.springframework.core.io.support.PathMatchingResourcePatternResolver - Searching directory [C:\Users\xcm1030\Documents\77_Programme\eclipse-workspace-camunda\okvp-zahlungsverkehr-auftrag-prozess-v001\target\test-classes\de\fiduciagad\okvp\zahlungsverkehr\auftrag\prozess\test] for files matching pattern [C:/Users/xcm1030/Documents/77_Programme/eclipse-workspace-camunda/okvp-zahlungsverkehr-auftrag-prozess-v001/target/test-classes/de/fiduciagad/okvp/zahlungsverkehr/auftrag/prozess/test/*.class]
21:00:29.690 [main] DEBUG org.springframework.core.io.support.PathMatchingResourcePatternResolver - Resolved location pattern [classpath*:de/fiduciagad/okvp/zahlungsverkehr/auftrag/prozess/test/*.class] to resources []
21:00:29.691 [main] DEBUG org.springframework.core.io.support.PathMatchingResourcePatternResolver - Resolved classpath location [de/fiduciagad/okvp/zahlungsverkehr/auftrag/prozess/] to resources [URL [file:/C:/Users/xcm1030/Documents/77_Programme/eclipse-workspace-camunda/okvp-zahlungsverkehr-auftrag-prozess-v001/target/test-classes/de/fiduciagad/okvp/zahlungsverkehr/auftrag/prozess/], URL [file:/C:/Users/xcm1030/Documents/77_Programme/eclipse-workspace-camunda/okvp-zahlungsverkehr-auftrag-prozess-v001/target/classes/de/fiduciagad/okvp/zahlungsverkehr/auftrag/prozess/]]
21:00:29.692 [main] DEBUG org.springframework.core.io.support.PathMatchingResourcePatternResolver - Looking for matching resources in directory tree [C:\Users\xcm1030\Documents\77_Programme\eclipse-workspace-camunda\okvp-zahlungsverkehr-auftrag-prozess-v001\target\test-classes\de\fiduciagad\okvp\zahlungsverkehr\auftrag\prozess]
21:00:29.692 [main] DEBUG org.springframework.core.io.support.PathMatchingResourcePatternResolver - Searching directory [C:\Users\xcm1030\Documents\77_Programme\eclipse-workspace-camunda\okvp-zahlungsverkehr-auftrag-prozess-v001\target\test-classes\de\fiduciagad\okvp\zahlungsverkehr\auftrag\prozess] for files matching pattern [C:/Users/xcm1030/Documents/77_Programme/eclipse-workspace-camunda/okvp-zahlungsverkehr-auftrag-prozess-v001/target/test-classes/de/fiduciagad/okvp/zahlungsverkehr/auftrag/prozess/*.class]
21:00:29.693 [main] DEBUG org.springframework.core.io.support.PathMatchingResourcePatternResolver - Looking for matching resources in directory tree [C:\Users\xcm1030\Documents\77_Programme\eclipse-workspace-camunda\okvp-zahlungsverkehr-auftrag-prozess-v001\target\classes\de\fiduciagad\okvp\zahlungsverkehr\auftrag\prozess]
21:00:29.696 [main] DEBUG org.springframework.core.io.support.PathMatchingResourcePatternResolver - Searching directory [C:\Users\xcm1030\Documents\77_Programme\eclipse-workspace-camunda\okvp-zahlungsverkehr-auftrag-prozess-v001\target\classes\de\fiduciagad\okvp\zahlungsverkehr\auftrag\prozess] for files matching pattern [C:/Users/xcm1030/Documents/77_Programme/eclipse-workspace-camunda/okvp-zahlungsverkehr-auftrag-prozess-v001/target/classes/de/fiduciagad/okvp/zahlungsverkehr/auftrag/prozess/*.class]
21:00:29.698 [main] DEBUG org.springframework.core.io.support.PathMatchingResourcePatternResolver - Resolved location pattern [classpath*:de/fiduciagad/okvp/zahlungsverkehr/auftrag/prozess/*.class] to resources []
21:00:29.699 [main] DEBUG org.springframework.core.io.support.PathMatchingResourcePatternResolver - Resolved classpath location [de/fiduciagad/okvp/zahlungsverkehr/auftrag/] to resources [URL [file:/C:/Users/xcm1030/Documents/77_Programme/eclipse-workspace-camunda/okvp-zahlungsverkehr-auftrag-prozess-v001/target/test-classes/de/fiduciagad/okvp/zahlungsverkehr/auftrag/], URL [file:/C:/Users/xcm1030/Documents/77_Programme/eclipse-workspace-camunda/okvp-zahlungsverkehr-auftrag-prozess-v001/target/classes/de/fiduciagad/okvp/zahlungsverkehr/auftrag/]]
21:00:29.699 [main] DEBUG org.springframework.core.io.support.PathMatchingResourcePatternResolver - Looking for matching resources in directory tree [C:\Users\xcm1030\Documents\77_Programme\eclipse-workspace-camunda\okvp-zahlungsverkehr-auftrag-prozess-v001\target\test-classes\de\fiduciagad\okvp\zahlungsverkehr\auftrag]
21:00:29.700 [main] DEBUG org.springframework.core.io.support.PathMatchingResourcePatternResolver - Searching directory [C:\Users\xcm1030\Documents\77_Programme\eclipse-workspace-camunda\okvp-zahlungsverkehr-auftrag-prozess-v001\target\test-classes\de\fiduciagad\okvp\zahlungsverkehr\auftrag] for files matching pattern [C:/Users/xcm1030/Documents/77_Programme/eclipse-workspace-camunda/okvp-zahlungsverkehr-auftrag-prozess-v001/target/test-classes/de/fiduciagad/okvp/zahlungsverkehr/auftrag/*.class]
21:00:29.701 [main] DEBUG org.springframework.core.io.support.PathMatchingResourcePatternResolver - Looking for matching resources in directory tree [C:\Users\xcm1030\Documents\77_Programme\eclipse-workspace-camunda\okvp-zahlungsverkehr-auftrag-prozess-v001\target\classes\de\fiduciagad\okvp\zahlungsverkehr\auftrag]
21:00:29.701 [main] DEBUG org.springframework.core.io.support.PathMatchingResourcePatternResolver - Searching directory [C:\Users\xcm1030\Documents\77_Programme\eclipse-workspace-camunda\okvp-zahlungsverkehr-auftrag-prozess-v001\target\classes\de\fiduciagad\okvp\zahlungsverkehr\auftrag] for files matching pattern [C:/Users/xcm1030/Documents/77_Programme/eclipse-workspace-camunda/okvp-zahlungsverkehr-auftrag-prozess-v001/target/classes/de/fiduciagad/okvp/zahlungsverkehr/auftrag/*.class]
21:00:29.702 [main] DEBUG org.springframework.core.io.support.PathMatchingResourcePatternResolver - Resolved location pattern [classpath*:de/fiduciagad/okvp/zahlungsverkehr/auftrag/*.class] to resources []
21:00:29.703 [main] DEBUG org.springframework.core.io.support.PathMatchingResourcePatternResolver - Resolved classpath location [de/fiduciagad/okvp/zahlungsverkehr/] to resources [URL [file:/C:/Users/xcm1030/Documents/77_Programme/eclipse-workspace-camunda/okvp-zahlungsverkehr-auftrag-prozess-v001/target/test-classes/de/fiduciagad/okvp/zahlungsverkehr/], URL [file:/C:/Users/xcm1030/Documents/77_Programme/eclipse-workspace-camunda/okvp-zahlungsverkehr-auftrag-prozess-v001/target/classes/de/fiduciagad/okvp/zahlungsverkehr/]]
21:00:29.704 [main] DEBUG org.springframework.core.io.support.PathMatchingResourcePatternResolver - Looking for matching resources in directory tree [C:\Users\xcm1030\Documents\77_Programme\eclipse-workspace-camunda\okvp-zahlungsverkehr-auftrag-prozess-v001\target\test-classes\de\fiduciagad\okvp\zahlungsverkehr]
21:00:29.704 [main] DEBUG org.springframework.core.io.support.PathMatchingResourcePatternResolver - Searching directory [C:\Users\xcm1030\Documents\77_Programme\eclipse-workspace-camunda\okvp-zahlungsverkehr-auftrag-prozess-v001\target\test-classes\de\fiduciagad\okvp\zahlungsverkehr] for files matching pattern [C:/Users/xcm1030/Documents/77_Programme/eclipse-workspace-camunda/okvp-zahlungsverkehr-auftrag-prozess-v001/target/test-classes/de/fiduciagad/okvp/zahlungsverkehr/*.class]
21:00:29.705 [main] DEBUG org.springframework.core.io.support.PathMatchingResourcePatternResolver - Looking for matching resources in directory tree [C:\Users\xcm1030\Documents\77_Programme\eclipse-workspace-camunda\okvp-zahlungsverkehr-auftrag-prozess-v001\target\classes\de\fiduciagad\okvp\zahlungsverkehr]
21:00:29.706 [main] DEBUG org.springframework.core.io.support.PathMatchingResourcePatternResolver - Searching directory [C:\Users\xcm1030\Documents\77_Programme\eclipse-workspace-camunda\okvp-zahlungsverkehr-auftrag-prozess-v001\target\classes\de\fiduciagad\okvp\zahlungsverkehr] for files matching pattern [C:/Users/xcm1030/Documents/77_Programme/eclipse-workspace-camunda/okvp-zahlungsverkehr-auftrag-prozess-v001/target/classes/de/fiduciagad/okvp/zahlungsverkehr/*.class]
21:00:29.707 [main] DEBUG org.springframework.core.io.support.PathMatchingResourcePatternResolver - Resolved location pattern [classpath*:de/fiduciagad/okvp/zahlungsverkehr/*.class] to resources []
21:00:29.708 [main] DEBUG org.springframework.core.io.support.PathMatchingResourcePatternResolver - Resolved classpath location [de/fiduciagad/okvp/] to resources [URL [file:/C:/Users/xcm1030/Documents/77_Programme/eclipse-workspace-camunda/okvp-zahlungsverkehr-auftrag-prozess-v001/target/test-classes/de/fiduciagad/okvp/], URL [file:/C:/Users/xcm1030/Documents/77_Programme/eclipse-workspace-camunda/okvp-zahlungsverkehr-auftrag-prozess-v001/target/classes/de/fiduciagad/okvp/]]
21:00:29.708 [main] DEBUG org.springframework.core.io.support.PathMatchingResourcePatternResolver - Looking for matching resources in directory tree [C:\Users\xcm1030\Documents\77_Programme\eclipse-workspace-camunda\okvp-zahlungsverkehr-auftrag-prozess-v001\target\test-classes\de\fiduciagad\okvp]
21:00:29.709 [main] DEBUG org.springframework.core.io.support.PathMatchingResourcePatternResolver - Searching directory [C:\Users\xcm1030\Documents\77_Programme\eclipse-workspace-camunda\okvp-zahlungsverkehr-auftrag-prozess-v001\target\test-classes\de\fiduciagad\okvp] for files matching pattern [C:/Users/xcm1030/Documents/77_Programme/eclipse-workspace-camunda/okvp-zahlungsverkehr-auftrag-prozess-v001/target/test-classes/de/fiduciagad/okvp/*.class]
21:00:29.710 [main] DEBUG org.springframework.core.io.support.PathMatchingResourcePatternResolver - Looking for matching resources in directory tree [C:\Users\xcm1030\Documents\77_Programme\eclipse-workspace-camunda\okvp-zahlungsverkehr-auftrag-prozess-v001\target\classes\de\fiduciagad\okvp]
21:00:29.710 [main] DEBUG org.springframework.core.io.support.PathMatchingResourcePatternResolver - Searching directory [C:\Users\xcm1030\Documents\77_Programme\eclipse-workspace-camunda\okvp-zahlungsverkehr-auftrag-prozess-v001\target\classes\de\fiduciagad\okvp] for files matching pattern [C:/Users/xcm1030/Documents/77_Programme/eclipse-workspace-camunda/okvp-zahlungsverkehr-auftrag-prozess-v001/target/classes/de/fiduciagad/okvp/*.class]
21:00:29.711 [main] DEBUG org.springframework.core.io.support.PathMatchingResourcePatternResolver - Resolved location pattern [classpath*:de/fiduciagad/okvp/*.class] to resources []
21:00:29.712 [main] DEBUG org.springframework.core.io.support.PathMatchingResourcePatternResolver - Resolved classpath location [de/fiduciagad/] to resources [URL [file:/C:/Users/xcm1030/Documents/77_Programme/eclipse-workspace-camunda/okvp-zahlungsverkehr-auftrag-prozess-v001/target/test-classes/de/fiduciagad/], URL [file:/C:/Users/xcm1030/Documents/77_Programme/eclipse-workspace-camunda/okvp-zahlungsverkehr-auftrag-prozess-v001/target/classes/de/fiduciagad/]]
21:00:29.712 [main] DEBUG org.springframework.core.io.support.PathMatchingResourcePatternResolver - Looking for matching resources in directory tree [C:\Users\xcm1030\Documents\77_Programme\eclipse-workspace-camunda\okvp-zahlungsverkehr-auftrag-prozess-v001\target\test-classes\de\fiduciagad]
21:00:29.712 [main] DEBUG org.springframework.core.io.support.PathMatchingResourcePatternResolver - Searching directory [C:\Users\xcm1030\Documents\77_Programme\eclipse-workspace-camunda\okvp-zahlungsverkehr-auftrag-prozess-v001\target\test-classes\de\fiduciagad] for files matching pattern [C:/Users/xcm1030/Documents/77_Programme/eclipse-workspace-camunda/okvp-zahlungsverkehr-auftrag-prozess-v001/target/test-classes/de/fiduciagad/*.class]
21:00:29.713 [main] DEBUG org.springframework.core.io.support.PathMatchingResourcePatternResolver - Looking for matching resources in directory tree [C:\Users\xcm1030\Documents\77_Programme\eclipse-workspace-camunda\okvp-zahlungsverkehr-auftrag-prozess-v001\target\classes\de\fiduciagad]
21:00:29.714 [main] DEBUG org.springframework.core.io.support.PathMatchingResourcePatternResolver - Searching directory [C:\Users\xcm1030\Documents\77_Programme\eclipse-workspace-camunda\okvp-zahlungsverkehr-auftrag-prozess-v001\target\classes\de\fiduciagad] for files matching pattern [C:/Users/xcm1030/Documents/77_Programme/eclipse-workspace-camunda/okvp-zahlungsverkehr-auftrag-prozess-v001/target/classes/de/fiduciagad/*.class]
21:00:29.715 [main] DEBUG org.springframework.core.io.support.PathMatchingResourcePatternResolver - Resolved location pattern [classpath*:de/fiduciagad/*.class] to resources []
21:00:29.716 [main] DEBUG org.springframework.core.io.support.PathMatchingResourcePatternResolver - Resolved classpath location [de/] to resources [URL [file:/C:/Users/xcm1030/Documents/77_Programme/eclipse-workspace-camunda/okvp-zahlungsverkehr-auftrag-prozess-v001/target/test-classes/de/], URL [file:/C:/Users/xcm1030/Documents/77_Programme/eclipse-workspace-camunda/okvp-zahlungsverkehr-auftrag-prozess-v001/target/classes/de/]]
21:00:29.716 [main] DEBUG org.springframework.core.io.support.PathMatchingResourcePatternResolver - Looking for matching resources in directory tree [C:\Users\xcm1030\Documents\77_Programme\eclipse-workspace-camunda\okvp-zahlungsverkehr-auftrag-prozess-v001\target\test-classes\de]
21:00:29.716 [main] DEBUG org.springframework.core.io.support.PathMatchingResourcePatternResolver - Searching directory [C:\Users\xcm1030\Documents\77_Programme\eclipse-workspace-camunda\okvp-zahlungsverkehr-auftrag-prozess-v001\target\test-classes\de] for files matching pattern [C:/Users/xcm1030/Documents/77_Programme/eclipse-workspace-camunda/okvp-zahlungsverkehr-auftrag-prozess-v001/target/test-classes/de/*.class]
21:00:29.717 [main] DEBUG org.springframework.core.io.support.PathMatchingResourcePatternResolver - Looking for matching resources in directory tree [C:\Users\xcm1030\Documents\77_Programme\eclipse-workspace-camunda\okvp-zahlungsverkehr-auftrag-prozess-v001\target\classes\de]
21:00:29.718 [main] DEBUG org.springframework.core.io.support.PathMatchingResourcePatternResolver - Searching directory [C:\Users\xcm1030\Documents\77_Programme\eclipse-workspace-camunda\okvp-zahlungsverkehr-auftrag-prozess-v001\target\classes\de] for files matching pattern [C:/Users/xcm1030/Documents/77_Programme/eclipse-workspace-camunda/okvp-zahlungsverkehr-auftrag-prozess-v001/target/classes/de/*.class]
21:00:29.719 [main] DEBUG org.springframework.core.io.support.PathMatchingResourcePatternResolver - Resolved location pattern [classpath*:de/*.class] to resources []
</system-out>
  </testcase>
</testsuite>